[0.798s] Invoking command in '/home/robousr/Documents/Practicas_ROS2/ros2_ws/build/examples_rclpy_minimal_action_server': PYTHONPATH=/home/robousr/Documents/Practicas_ROS2/ros2_ws/build/examples_rclpy_minimal_action_server/prefix_override:/usr/lib/python3/dist-packages/colcon_core/task/python/colcon_distutils_commands:/home/robousr/Documents/Practicas_ROS2/ros2_ws/install/examples_rclpy_minimal_action_server/lib/python3.10/site-packages:${PYTHONPATH} /usr/bin/python3 -W ignore:setup.py install is deprecated -W ignore:easy_install command is deprecated setup.py develop --uninstall --editable --build-directory /home/robousr/Documents/Practicas_ROS2/ros2_ws/build/examples_rclpy_minimal_action_server/build
[1.150s] running develop
[1.392s] Removing /home/robousr/Documents/Practicas_ROS2/ros2_ws/install/examples_rclpy_minimal_action_server/lib/python3.10/site-packages/examples-rclpy-minimal-action-server.egg-link (link to .)
[1.687s] Invoked command in '/home/robousr/Documents/Practicas_ROS2/ros2_ws/build/examples_rclpy_minimal_action_server' returned '0': PYTHONPATH=/home/robousr/Documents/Practicas_ROS2/ros2_ws/build/examples_rclpy_minimal_action_server/prefix_override:/usr/lib/python3/dist-packages/colcon_core/task/python/colcon_distutils_commands:/home/robousr/Documents/Practicas_ROS2/ros2_ws/install/examples_rclpy_minimal_action_server/lib/python3.10/site-packages:${PYTHONPATH} /usr/bin/python3 -W ignore:setup.py install is deprecated -W ignore:easy_install command is deprecated setup.py develop --uninstall --editable --build-directory /home/robousr/Documents/Practicas_ROS2/ros2_ws/build/examples_rclpy_minimal_action_server/build
[1.688s] Invoking command in '/home/robousr/Documents/Practicas_ROS2/ros2_ws/src/examples/rclpy/actions/minimal_action_server': PYTHONPATH=/home/robousr/Documents/Practicas_ROS2/ros2_ws/build/examples_rclpy_minimal_action_server/prefix_override:/usr/lib/python3/dist-packages/colcon_core/task/python/colcon_distutils_commands:/home/robousr/Documents/Practicas_ROS2/ros2_ws/install/examples_rclpy_minimal_action_server/lib/python3.10/site-packages:${PYTHONPATH} /usr/bin/python3 -W ignore:setup.py install is deprecated -W ignore:easy_install command is deprecated setup.py egg_info --egg-base ../../../../../build/examples_rclpy_minimal_action_server build --build-base /home/robousr/Documents/Practicas_ROS2/ros2_ws/build/examples_rclpy_minimal_action_server/build install --record /home/robousr/Documents/Practicas_ROS2/ros2_ws/build/examples_rclpy_minimal_action_server/install.log --single-version-externally-managed install_data --force
[2.089s] running egg_info
[2.089s] writing ../../../../../build/examples_rclpy_minimal_action_server/examples_rclpy_minimal_action_server.egg-info/PKG-INFO
[2.090s] writing dependency_links to ../../../../../build/examples_rclpy_minimal_action_server/examples_rclpy_minimal_action_server.egg-info/dependency_links.txt
[2.090s] writing entry points to ../../../../../build/examples_rclpy_minimal_action_server/examples_rclpy_minimal_action_server.egg-info/entry_points.txt
[2.091s] writing requirements to ../../../../../build/examples_rclpy_minimal_action_server/examples_rclpy_minimal_action_server.egg-info/requires.txt
[2.091s] writing top-level names to ../../../../../build/examples_rclpy_minimal_action_server/examples_rclpy_minimal_action_server.egg-info/top_level.txt
[2.094s] reading manifest file '../../../../../build/examples_rclpy_minimal_action_server/examples_rclpy_minimal_action_server.egg-info/SOURCES.txt'
[2.096s] writing manifest file '../../../../../build/examples_rclpy_minimal_action_server/examples_rclpy_minimal_action_server.egg-info/SOURCES.txt'
[2.096s] running build
[2.097s] running build_py
[2.097s] creating /home/robousr/Documents/Practicas_ROS2/ros2_ws/build/examples_rclpy_minimal_action_server/build
[2.097s] creating /home/robousr/Documents/Practicas_ROS2/ros2_ws/build/examples_rclpy_minimal_action_server/build/lib
[2.098s] creating /home/robousr/Documents/Practicas_ROS2/ros2_ws/build/examples_rclpy_minimal_action_server/build/lib/examples_rclpy_minimal_action_server
[2.099s] copying examples_rclpy_minimal_action_server/server.py -> /home/robousr/Documents/Practicas_ROS2/ros2_ws/build/examples_rclpy_minimal_action_server/build/lib/examples_rclpy_minimal_action_server
[2.099s] copying examples_rclpy_minimal_action_server/__init__.py -> /home/robousr/Documents/Practicas_ROS2/ros2_ws/build/examples_rclpy_minimal_action_server/build/lib/examples_rclpy_minimal_action_server
[2.099s] copying examples_rclpy_minimal_action_server/server_queue_goals.py -> /home/robousr/Documents/Practicas_ROS2/ros2_ws/build/examples_rclpy_minimal_action_server/build/lib/examples_rclpy_minimal_action_server
[2.099s] copying examples_rclpy_minimal_action_server/server_defer.py -> /home/robousr/Documents/Practicas_ROS2/ros2_ws/build/examples_rclpy_minimal_action_server/build/lib/examples_rclpy_minimal_action_server
[2.100s] copying examples_rclpy_minimal_action_server/server_not_composable.py -> /home/robousr/Documents/Practicas_ROS2/ros2_ws/build/examples_rclpy_minimal_action_server/build/lib/examples_rclpy_minimal_action_server
[2.100s] copying examples_rclpy_minimal_action_server/server_single_goal.py -> /home/robousr/Documents/Practicas_ROS2/ros2_ws/build/examples_rclpy_minimal_action_server/build/lib/examples_rclpy_minimal_action_server
[2.101s] running install
[2.101s] running install_lib
[2.102s] creating /home/robousr/Documents/Practicas_ROS2/ros2_ws/install/examples_rclpy_minimal_action_server/lib/python3.10/site-packages/examples_rclpy_minimal_action_server
[2.102s] copying /home/robousr/Documents/Practicas_ROS2/ros2_ws/build/examples_rclpy_minimal_action_server/build/lib/examples_rclpy_minimal_action_server/server.py -> /home/robousr/Documents/Practicas_ROS2/ros2_ws/install/examples_rclpy_minimal_action_server/lib/python3.10/site-packages/examples_rclpy_minimal_action_server
[2.103s] copying /home/robousr/Documents/Practicas_ROS2/ros2_ws/build/examples_rclpy_minimal_action_server/build/lib/examples_rclpy_minimal_action_server/__init__.py -> /home/robousr/Documents/Practicas_ROS2/ros2_ws/install/examples_rclpy_minimal_action_server/lib/python3.10/site-packages/examples_rclpy_minimal_action_server
[2.103s] copying /home/robousr/Documents/Practicas_ROS2/ros2_ws/build/examples_rclpy_minimal_action_server/build/lib/examples_rclpy_minimal_action_server/server_queue_goals.py -> /home/robousr/Documents/Practicas_ROS2/ros2_ws/install/examples_rclpy_minimal_action_server/lib/python3.10/site-packages/examples_rclpy_minimal_action_server
[2.104s] copying /home/robousr/Documents/Practicas_ROS2/ros2_ws/build/examples_rclpy_minimal_action_server/build/lib/examples_rclpy_minimal_action_server/server_defer.py -> /home/robousr/Documents/Practicas_ROS2/ros2_ws/install/examples_rclpy_minimal_action_server/lib/python3.10/site-packages/examples_rclpy_minimal_action_server
[2.104s] copying /home/robousr/Documents/Practicas_ROS2/ros2_ws/build/examples_rclpy_minimal_action_server/build/lib/examples_rclpy_minimal_action_server/server_not_composable.py -> /home/robousr/Documents/Practicas_ROS2/ros2_ws/install/examples_rclpy_minimal_action_server/lib/python3.10/site-packages/examples_rclpy_minimal_action_server
[2.104s] copying /home/robousr/Documents/Practicas_ROS2/ros2_ws/build/examples_rclpy_minimal_action_server/build/lib/examples_rclpy_minimal_action_server/server_single_goal.py -> /home/robousr/Documents/Practicas_ROS2/ros2_ws/install/examples_rclpy_minimal_action_server/lib/python3.10/site-packages/examples_rclpy_minimal_action_server
[2.105s] byte-compiling /home/robousr/Documents/Practicas_ROS2/ros2_ws/install/examples_rclpy_minimal_action_server/lib/python3.10/site-packages/examples_rclpy_minimal_action_server/server.py to server.cpython-310.pyc
[2.106s] byte-compiling /home/robousr/Documents/Practicas_ROS2/ros2_ws/install/examples_rclpy_minimal_action_server/lib/python3.10/site-packages/examples_rclpy_minimal_action_server/__init__.py to __init__.cpython-310.pyc
[2.106s] byte-compiling /home/robousr/Documents/Practicas_ROS2/ros2_ws/install/examples_rclpy_minimal_action_server/lib/python3.10/site-packages/examples_rclpy_minimal_action_server/server_queue_goals.py to server_queue_goals.cpython-310.pyc
[2.107s] byte-compiling /home/robousr/Documents/Practicas_ROS2/ros2_ws/install/examples_rclpy_minimal_action_server/lib/python3.10/site-packages/examples_rclpy_minimal_action_server/server_defer.py to server_defer.cpython-310.pyc
[2.109s] byte-compiling /home/robousr/Documents/Practicas_ROS2/ros2_ws/install/examples_rclpy_minimal_action_server/lib/python3.10/site-packages/examples_rclpy_minimal_action_server/server_not_composable.py to server_not_composable.cpython-310.pyc
[2.109s] byte-compiling /home/robousr/Documents/Practicas_ROS2/ros2_ws/install/examples_rclpy_minimal_action_server/lib/python3.10/site-packages/examples_rclpy_minimal_action_server/server_single_goal.py to server_single_goal.cpython-310.pyc
[2.110s] running install_data
[2.111s] copying resource/examples_rclpy_minimal_action_server -> /home/robousr/Documents/Practicas_ROS2/ros2_ws/install/examples_rclpy_minimal_action_server/share/ament_index/resource_index/packages
[2.111s] copying package.xml -> /home/robousr/Documents/Practicas_ROS2/ros2_ws/install/examples_rclpy_minimal_action_server/share/examples_rclpy_minimal_action_server
[2.111s] running install_egg_info
[2.113s] Copying ../../../../../build/examples_rclpy_minimal_action_server/examples_rclpy_minimal_action_server.egg-info to /home/robousr/Documents/Practicas_ROS2/ros2_ws/install/examples_rclpy_minimal_action_server/lib/python3.10/site-packages/examples_rclpy_minimal_action_server-0.15.3-py3.10.egg-info
[2.117s] running install_scripts
[2.138s] Installing server script to /home/robousr/Documents/Practicas_ROS2/ros2_ws/install/examples_rclpy_minimal_action_server/lib/examples_rclpy_minimal_action_server
[2.138s] Installing server_defer script to /home/robousr/Documents/Practicas_ROS2/ros2_ws/install/examples_rclpy_minimal_action_server/lib/examples_rclpy_minimal_action_server
[2.140s] Installing server_not_composable script to /home/robousr/Documents/Practicas_ROS2/ros2_ws/install/examples_rclpy_minimal_action_server/lib/examples_rclpy_minimal_action_server
[2.140s] Installing server_queue_goals script to /home/robousr/Documents/Practicas_ROS2/ros2_ws/install/examples_rclpy_minimal_action_server/lib/examples_rclpy_minimal_action_server
[2.140s] Installing server_single_goal script to /home/robousr/Documents/Practicas_ROS2/ros2_ws/install/examples_rclpy_minimal_action_server/lib/examples_rclpy_minimal_action_server
[2.141s] writing list of installed files to '/home/robousr/Documents/Practicas_ROS2/ros2_ws/build/examples_rclpy_minimal_action_server/install.log'
[2.189s] Invoked command in '/home/robousr/Documents/Practicas_ROS2/ros2_ws/src/examples/rclpy/actions/minimal_action_server' returned '0': PYTHONPATH=/home/robousr/Documents/Practicas_ROS2/ros2_ws/build/examples_rclpy_minimal_action_server/prefix_override:/usr/lib/python3/dist-packages/colcon_core/task/python/colcon_distutils_commands:/home/robousr/Documents/Practicas_ROS2/ros2_ws/install/examples_rclpy_minimal_action_server/lib/python3.10/site-packages:${PYTHONPATH} /usr/bin/python3 -W ignore:setup.py install is deprecated -W ignore:easy_install command is deprecated setup.py egg_info --egg-base ../../../../../build/examples_rclpy_minimal_action_server build --build-base /home/robousr/Documents/Practicas_ROS2/ros2_ws/build/examples_rclpy_minimal_action_server/build install --record /home/robousr/Documents/Practicas_ROS2/ros2_ws/build/examples_rclpy_minimal_action_server/install.log --single-version-externally-managed install_data --force
