[0.027s] Invoking command in '/home/robousr/Documents/Practicas_ROS2/ros2_ws/build/examples_rclcpp_cbg_executor': CMAKE_PREFIX_PATH=${CMAKE_PREFIX_PATH}:/opt/ros/humble /usr/bin/cmake /home/robousr/Documents/Practicas_ROS2/ros2_ws/src/examples/rclcpp/executors/cbg_executor -DCMAKE_INSTALL_PREFIX=/home/robousr/Documents/Practicas_ROS2/ros2_ws/install/examples_rclcpp_cbg_executor
[0.040s] -- Found ament_cmake: 1.3.11 (/opt/ros/humble/share/ament_cmake/cmake)
[0.332s] -- Override CMake install command with custom implementation using symlinks instead of copying resources
[0.356s] -- Found rclcpp: 16.0.12 (/opt/ros/humble/share/rclcpp/cmake)
[0.391s] -- Found rosidl_generator_c: 3.1.6 (/opt/ros/humble/share/rosidl_generator_c/cmake)
[0.394s] -- Found rosidl_adapter: 3.1.6 (/opt/ros/humble/share/rosidl_adapter/cmake)
[0.406s] -- Found rosidl_generator_cpp: 3.1.6 (/opt/ros/humble/share/rosidl_generator_cpp/cmake)
[0.414s] -- Using all available rosidl_typesupport_c: rosidl_typesupport_fastrtps_c;rosidl_typesupport_introspection_c
[0.431s] -- Using all available rosidl_typesupport_cpp: rosidl_typesupport_fastrtps_cpp;rosidl_typesupport_introspection_cpp
[0.466s] -- Found rmw_implementation_cmake: 6.1.2 (/opt/ros/humble/share/rmw_implementation_cmake/cmake)
[0.468s] -- Found rmw_fastrtps_cpp: 6.2.7 (/opt/ros/humble/share/rmw_fastrtps_cpp/cmake)
[0.592s] -- Using RMW implementation 'rmw_fastrtps_cpp' as default
[0.654s] -- Found ament_lint_auto: 0.12.12 (/opt/ros/humble/share/ament_lint_auto/cmake)
[0.913s] -- Added test 'copyright' to check source files copyright and LICENSE
[0.916s] -- Added test 'cppcheck' to perform static code analysis on C / C++ code
[0.917s] -- Configured cppcheck include dirs: /home/robousr/Documents/Practicas_ROS2/ros2_ws/src/examples/rclcpp/executors/cbg_executor/include
[0.917s] -- Configured cppcheck exclude dirs and/or files: 
[0.924s] -- Added test 'cpplint' to check C / C++ code against the Google style
[0.924s] -- Configured cpplint exclude dirs and/or files: 
[0.925s] -- Added test 'lint_cmake' to check CMake code style
[0.932s] -- Added test 'uncrustify' to check C / C++ code style
[0.932s] -- Configured uncrustify additional arguments: 
[0.936s] -- Added test 'xmllint' to check XML markup files
[0.941s] -- Configuring done
[0.999s] -- Generating done
[1.021s] -- Build files have been written to: /home/robousr/Documents/Practicas_ROS2/ros2_ws/build/examples_rclcpp_cbg_executor
[1.045s] Invoked command in '/home/robousr/Documents/Practicas_ROS2/ros2_ws/build/examples_rclcpp_cbg_executor' returned '0': CMAKE_PREFIX_PATH=${CMAKE_PREFIX_PATH}:/opt/ros/humble /usr/bin/cmake /home/robousr/Documents/Practicas_ROS2/ros2_ws/src/examples/rclcpp/executors/cbg_executor -DCMAKE_INSTALL_PREFIX=/home/robousr/Documents/Practicas_ROS2/ros2_ws/install/examples_rclcpp_cbg_executor
[1.046s] Invoking command in '/home/robousr/Documents/Practicas_ROS2/ros2_ws/build/examples_rclcpp_cbg_executor': CMAKE_PREFIX_PATH=${CMAKE_PREFIX_PATH}:/opt/ros/humble /usr/bin/cmake --build /home/robousr/Documents/Practicas_ROS2/ros2_ws/build/examples_rclcpp_cbg_executor -- -j2 -l2
[1.140s] [35m[1mConsolidate compiler generated dependencies of target ping[0m
[1.160s] [35m[1mConsolidate compiler generated dependencies of target pong[0m
[1.211s] [ 30%] Built target ping
[1.215s] [ 60%] Built target pong
[1.233s] [35m[1mConsolidate compiler generated dependencies of target ping_pong[0m
[1.290s] [100%] Built target ping_pong
[1.328s] Invoked command in '/home/robousr/Documents/Practicas_ROS2/ros2_ws/build/examples_rclcpp_cbg_executor' returned '0': CMAKE_PREFIX_PATH=${CMAKE_PREFIX_PATH}:/opt/ros/humble /usr/bin/cmake --build /home/robousr/Documents/Practicas_ROS2/ros2_ws/build/examples_rclcpp_cbg_executor -- -j2 -l2
[1.328s] Invoking command in '/home/robousr/Documents/Practicas_ROS2/ros2_ws/build/examples_rclcpp_cbg_executor': CMAKE_PREFIX_PATH=${CMAKE_PREFIX_PATH}:/opt/ros/humble /usr/bin/cmake --install /home/robousr/Documents/Practicas_ROS2/ros2_ws/build/examples_rclcpp_cbg_executor
[1.346s] -- Install configuration: ""
[1.350s] -- Execute custom install script
[1.352s] -- Up-to-date symlink: /home/robousr/Documents/Practicas_ROS2/ros2_ws/install/examples_rclcpp_cbg_executor/lib/examples_rclcpp_cbg_executor/ping
[1.352s] -- Up-to-date symlink: /home/robousr/Documents/Practicas_ROS2/ros2_ws/install/examples_rclcpp_cbg_executor/lib/examples_rclcpp_cbg_executor/pong
[1.352s] -- Up-to-date symlink: /home/robousr/Documents/Practicas_ROS2/ros2_ws/install/examples_rclcpp_cbg_executor/lib/examples_rclcpp_cbg_executor/ping_pong
[1.354s] -- Up-to-date symlink: /home/robousr/Documents/Practicas_ROS2/ros2_ws/install/examples_rclcpp_cbg_executor/include/examples_rclcpp_cbg_executor/ping_node.hpp
[1.354s] -- Up-to-date symlink: /home/robousr/Documents/Practicas_ROS2/ros2_ws/install/examples_rclcpp_cbg_executor/include/examples_rclcpp_cbg_executor/pong_node.hpp
[1.355s] -- Up-to-date symlink: /home/robousr/Documents/Practicas_ROS2/ros2_ws/install/examples_rclcpp_cbg_executor/share/ament_index/resource_index/package_run_dependencies/examples_rclcpp_cbg_executor
[1.356s] -- Up-to-date symlink: /home/robousr/Documents/Practicas_ROS2/ros2_ws/install/examples_rclcpp_cbg_executor/share/ament_index/resource_index/parent_prefix_path/examples_rclcpp_cbg_executor
[1.357s] -- Up-to-date symlink: /home/robousr/Documents/Practicas_ROS2/ros2_ws/install/examples_rclcpp_cbg_executor/share/examples_rclcpp_cbg_executor/environment/ament_prefix_path.sh
[1.359s] -- Up-to-date symlink: /home/robousr/Documents/Practicas_ROS2/ros2_ws/install/examples_rclcpp_cbg_executor/share/examples_rclcpp_cbg_executor/environment/ament_prefix_path.dsv
[1.359s] -- Up-to-date symlink: /home/robousr/Documents/Practicas_ROS2/ros2_ws/install/examples_rclcpp_cbg_executor/share/examples_rclcpp_cbg_executor/environment/path.sh
[1.359s] -- Up-to-date symlink: /home/robousr/Documents/Practicas_ROS2/ros2_ws/install/examples_rclcpp_cbg_executor/share/examples_rclcpp_cbg_executor/environment/path.dsv
[1.359s] -- Up-to-date symlink: /home/robousr/Documents/Practicas_ROS2/ros2_ws/install/examples_rclcpp_cbg_executor/share/examples_rclcpp_cbg_executor/local_setup.bash
[1.363s] -- Up-to-date symlink: /home/robousr/Documents/Practicas_ROS2/ros2_ws/install/examples_rclcpp_cbg_executor/share/examples_rclcpp_cbg_executor/local_setup.sh
[1.363s] -- Up-to-date symlink: /home/robousr/Documents/Practicas_ROS2/ros2_ws/install/examples_rclcpp_cbg_executor/share/examples_rclcpp_cbg_executor/local_setup.zsh
[1.364s] -- Up-to-date symlink: /home/robousr/Documents/Practicas_ROS2/ros2_ws/install/examples_rclcpp_cbg_executor/share/examples_rclcpp_cbg_executor/local_setup.dsv
[1.364s] -- Symlinking: /home/robousr/Documents/Practicas_ROS2/ros2_ws/install/examples_rclcpp_cbg_executor/share/examples_rclcpp_cbg_executor/package.dsv
[1.387s] -- Up-to-date symlink: /home/robousr/Documents/Practicas_ROS2/ros2_ws/install/examples_rclcpp_cbg_executor/share/ament_index/resource_index/packages/examples_rclcpp_cbg_executor
[1.387s] -- Up-to-date symlink: /home/robousr/Documents/Practicas_ROS2/ros2_ws/install/examples_rclcpp_cbg_executor/share/examples_rclcpp_cbg_executor/cmake/ament_cmake_export_dependencies-extras.cmake
[1.390s] -- Up-to-date symlink: /home/robousr/Documents/Practicas_ROS2/ros2_ws/install/examples_rclcpp_cbg_executor/share/examples_rclcpp_cbg_executor/cmake/examples_rclcpp_cbg_executorConfig.cmake
[1.390s] -- Up-to-date symlink: /home/robousr/Documents/Practicas_ROS2/ros2_ws/install/examples_rclcpp_cbg_executor/share/examples_rclcpp_cbg_executor/cmake/examples_rclcpp_cbg_executorConfig-version.cmake
[1.390s] -- Up-to-date symlink: /home/robousr/Documents/Practicas_ROS2/ros2_ws/install/examples_rclcpp_cbg_executor/share/examples_rclcpp_cbg_executor/package.xml
[1.398s] Invoked command in '/home/robousr/Documents/Practicas_ROS2/ros2_ws/build/examples_rclcpp_cbg_executor' returned '0': CMAKE_PREFIX_PATH=${CMAKE_PREFIX_PATH}:/opt/ros/humble /usr/bin/cmake --install /home/robousr/Documents/Practicas_ROS2/ros2_ws/build/examples_rclcpp_cbg_executor
