[0.013s] Invoking command in '/home/robousr/Documents/Practicas_ROS2/crea_workspace/ros2_ws/build/turtlesim': CMAKE_PREFIX_PATH=${CMAKE_PREFIX_PATH}:/opt/ros/humble /usr/bin/cmake --build /home/robousr/Documents/Practicas_ROS2/crea_workspace/ros2_ws/build/turtlesim -- -j2 -l2
[0.078s] [35m[1mConsolidate compiler generated dependencies of target turtlesim__rosidl_generator_c[0m
[0.090s] [  1%] Built target turtlesim__cpp
[0.097s] [ 11%] Built target turtlesim__rosidl_generator_c
[0.112s] [35m[1mConsolidate compiler generated dependencies of target turtlesim__rosidl_typesupport_cpp[0m
[0.132s] [ 11%] Built target ament_cmake_python_copy_turtlesim
[0.141s] [ 21%] Built target turtlesim__rosidl_typesupport_cpp
[0.155s] [35m[1mConsolidate compiler generated dependencies of target turtlesim__rosidl_typesupport_fastrtps_c[0m
[0.158s] [35m[1mConsolidate compiler generated dependencies of target turtlesim__rosidl_typesupport_fastrtps_cpp[0m
[0.177s] [ 31%] Built target turtlesim__rosidl_typesupport_fastrtps_c
[0.184s] [ 41%] Built target turtlesim__rosidl_typesupport_fastrtps_cpp
[0.190s] [35m[1mConsolidate compiler generated dependencies of target turtlesim__rosidl_typesupport_introspection_c[0m
[0.196s] [35m[1mConsolidate compiler generated dependencies of target turtlesim__rosidl_typesupport_c[0m
[0.210s] [ 51%] Built target turtlesim__rosidl_typesupport_introspection_c
[0.219s] [ 61%] Built target turtlesim__rosidl_typesupport_c
[0.227s] [35m[1mConsolidate compiler generated dependencies of target turtlesim__rosidl_typesupport_introspection_cpp[0m
[0.252s] [ 71%] Built target turtlesim__rosidl_typesupport_introspection_cpp
[0.270s] [35m[1mConsolidate compiler generated dependencies of target turtlesim_node[0m
[0.303s] [ 72%] [32mBuilding CXX object CMakeFiles/turtlesim_node.dir/src/turtle_frame.cpp.o[0m
[0.558s] running egg_info
[0.558s] writing turtlesim.egg-info/PKG-INFO
[0.559s] writing dependency_links to turtlesim.egg-info/dependency_links.txt
[0.559s] writing top-level names to turtlesim.egg-info/top_level.txt
[0.562s] reading manifest file 'turtlesim.egg-info/SOURCES.txt'
[0.563s] writing manifest file 'turtlesim.egg-info/SOURCES.txt'
[0.616s] [ 72%] Built target ament_cmake_python_build_turtlesim_egg
[0.636s] [35m[1mConsolidate compiler generated dependencies of target turtle_teleop_key[0m
[0.666s] [ 74%] Built target turtle_teleop_key
[0.708s] [35m[1mConsolidate compiler generated dependencies of target draw_square[0m
[0.743s] [ 76%] Built target draw_square
[0.765s] [35m[1mConsolidate compiler generated dependencies of target mimic[0m
[0.794s] [ 78%] Built target mimic
[0.850s] [ 78%] Built target turtlesim
[0.913s] [ 79%] Built target turtlesim__py
[0.949s] [35m[1mConsolidate compiler generated dependencies of target turtlesim__rosidl_generator_py[0m
[0.989s] [ 88%] Built target turtlesim__rosidl_generator_py
[1.013s] [35m[1mConsolidate compiler generated dependencies of target turtlesim__rosidl_typesupport_fastrtps_c__pyext[0m
[1.044s] [ 90%] Built target turtlesim__rosidl_typesupport_fastrtps_c__pyext
[1.065s] [35m[1mConsolidate compiler generated dependencies of target turtlesim__rosidl_typesupport_introspection_c__pyext[0m
[1.091s] [ 92%] Built target turtlesim__rosidl_typesupport_introspection_c__pyext
[1.113s] [35m[1mConsolidate compiler generated dependencies of target turtlesim__rosidl_typesupport_c__pyext[0m
[1.133s] [ 94%] Built target turtlesim__rosidl_typesupport_c__pyext
[12.273s] [ 95%] [32m[1mLinking CXX executable turtlesim_node[0m
[14.462s] [100%] Built target turtlesim_node
[14.482s] Invoked command in '/home/robousr/Documents/Practicas_ROS2/crea_workspace/ros2_ws/build/turtlesim' returned '0': CMAKE_PREFIX_PATH=${CMAKE_PREFIX_PATH}:/opt/ros/humble /usr/bin/cmake --build /home/robousr/Documents/Practicas_ROS2/crea_workspace/ros2_ws/build/turtlesim -- -j2 -l2
[14.497s] Invoking command in '/home/robousr/Documents/Practicas_ROS2/crea_workspace/ros2_ws/build/turtlesim': CMAKE_PREFIX_PATH=${CMAKE_PREFIX_PATH}:/opt/ros/humble /usr/bin/cmake --install /home/robousr/Documents/Practicas_ROS2/crea_workspace/ros2_ws/build/turtlesim
[14.507s] -- Install configuration: ""
[14.507s] -- Up-to-date: /home/robousr/Documents/Practicas_ROS2/crea_workspace/ros2_ws/install/turtlesim/share/ament_index/resource_index/rosidl_interfaces/turtlesim
[14.507s] -- Up-to-date: /home/robousr/Documents/Practicas_ROS2/crea_workspace/ros2_ws/install/turtlesim/include/turtlesim/turtlesim
[14.508s] -- Up-to-date: /home/robousr/Documents/Practicas_ROS2/crea_workspace/ros2_ws/install/turtlesim/include/turtlesim/turtlesim/srv
[14.508s] -- Up-to-date: /home/robousr/Documents/Practicas_ROS2/crea_workspace/ros2_ws/install/turtlesim/include/turtlesim/turtlesim/srv/set_pen.h
[14.508s] -- Up-to-date: /home/robousr/Documents/Practicas_ROS2/crea_workspace/ros2_ws/install/turtlesim/include/turtlesim/turtlesim/srv/spawn.h
[14.508s] -- Up-to-date: /home/robousr/Documents/Practicas_ROS2/crea_workspace/ros2_ws/install/turtlesim/include/turtlesim/turtlesim/srv/teleport_relative.h
[14.508s] -- Up-to-date: /home/robousr/Documents/Practicas_ROS2/crea_workspace/ros2_ws/install/turtlesim/include/turtlesim/turtlesim/srv/teleport_absolute.h
[14.508s] -- Up-to-date: /home/robousr/Documents/Practicas_ROS2/crea_workspace/ros2_ws/install/turtlesim/include/turtlesim/turtlesim/srv/kill.h
[14.508s] -- Up-to-date: /home/robousr/Documents/Practicas_ROS2/crea_workspace/ros2_ws/install/turtlesim/include/turtlesim/turtlesim/srv/detail
[14.509s] -- Up-to-date: /home/robousr/Documents/Practicas_ROS2/crea_workspace/ros2_ws/install/turtlesim/include/turtlesim/turtlesim/srv/detail/set_pen__functions.c
[14.509s] -- Up-to-date: /home/robousr/Documents/Practicas_ROS2/crea_workspace/ros2_ws/install/turtlesim/include/turtlesim/turtlesim/srv/detail/kill__type_support.h
[14.509s] -- Up-to-date: /home/robousr/Documents/Practicas_ROS2/crea_workspace/ros2_ws/install/turtlesim/include/turtlesim/turtlesim/srv/detail/teleport_relative__functions.h
[14.509s] -- Up-to-date: /home/robousr/Documents/Practicas_ROS2/crea_workspace/ros2_ws/install/turtlesim/include/turtlesim/turtlesim/srv/detail/teleport_absolute__type_support.h
[14.509s] -- Up-to-date: /home/robousr/Documents/Practicas_ROS2/crea_workspace/ros2_ws/install/turtlesim/include/turtlesim/turtlesim/srv/detail/set_pen__type_support.h
[14.509s] -- Up-to-date: /home/robousr/Documents/Practicas_ROS2/crea_workspace/ros2_ws/install/turtlesim/include/turtlesim/turtlesim/srv/detail/set_pen__functions.h
[14.509s] -- Up-to-date: /home/robousr/Documents/Practicas_ROS2/crea_workspace/ros2_ws/install/turtlesim/include/turtlesim/turtlesim/srv/detail/spawn__functions.c
[14.509s] -- Up-to-date: /home/robousr/Documents/Practicas_ROS2/crea_workspace/ros2_ws/install/turtlesim/include/turtlesim/turtlesim/srv/detail/spawn__type_support.h
[14.509s] -- Up-to-date: /home/robousr/Documents/Practicas_ROS2/crea_workspace/ros2_ws/install/turtlesim/include/turtlesim/turtlesim/srv/detail/set_pen__struct.h
[14.509s] -- Up-to-date: /home/robousr/Documents/Practicas_ROS2/crea_workspace/ros2_ws/install/turtlesim/include/turtlesim/turtlesim/srv/detail/spawn__struct.h
[14.509s] -- Up-to-date: /home/robousr/Documents/Practicas_ROS2/crea_workspace/ros2_ws/install/turtlesim/include/turtlesim/turtlesim/srv/detail/kill__struct.h
[14.509s] -- Up-to-date: /home/robousr/Documents/Practicas_ROS2/crea_workspace/ros2_ws/install/turtlesim/include/turtlesim/turtlesim/srv/detail/teleport_relative__type_support.h
[14.509s] -- Up-to-date: /home/robousr/Documents/Practicas_ROS2/crea_workspace/ros2_ws/install/turtlesim/include/turtlesim/turtlesim/srv/detail/spawn__functions.h
[14.509s] -- Up-to-date: /home/robousr/Documents/Practicas_ROS2/crea_workspace/ros2_ws/install/turtlesim/include/turtlesim/turtlesim/srv/detail/teleport_relative__functions.c
[14.509s] -- Up-to-date: /home/robousr/Documents/Practicas_ROS2/crea_workspace/ros2_ws/install/turtlesim/include/turtlesim/turtlesim/srv/detail/kill__functions.h
[14.509s] -- Up-to-date: /home/robousr/Documents/Practicas_ROS2/crea_workspace/ros2_ws/install/turtlesim/include/turtlesim/turtlesim/srv/detail/kill__functions.c
[14.509s] -- Up-to-date: /home/robousr/Documents/Practicas_ROS2/crea_workspace/ros2_ws/install/turtlesim/include/turtlesim/turtlesim/srv/detail/teleport_absolute__struct.h
[14.510s] -- Up-to-date: /home/robousr/Documents/Practicas_ROS2/crea_workspace/ros2_ws/install/turtlesim/include/turtlesim/turtlesim/srv/detail/teleport_absolute__functions.c
[14.510s] -- Up-to-date: /home/robousr/Documents/Practicas_ROS2/crea_workspace/ros2_ws/install/turtlesim/include/turtlesim/turtlesim/srv/detail/teleport_absolute__functions.h
[14.510s] -- Up-to-date: /home/robousr/Documents/Practicas_ROS2/crea_workspace/ros2_ws/install/turtlesim/include/turtlesim/turtlesim/srv/detail/teleport_relative__struct.h
[14.510s] -- Up-to-date: /home/robousr/Documents/Practicas_ROS2/crea_workspace/ros2_ws/install/turtlesim/include/turtlesim/turtlesim/msg
[14.510s] -- Up-to-date: /home/robousr/Documents/Practicas_ROS2/crea_workspace/ros2_ws/install/turtlesim/include/turtlesim/turtlesim/msg/rosidl_generator_c__visibility_control.h
[14.510s] -- Up-to-date: /home/robousr/Documents/Practicas_ROS2/crea_workspace/ros2_ws/install/turtlesim/include/turtlesim/turtlesim/msg/detail
[14.510s] -- Up-to-date: /home/robousr/Documents/Practicas_ROS2/crea_workspace/ros2_ws/install/turtlesim/include/turtlesim/turtlesim/msg/detail/color__struct.h
[14.510s] -- Up-to-date: /home/robousr/Documents/Practicas_ROS2/crea_workspace/ros2_ws/install/turtlesim/include/turtlesim/turtlesim/msg/detail/pose__functions.h
[14.510s] -- Up-to-date: /home/robousr/Documents/Practicas_ROS2/crea_workspace/ros2_ws/install/turtlesim/include/turtlesim/turtlesim/msg/detail/color__functions.c
[14.510s] -- Up-to-date: /home/robousr/Documents/Practicas_ROS2/crea_workspace/ros2_ws/install/turtlesim/include/turtlesim/turtlesim/msg/detail/color__functions.h
[14.510s] -- Up-to-date: /home/robousr/Documents/Practicas_ROS2/crea_workspace/ros2_ws/install/turtlesim/include/turtlesim/turtlesim/msg/detail/pose__struct.h
[14.510s] -- Up-to-date: /home/robousr/Documents/Practicas_ROS2/crea_workspace/ros2_ws/install/turtlesim/include/turtlesim/turtlesim/msg/detail/pose__type_support.h
[14.510s] -- Up-to-date: /home/robousr/Documents/Practicas_ROS2/crea_workspace/ros2_ws/install/turtlesim/include/turtlesim/turtlesim/msg/detail/pose__functions.c
[14.510s] -- Up-to-date: /home/robousr/Documents/Practicas_ROS2/crea_workspace/ros2_ws/install/turtlesim/include/turtlesim/turtlesim/msg/detail/color__type_support.h
[14.510s] -- Up-to-date: /home/robousr/Documents/Practicas_ROS2/crea_workspace/ros2_ws/install/turtlesim/include/turtlesim/turtlesim/msg/pose.h
[14.510s] -- Up-to-date: /home/robousr/Documents/Practicas_ROS2/crea_workspace/ros2_ws/install/turtlesim/include/turtlesim/turtlesim/msg/color.h
[14.510s] -- Up-to-date: /home/robousr/Documents/Practicas_ROS2/crea_workspace/ros2_ws/install/turtlesim/include/turtlesim/turtlesim/action
[14.510s] -- Up-to-date: /home/robousr/Documents/Practicas_ROS2/crea_workspace/ros2_ws/install/turtlesim/include/turtlesim/turtlesim/action/rotate_absolute.h
[14.510s] -- Up-to-date: /home/robousr/Documents/Practicas_ROS2/crea_workspace/ros2_ws/install/turtlesim/include/turtlesim/turtlesim/action/detail
[14.510s] -- Up-to-date: /home/robousr/Documents/Practicas_ROS2/crea_workspace/ros2_ws/install/turtlesim/include/turtlesim/turtlesim/action/detail/rotate_absolute__functions.c
[14.510s] -- Up-to-date: /home/robousr/Documents/Practicas_ROS2/crea_workspace/ros2_ws/install/turtlesim/include/turtlesim/turtlesim/action/detail/rotate_absolute__struct.h
[14.510s] -- Up-to-date: /home/robousr/Documents/Practicas_ROS2/crea_workspace/ros2_ws/install/turtlesim/include/turtlesim/turtlesim/action/detail/rotate_absolute__functions.h
[14.510s] -- Up-to-date: /home/robousr/Documents/Practicas_ROS2/crea_workspace/ros2_ws/install/turtlesim/include/turtlesim/turtlesim/action/detail/rotate_absolute__type_support.h
[14.511s] -- Up-to-date: /home/robousr/Documents/Practicas_ROS2/crea_workspace/ros2_ws/install/turtlesim/share/turtlesim/environment/library_path.sh
[14.511s] -- Up-to-date: /home/robousr/Documents/Practicas_ROS2/crea_workspace/ros2_ws/install/turtlesim/share/turtlesim/environment/library_path.dsv
[14.511s] -- Up-to-date: /home/robousr/Documents/Practicas_ROS2/crea_workspace/ros2_ws/install/turtlesim/lib/libturtlesim__rosidl_generator_c.so
[14.512s] -- Up-to-date: /home/robousr/Documents/Practicas_ROS2/crea_workspace/ros2_ws/install/turtlesim/include/turtlesim/turtlesim
[14.512s] -- Up-to-date: /home/robousr/Documents/Practicas_ROS2/crea_workspace/ros2_ws/install/turtlesim/include/turtlesim/turtlesim/srv
[14.512s] -- Up-to-date: /home/robousr/Documents/Practicas_ROS2/crea_workspace/ros2_ws/install/turtlesim/include/turtlesim/turtlesim/srv/detail
[14.513s] -- Up-to-date: /home/robousr/Documents/Practicas_ROS2/crea_workspace/ros2_ws/install/turtlesim/include/turtlesim/turtlesim/srv/detail/teleport_absolute__rosidl_typesupport_fastrtps_c.h
[14.513s] -- Up-to-date: /home/robousr/Documents/Practicas_ROS2/crea_workspace/ros2_ws/install/turtlesim/include/turtlesim/turtlesim/srv/detail/spawn__rosidl_typesupport_fastrtps_c.h
[14.513s] -- Up-to-date: /home/robousr/Documents/Practicas_ROS2/crea_workspace/ros2_ws/install/turtlesim/include/turtlesim/turtlesim/srv/detail/kill__rosidl_typesupport_fastrtps_c.h
[14.513s] -- Up-to-date: /home/robousr/Documents/Practicas_ROS2/crea_workspace/ros2_ws/install/turtlesim/include/turtlesim/turtlesim/srv/detail/teleport_relative__rosidl_typesupport_fastrtps_c.h
[14.513s] -- Up-to-date: /home/robousr/Documents/Practicas_ROS2/crea_workspace/ros2_ws/install/turtlesim/include/turtlesim/turtlesim/srv/detail/set_pen__rosidl_typesupport_fastrtps_c.h
[14.513s] -- Up-to-date: /home/robousr/Documents/Practicas_ROS2/crea_workspace/ros2_ws/install/turtlesim/include/turtlesim/turtlesim/msg
[14.513s] -- Up-to-date: /home/robousr/Documents/Practicas_ROS2/crea_workspace/ros2_ws/install/turtlesim/include/turtlesim/turtlesim/msg/rosidl_typesupport_fastrtps_c__visibility_control.h
[14.513s] -- Up-to-date: /home/robousr/Documents/Practicas_ROS2/crea_workspace/ros2_ws/install/turtlesim/include/turtlesim/turtlesim/msg/detail
[14.513s] -- Up-to-date: /home/robousr/Documents/Practicas_ROS2/crea_workspace/ros2_ws/install/turtlesim/include/turtlesim/turtlesim/msg/detail/color__rosidl_typesupport_fastrtps_c.h
[14.514s] -- Up-to-date: /home/robousr/Documents/Practicas_ROS2/crea_workspace/ros2_ws/install/turtlesim/include/turtlesim/turtlesim/msg/detail/pose__rosidl_typesupport_fastrtps_c.h
[14.514s] -- Up-to-date: /home/robousr/Documents/Practicas_ROS2/crea_workspace/ros2_ws/install/turtlesim/include/turtlesim/turtlesim/action
[14.514s] -- Up-to-date: /home/robousr/Documents/Practicas_ROS2/crea_workspace/ros2_ws/install/turtlesim/include/turtlesim/turtlesim/action/detail
[14.514s] -- Up-to-date: /home/robousr/Documents/Practicas_ROS2/crea_workspace/ros2_ws/install/turtlesim/include/turtlesim/turtlesim/action/detail/rotate_absolute__rosidl_typesupport_fastrtps_c.h
[14.514s] -- Up-to-date: /home/robousr/Documents/Practicas_ROS2/crea_workspace/ros2_ws/install/turtlesim/lib/libturtlesim__rosidl_typesupport_fastrtps_c.so
[14.514s] -- Up-to-date: /home/robousr/Documents/Practicas_ROS2/crea_workspace/ros2_ws/install/turtlesim/include/turtlesim/turtlesim
[14.514s] -- Up-to-date: /home/robousr/Documents/Practicas_ROS2/crea_workspace/ros2_ws/install/turtlesim/include/turtlesim/turtlesim/srv
[14.514s] -- Up-to-date: /home/robousr/Documents/Practicas_ROS2/crea_workspace/ros2_ws/install/turtlesim/include/turtlesim/turtlesim/srv/kill.hpp
[14.514s] -- Up-to-date: /home/robousr/Documents/Practicas_ROS2/crea_workspace/ros2_ws/install/turtlesim/include/turtlesim/turtlesim/srv/spawn.hpp
[14.514s] -- Up-to-date: /home/robousr/Documents/Practicas_ROS2/crea_workspace/ros2_ws/install/turtlesim/include/turtlesim/turtlesim/srv/teleport_absolute.hpp
[14.514s] -- Up-to-date: /home/robousr/Documents/Practicas_ROS2/crea_workspace/ros2_ws/install/turtlesim/include/turtlesim/turtlesim/srv/set_pen.hpp
[14.514s] -- Up-to-date: /home/robousr/Documents/Practicas_ROS2/crea_workspace/ros2_ws/install/turtlesim/include/turtlesim/turtlesim/srv/detail
[14.514s] -- Up-to-date: /home/robousr/Documents/Practicas_ROS2/crea_workspace/ros2_ws/install/turtlesim/include/turtlesim/turtlesim/srv/detail/teleport_absolute__type_support.hpp
[14.514s] -- Up-to-date: /home/robousr/Documents/Practicas_ROS2/crea_workspace/ros2_ws/install/turtlesim/include/turtlesim/turtlesim/srv/detail/set_pen__traits.hpp
[14.514s] -- Up-to-date: /home/robousr/Documents/Practicas_ROS2/crea_workspace/ros2_ws/install/turtlesim/include/turtlesim/turtlesim/srv/detail/teleport_relative__builder.hpp
[14.514s] -- Up-to-date: /home/robousr/Documents/Practicas_ROS2/crea_workspace/ros2_ws/install/turtlesim/include/turtlesim/turtlesim/srv/detail/kill__builder.hpp
[14.514s] -- Up-to-date: /home/robousr/Documents/Practicas_ROS2/crea_workspace/ros2_ws/install/turtlesim/include/turtlesim/turtlesim/srv/detail/kill__traits.hpp
[14.514s] -- Up-to-date: /home/robousr/Documents/Practicas_ROS2/crea_workspace/ros2_ws/install/turtlesim/include/turtlesim/turtlesim/srv/detail/spawn__struct.hpp
[14.514s] -- Up-to-date: /home/robousr/Documents/Practicas_ROS2/crea_workspace/ros2_ws/install/turtlesim/include/turtlesim/turtlesim/srv/detail/teleport_relative__struct.hpp
[14.514s] -- Up-to-date: /home/robousr/Documents/Practicas_ROS2/crea_workspace/ros2_ws/install/turtlesim/include/turtlesim/turtlesim/srv/detail/spawn__traits.hpp
[14.514s] -- Up-to-date: /home/robousr/Documents/Practicas_ROS2/crea_workspace/ros2_ws/install/turtlesim/include/turtlesim/turtlesim/srv/detail/teleport_absolute__traits.hpp
[14.515s] -- Up-to-date: /home/robousr/Documents/Practicas_ROS2/crea_workspace/ros2_ws/install/turtlesim/include/turtlesim/turtlesim/srv/detail/kill__type_support.hpp
[14.515s] -- Up-to-date: /home/robousr/Documents/Practicas_ROS2/crea_workspace/ros2_ws/install/turtlesim/include/turtlesim/turtlesim/srv/detail/spawn__type_support.hpp
[14.515s] -- Up-to-date: /home/robousr/Documents/Practicas_ROS2/crea_workspace/ros2_ws/install/turtlesim/include/turtlesim/turtlesim/srv/detail/kill__struct.hpp
[14.515s] -- Up-to-date: /home/robousr/Documents/Practicas_ROS2/crea_workspace/ros2_ws/install/turtlesim/include/turtlesim/turtlesim/srv/detail/spawn__builder.hpp
[14.515s] -- Up-to-date: /home/robousr/Documents/Practicas_ROS2/crea_workspace/ros2_ws/install/turtlesim/include/turtlesim/turtlesim/srv/detail/teleport_relative__traits.hpp
[14.515s] -- Up-to-date: /home/robousr/Documents/Practicas_ROS2/crea_workspace/ros2_ws/install/turtlesim/include/turtlesim/turtlesim/srv/detail/teleport_absolute__struct.hpp
[14.515s] -- Up-to-date: /home/robousr/Documents/Practicas_ROS2/crea_workspace/ros2_ws/install/turtlesim/include/turtlesim/turtlesim/srv/detail/set_pen__type_support.hpp
[14.515s] -- Up-to-date: /home/robousr/Documents/Practicas_ROS2/crea_workspace/ros2_ws/install/turtlesim/include/turtlesim/turtlesim/srv/detail/set_pen__struct.hpp
[14.515s] -- Up-to-date: /home/robousr/Documents/Practicas_ROS2/crea_workspace/ros2_ws/install/turtlesim/include/turtlesim/turtlesim/srv/detail/teleport_relative__type_support.hpp
[14.515s] -- Up-to-date: /home/robousr/Documents/Practicas_ROS2/crea_workspace/ros2_ws/install/turtlesim/include/turtlesim/turtlesim/srv/detail/teleport_absolute__builder.hpp
[14.515s] -- Up-to-date: /home/robousr/Documents/Practicas_ROS2/crea_workspace/ros2_ws/install/turtlesim/include/turtlesim/turtlesim/srv/detail/set_pen__builder.hpp
[14.515s] -- Up-to-date: /home/robousr/Documents/Practicas_ROS2/crea_workspace/ros2_ws/install/turtlesim/include/turtlesim/turtlesim/srv/teleport_relative.hpp
[14.515s] -- Up-to-date: /home/robousr/Documents/Practicas_ROS2/crea_workspace/ros2_ws/install/turtlesim/include/turtlesim/turtlesim/msg
[14.515s] -- Up-to-date: /home/robousr/Documents/Practicas_ROS2/crea_workspace/ros2_ws/install/turtlesim/include/turtlesim/turtlesim/msg/rosidl_generator_cpp__visibility_control.hpp
[14.516s] -- Up-to-date: /home/robousr/Documents/Practicas_ROS2/crea_workspace/ros2_ws/install/turtlesim/include/turtlesim/turtlesim/msg/pose.hpp
[14.516s] -- Up-to-date: /home/robousr/Documents/Practicas_ROS2/crea_workspace/ros2_ws/install/turtlesim/include/turtlesim/turtlesim/msg/detail
[14.516s] -- Up-to-date: /home/robousr/Documents/Practicas_ROS2/crea_workspace/ros2_ws/install/turtlesim/include/turtlesim/turtlesim/msg/detail/pose__struct.hpp
[14.516s] -- Up-to-date: /home/robousr/Documents/Practicas_ROS2/crea_workspace/ros2_ws/install/turtlesim/include/turtlesim/turtlesim/msg/detail/color__type_support.hpp
[14.516s] -- Up-to-date: /home/robousr/Documents/Practicas_ROS2/crea_workspace/ros2_ws/install/turtlesim/include/turtlesim/turtlesim/msg/detail/color__traits.hpp
[14.516s] -- Up-to-date: /home/robousr/Documents/Practicas_ROS2/crea_workspace/ros2_ws/install/turtlesim/include/turtlesim/turtlesim/msg/detail/color__struct.hpp
[14.517s] -- Up-to-date: /home/robousr/Documents/Practicas_ROS2/crea_workspace/ros2_ws/install/turtlesim/include/turtlesim/turtlesim/msg/detail/color__builder.hpp
[14.517s] -- Up-to-date: /home/robousr/Documents/Practicas_ROS2/crea_workspace/ros2_ws/install/turtlesim/include/turtlesim/turtlesim/msg/detail/pose__builder.hpp
[14.517s] -- Up-to-date: /home/robousr/Documents/Practicas_ROS2/crea_workspace/ros2_ws/install/turtlesim/include/turtlesim/turtlesim/msg/detail/pose__type_support.hpp
[14.517s] -- Up-to-date: /home/robousr/Documents/Practicas_ROS2/crea_workspace/ros2_ws/install/turtlesim/include/turtlesim/turtlesim/msg/detail/pose__traits.hpp
[14.517s] -- Up-to-date: /home/robousr/Documents/Practicas_ROS2/crea_workspace/ros2_ws/install/turtlesim/include/turtlesim/turtlesim/msg/color.hpp
[14.518s] -- Up-to-date: /home/robousr/Documents/Practicas_ROS2/crea_workspace/ros2_ws/install/turtlesim/include/turtlesim/turtlesim/action
[14.518s] -- Up-to-date: /home/robousr/Documents/Practicas_ROS2/crea_workspace/ros2_ws/install/turtlesim/include/turtlesim/turtlesim/action/rotate_absolute.hpp
[14.518s] -- Up-to-date: /home/robousr/Documents/Practicas_ROS2/crea_workspace/ros2_ws/install/turtlesim/include/turtlesim/turtlesim/action/detail
[14.518s] -- Up-to-date: /home/robousr/Documents/Practicas_ROS2/crea_workspace/ros2_ws/install/turtlesim/include/turtlesim/turtlesim/action/detail/rotate_absolute__type_support.hpp
[14.518s] -- Up-to-date: /home/robousr/Documents/Practicas_ROS2/crea_workspace/ros2_ws/install/turtlesim/include/turtlesim/turtlesim/action/detail/rotate_absolute__builder.hpp
[14.518s] -- Up-to-date: /home/robousr/Documents/Practicas_ROS2/crea_workspace/ros2_ws/install/turtlesim/include/turtlesim/turtlesim/action/detail/rotate_absolute__traits.hpp
[14.518s] -- Up-to-date: /home/robousr/Documents/Practicas_ROS2/crea_workspace/ros2_ws/install/turtlesim/include/turtlesim/turtlesim/action/detail/rotate_absolute__struct.hpp
[14.518s] -- Up-to-date: /home/robousr/Documents/Practicas_ROS2/crea_workspace/ros2_ws/install/turtlesim/include/turtlesim/turtlesim
[14.518s] -- Up-to-date: /home/robousr/Documents/Practicas_ROS2/crea_workspace/ros2_ws/install/turtlesim/include/turtlesim/turtlesim/srv
[14.518s] -- Up-to-date: /home/robousr/Documents/Practicas_ROS2/crea_workspace/ros2_ws/install/turtlesim/include/turtlesim/turtlesim/srv/detail
[14.518s] -- Up-to-date: /home/robousr/Documents/Practicas_ROS2/crea_workspace/ros2_ws/install/turtlesim/include/turtlesim/turtlesim/srv/detail/spawn__rosidl_typesupport_fastrtps_cpp.hpp
[14.518s] -- Up-to-date: /home/robousr/Documents/Practicas_ROS2/crea_workspace/ros2_ws/install/turtlesim/include/turtlesim/turtlesim/srv/detail/teleport_absolute__rosidl_typesupport_fastrtps_cpp.hpp
[14.518s] -- Up-to-date: /home/robousr/Documents/Practicas_ROS2/crea_workspace/ros2_ws/install/turtlesim/include/turtlesim/turtlesim/srv/detail/dds_fastrtps
[14.518s] -- Up-to-date: /home/robousr/Documents/Practicas_ROS2/crea_workspace/ros2_ws/install/turtlesim/include/turtlesim/turtlesim/srv/detail/teleport_relative__rosidl_typesupport_fastrtps_cpp.hpp
[14.518s] -- Up-to-date: /home/robousr/Documents/Practicas_ROS2/crea_workspace/ros2_ws/install/turtlesim/include/turtlesim/turtlesim/srv/detail/set_pen__rosidl_typesupport_fastrtps_cpp.hpp
[14.519s] -- Up-to-date: /home/robousr/Documents/Practicas_ROS2/crea_workspace/ros2_ws/install/turtlesim/include/turtlesim/turtlesim/srv/detail/kill__rosidl_typesupport_fastrtps_cpp.hpp
[14.519s] -- Up-to-date: /home/robousr/Documents/Practicas_ROS2/crea_workspace/ros2_ws/install/turtlesim/include/turtlesim/turtlesim/msg
[14.519s] -- Up-to-date: /home/robousr/Documents/Practicas_ROS2/crea_workspace/ros2_ws/install/turtlesim/include/turtlesim/turtlesim/msg/rosidl_typesupport_fastrtps_cpp__visibility_control.h
[14.519s] -- Up-to-date: /home/robousr/Documents/Practicas_ROS2/crea_workspace/ros2_ws/install/turtlesim/include/turtlesim/turtlesim/msg/detail
[14.519s] -- Up-to-date: /home/robousr/Documents/Practicas_ROS2/crea_workspace/ros2_ws/install/turtlesim/include/turtlesim/turtlesim/msg/detail/dds_fastrtps
[14.519s] -- Up-to-date: /home/robousr/Documents/Practicas_ROS2/crea_workspace/ros2_ws/install/turtlesim/include/turtlesim/turtlesim/msg/detail/pose__rosidl_typesupport_fastrtps_cpp.hpp
[14.519s] -- Up-to-date: /home/robousr/Documents/Practicas_ROS2/crea_workspace/ros2_ws/install/turtlesim/include/turtlesim/turtlesim/msg/detail/color__rosidl_typesupport_fastrtps_cpp.hpp
[14.519s] -- Up-to-date: /home/robousr/Documents/Practicas_ROS2/crea_workspace/ros2_ws/install/turtlesim/include/turtlesim/turtlesim/action
[14.520s] -- Up-to-date: /home/robousr/Documents/Practicas_ROS2/crea_workspace/ros2_ws/install/turtlesim/include/turtlesim/turtlesim/action/detail
[14.520s] -- Up-to-date: /home/robousr/Documents/Practicas_ROS2/crea_workspace/ros2_ws/install/turtlesim/include/turtlesim/turtlesim/action/detail/rotate_absolute__rosidl_typesupport_fastrtps_cpp.hpp
[14.520s] -- Up-to-date: /home/robousr/Documents/Practicas_ROS2/crea_workspace/ros2_ws/install/turtlesim/include/turtlesim/turtlesim/action/detail/dds_fastrtps
[14.520s] -- Up-to-date: /home/robousr/Documents/Practicas_ROS2/crea_workspace/ros2_ws/install/turtlesim/lib/libturtlesim__rosidl_typesupport_fastrtps_cpp.so
[14.520s] -- Up-to-date: /home/robousr/Documents/Practicas_ROS2/crea_workspace/ros2_ws/install/turtlesim/include/turtlesim/turtlesim
[14.520s] -- Up-to-date: /home/robousr/Documents/Practicas_ROS2/crea_workspace/ros2_ws/install/turtlesim/include/turtlesim/turtlesim/srv
[14.520s] -- Up-to-date: /home/robousr/Documents/Practicas_ROS2/crea_workspace/ros2_ws/install/turtlesim/include/turtlesim/turtlesim/srv/detail
[14.520s] -- Up-to-date: /home/robousr/Documents/Practicas_ROS2/crea_workspace/ros2_ws/install/turtlesim/include/turtlesim/turtlesim/srv/detail/kill__type_support.c
[14.520s] -- Up-to-date: /home/robousr/Documents/Practicas_ROS2/crea_workspace/ros2_ws/install/turtlesim/include/turtlesim/turtlesim/srv/detail/spawn__rosidl_typesupport_introspection_c.h
[14.520s] -- Up-to-date: /home/robousr/Documents/Practicas_ROS2/crea_workspace/ros2_ws/install/turtlesim/include/turtlesim/turtlesim/srv/detail/teleport_relative__type_support.c
[14.521s] -- Up-to-date: /home/robousr/Documents/Practicas_ROS2/crea_workspace/ros2_ws/install/turtlesim/include/turtlesim/turtlesim/srv/detail/teleport_absolute__type_support.c
[14.521s] -- Up-to-date: /home/robousr/Documents/Practicas_ROS2/crea_workspace/ros2_ws/install/turtlesim/include/turtlesim/turtlesim/srv/detail/teleport_absolute__rosidl_typesupport_introspection_c.h
[14.521s] -- Up-to-date: /home/robousr/Documents/Practicas_ROS2/crea_workspace/ros2_ws/install/turtlesim/include/turtlesim/turtlesim/srv/detail/kill__rosidl_typesupport_introspection_c.h
[14.521s] -- Up-to-date: /home/robousr/Documents/Practicas_ROS2/crea_workspace/ros2_ws/install/turtlesim/include/turtlesim/turtlesim/srv/detail/teleport_relative__rosidl_typesupport_introspection_c.h
[14.521s] -- Up-to-date: /home/robousr/Documents/Practicas_ROS2/crea_workspace/ros2_ws/install/turtlesim/include/turtlesim/turtlesim/srv/detail/set_pen__rosidl_typesupport_introspection_c.h
[14.521s] -- Up-to-date: /home/robousr/Documents/Practicas_ROS2/crea_workspace/ros2_ws/install/turtlesim/include/turtlesim/turtlesim/srv/detail/set_pen__type_support.c
[14.521s] -- Up-to-date: /home/robousr/Documents/Practicas_ROS2/crea_workspace/ros2_ws/install/turtlesim/include/turtlesim/turtlesim/srv/detail/spawn__type_support.c
[14.521s] -- Up-to-date: /home/robousr/Documents/Practicas_ROS2/crea_workspace/ros2_ws/install/turtlesim/include/turtlesim/turtlesim/msg
[14.521s] -- Up-to-date: /home/robousr/Documents/Practicas_ROS2/crea_workspace/ros2_ws/install/turtlesim/include/turtlesim/turtlesim/msg/rosidl_typesupport_introspection_c__visibility_control.h
[14.521s] -- Up-to-date: /home/robousr/Documents/Practicas_ROS2/crea_workspace/ros2_ws/install/turtlesim/include/turtlesim/turtlesim/msg/detail
[14.521s] -- Up-to-date: /home/robousr/Documents/Practicas_ROS2/crea_workspace/ros2_ws/install/turtlesim/include/turtlesim/turtlesim/msg/detail/pose__type_support.c
[14.521s] -- Up-to-date: /home/robousr/Documents/Practicas_ROS2/crea_workspace/ros2_ws/install/turtlesim/include/turtlesim/turtlesim/msg/detail/color__type_support.c
[14.522s] -- Up-to-date: /home/robousr/Documents/Practicas_ROS2/crea_workspace/ros2_ws/install/turtlesim/include/turtlesim/turtlesim/msg/detail/pose__rosidl_typesupport_introspection_c.h
[14.522s] -- Up-to-date: /home/robousr/Documents/Practicas_ROS2/crea_workspace/ros2_ws/install/turtlesim/include/turtlesim/turtlesim/msg/detail/color__rosidl_typesupport_introspection_c.h
[14.522s] -- Up-to-date: /home/robousr/Documents/Practicas_ROS2/crea_workspace/ros2_ws/install/turtlesim/include/turtlesim/turtlesim/action
[14.522s] -- Up-to-date: /home/robousr/Documents/Practicas_ROS2/crea_workspace/ros2_ws/install/turtlesim/include/turtlesim/turtlesim/action/detail
[14.522s] -- Up-to-date: /home/robousr/Documents/Practicas_ROS2/crea_workspace/ros2_ws/install/turtlesim/include/turtlesim/turtlesim/action/detail/rotate_absolute__rosidl_typesupport_introspection_c.h
[14.522s] -- Up-to-date: /home/robousr/Documents/Practicas_ROS2/crea_workspace/ros2_ws/install/turtlesim/include/turtlesim/turtlesim/action/detail/rotate_absolute__type_support.c
[14.522s] -- Up-to-date: /home/robousr/Documents/Practicas_ROS2/crea_workspace/ros2_ws/install/turtlesim/lib/libturtlesim__rosidl_typesupport_introspection_c.so
[14.522s] -- Up-to-date: /home/robousr/Documents/Practicas_ROS2/crea_workspace/ros2_ws/install/turtlesim/lib/libturtlesim__rosidl_typesupport_c.so
[14.522s] -- Up-to-date: /home/robousr/Documents/Practicas_ROS2/crea_workspace/ros2_ws/install/turtlesim/include/turtlesim/turtlesim
[14.522s] -- Up-to-date: /home/robousr/Documents/Practicas_ROS2/crea_workspace/ros2_ws/install/turtlesim/include/turtlesim/turtlesim/srv
[14.523s] -- Up-to-date: /home/robousr/Documents/Practicas_ROS2/crea_workspace/ros2_ws/install/turtlesim/include/turtlesim/turtlesim/srv/detail
[14.523s] -- Up-to-date: /home/robousr/Documents/Practicas_ROS2/crea_workspace/ros2_ws/install/turtlesim/include/turtlesim/turtlesim/srv/detail/kill__rosidl_typesupport_introspection_cpp.hpp
[14.523s] -- Up-to-date: /home/robousr/Documents/Practicas_ROS2/crea_workspace/ros2_ws/install/turtlesim/include/turtlesim/turtlesim/srv/detail/teleport_absolute__rosidl_typesupport_introspection_cpp.hpp
[14.523s] -- Up-to-date: /home/robousr/Documents/Practicas_ROS2/crea_workspace/ros2_ws/install/turtlesim/include/turtlesim/turtlesim/srv/detail/spawn__rosidl_typesupport_introspection_cpp.hpp
[14.523s] -- Up-to-date: /home/robousr/Documents/Practicas_ROS2/crea_workspace/ros2_ws/install/turtlesim/include/turtlesim/turtlesim/srv/detail/set_pen__type_support.cpp
[14.523s] -- Up-to-date: /home/robousr/Documents/Practicas_ROS2/crea_workspace/ros2_ws/install/turtlesim/include/turtlesim/turtlesim/srv/detail/teleport_absolute__type_support.cpp
[14.523s] -- Up-to-date: /home/robousr/Documents/Practicas_ROS2/crea_workspace/ros2_ws/install/turtlesim/include/turtlesim/turtlesim/srv/detail/teleport_relative__rosidl_typesupport_introspection_cpp.hpp
[14.523s] -- Up-to-date: /home/robousr/Documents/Practicas_ROS2/crea_workspace/ros2_ws/install/turtlesim/include/turtlesim/turtlesim/srv/detail/spawn__type_support.cpp
[14.523s] -- Up-to-date: /home/robousr/Documents/Practicas_ROS2/crea_workspace/ros2_ws/install/turtlesim/include/turtlesim/turtlesim/srv/detail/teleport_relative__type_support.cpp
[14.523s] -- Up-to-date: /home/robousr/Documents/Practicas_ROS2/crea_workspace/ros2_ws/install/turtlesim/include/turtlesim/turtlesim/srv/detail/kill__type_support.cpp
[14.523s] -- Up-to-date: /home/robousr/Documents/Practicas_ROS2/crea_workspace/ros2_ws/install/turtlesim/include/turtlesim/turtlesim/srv/detail/set_pen__rosidl_typesupport_introspection_cpp.hpp
[14.523s] -- Up-to-date: /home/robousr/Documents/Practicas_ROS2/crea_workspace/ros2_ws/install/turtlesim/include/turtlesim/turtlesim/msg
[14.523s] -- Up-to-date: /home/robousr/Documents/Practicas_ROS2/crea_workspace/ros2_ws/install/turtlesim/include/turtlesim/turtlesim/msg/detail
[14.523s] -- Up-to-date: /home/robousr/Documents/Practicas_ROS2/crea_workspace/ros2_ws/install/turtlesim/include/turtlesim/turtlesim/msg/detail/color__rosidl_typesupport_introspection_cpp.hpp
[14.523s] -- Up-to-date: /home/robousr/Documents/Practicas_ROS2/crea_workspace/ros2_ws/install/turtlesim/include/turtlesim/turtlesim/msg/detail/color__type_support.cpp
[14.523s] -- Up-to-date: /home/robousr/Documents/Practicas_ROS2/crea_workspace/ros2_ws/install/turtlesim/include/turtlesim/turtlesim/msg/detail/pose__rosidl_typesupport_introspection_cpp.hpp
[14.523s] -- Up-to-date: /home/robousr/Documents/Practicas_ROS2/crea_workspace/ros2_ws/install/turtlesim/include/turtlesim/turtlesim/msg/detail/pose__type_support.cpp
[14.524s] -- Up-to-date: /home/robousr/Documents/Practicas_ROS2/crea_workspace/ros2_ws/install/turtlesim/include/turtlesim/turtlesim/action
[14.524s] -- Up-to-date: /home/robousr/Documents/Practicas_ROS2/crea_workspace/ros2_ws/install/turtlesim/include/turtlesim/turtlesim/action/detail
[14.524s] -- Up-to-date: /home/robousr/Documents/Practicas_ROS2/crea_workspace/ros2_ws/install/turtlesim/include/turtlesim/turtlesim/action/detail/rotate_absolute__rosidl_typesupport_introspection_cpp.hpp
[14.524s] -- Up-to-date: /home/robousr/Documents/Practicas_ROS2/crea_workspace/ros2_ws/install/turtlesim/include/turtlesim/turtlesim/action/detail/rotate_absolute__type_support.cpp
[14.524s] -- Up-to-date: /home/robousr/Documents/Practicas_ROS2/crea_workspace/ros2_ws/install/turtlesim/lib/libturtlesim__rosidl_typesupport_introspection_cpp.so
[14.524s] -- Up-to-date: /home/robousr/Documents/Practicas_ROS2/crea_workspace/ros2_ws/install/turtlesim/lib/libturtlesim__rosidl_typesupport_cpp.so
[14.524s] -- Up-to-date: /home/robousr/Documents/Practicas_ROS2/crea_workspace/ros2_ws/install/turtlesim/share/turtlesim/environment/pythonpath.sh
[14.524s] -- Up-to-date: /home/robousr/Documents/Practicas_ROS2/crea_workspace/ros2_ws/install/turtlesim/share/turtlesim/environment/pythonpath.dsv
[14.524s] -- Up-to-date: /home/robousr/Documents/Practicas_ROS2/crea_workspace/ros2_ws/install/turtlesim/local/lib/python3.10/dist-packages/turtlesim-1.4.2-py3.10.egg-info
[14.524s] -- Installing: /home/robousr/Documents/Practicas_ROS2/crea_workspace/ros2_ws/install/turtlesim/local/lib/python3.10/dist-packages/turtlesim-1.4.2-py3.10.egg-info/dependency_links.txt
[14.524s] -- Installing: /home/robousr/Documents/Practicas_ROS2/crea_workspace/ros2_ws/install/turtlesim/local/lib/python3.10/dist-packages/turtlesim-1.4.2-py3.10.egg-info/PKG-INFO
[14.525s] -- Installing: /home/robousr/Documents/Practicas_ROS2/crea_workspace/ros2_ws/install/turtlesim/local/lib/python3.10/dist-packages/turtlesim-1.4.2-py3.10.egg-info/top_level.txt
[14.525s] -- Installing: /home/robousr/Documents/Practicas_ROS2/crea_workspace/ros2_ws/install/turtlesim/local/lib/python3.10/dist-packages/turtlesim-1.4.2-py3.10.egg-info/SOURCES.txt
[14.525s] -- Up-to-date: /home/robousr/Documents/Practicas_ROS2/crea_workspace/ros2_ws/install/turtlesim/local/lib/python3.10/dist-packages/turtlesim
[14.525s] -- Up-to-date: /home/robousr/Documents/Practicas_ROS2/crea_workspace/ros2_ws/install/turtlesim/local/lib/python3.10/dist-packages/turtlesim/__init__.py
[14.525s] -- Up-to-date: /home/robousr/Documents/Practicas_ROS2/crea_workspace/ros2_ws/install/turtlesim/local/lib/python3.10/dist-packages/turtlesim/srv
[14.525s] -- Up-to-date: /home/robousr/Documents/Practicas_ROS2/crea_workspace/ros2_ws/install/turtlesim/local/lib/python3.10/dist-packages/turtlesim/srv/_teleport_absolute_s.c
[14.525s] -- Up-to-date: /home/robousr/Documents/Practicas_ROS2/crea_workspace/ros2_ws/install/turtlesim/local/lib/python3.10/dist-packages/turtlesim/srv/_spawn.py
[14.525s] -- Up-to-date: /home/robousr/Documents/Practicas_ROS2/crea_workspace/ros2_ws/install/turtlesim/local/lib/python3.10/dist-packages/turtlesim/srv/__init__.py
[14.525s] -- Up-to-date: /home/robousr/Documents/Practicas_ROS2/crea_workspace/ros2_ws/install/turtlesim/local/lib/python3.10/dist-packages/turtlesim/srv/_set_pen_s.c
[14.525s] -- Up-to-date: /home/robousr/Documents/Practicas_ROS2/crea_workspace/ros2_ws/install/turtlesim/local/lib/python3.10/dist-packages/turtlesim/srv/_teleport_relative.py
[14.525s] -- Up-to-date: /home/robousr/Documents/Practicas_ROS2/crea_workspace/ros2_ws/install/turtlesim/local/lib/python3.10/dist-packages/turtlesim/srv/_kill.py
[14.525s] -- Up-to-date: /home/robousr/Documents/Practicas_ROS2/crea_workspace/ros2_ws/install/turtlesim/local/lib/python3.10/dist-packages/turtlesim/srv/_set_pen.py
[14.525s] -- Up-to-date: /home/robousr/Documents/Practicas_ROS2/crea_workspace/ros2_ws/install/turtlesim/local/lib/python3.10/dist-packages/turtlesim/srv/_teleport_relative_s.c
[14.525s] -- Up-to-date: /home/robousr/Documents/Practicas_ROS2/crea_workspace/ros2_ws/install/turtlesim/local/lib/python3.10/dist-packages/turtlesim/srv/_kill_s.c
[14.525s] -- Up-to-date: /home/robousr/Documents/Practicas_ROS2/crea_workspace/ros2_ws/install/turtlesim/local/lib/python3.10/dist-packages/turtlesim/srv/_spawn_s.c
[14.525s] -- Up-to-date: /home/robousr/Documents/Practicas_ROS2/crea_workspace/ros2_ws/install/turtlesim/local/lib/python3.10/dist-packages/turtlesim/srv/_teleport_absolute.py
[14.525s] -- Up-to-date: /home/robousr/Documents/Practicas_ROS2/crea_workspace/ros2_ws/install/turtlesim/local/lib/python3.10/dist-packages/turtlesim/turtlesim_s__rosidl_typesupport_c.cpython-310-x86_64-linux-gnu.so
[14.525s] -- Up-to-date: /home/robousr/Documents/Practicas_ROS2/crea_workspace/ros2_ws/install/turtlesim/local/lib/python3.10/dist-packages/turtlesim/_turtlesim_s.ep.rosidl_typesupport_c.c
[14.526s] -- Up-to-date: /home/robousr/Documents/Practicas_ROS2/crea_workspace/ros2_ws/install/turtlesim/local/lib/python3.10/dist-packages/turtlesim/_turtlesim_s.ep.rosidl_typesupport_introspection_c.c
[14.526s] -- Up-to-date: /home/robousr/Documents/Practicas_ROS2/crea_workspace/ros2_ws/install/turtlesim/local/lib/python3.10/dist-packages/turtlesim/libturtlesim__rosidl_generator_py.so
[14.526s] -- Up-to-date: /home/robousr/Documents/Practicas_ROS2/crea_workspace/ros2_ws/install/turtlesim/local/lib/python3.10/dist-packages/turtlesim/turtlesim_s__rosidl_typesupport_fastrtps_c.cpython-310-x86_64-linux-gnu.so
[14.526s] -- Up-to-date: /home/robousr/Documents/Practicas_ROS2/crea_workspace/ros2_ws/install/turtlesim/local/lib/python3.10/dist-packages/turtlesim/turtlesim_s__rosidl_typesupport_introspection_c.cpython-310-x86_64-linux-gnu.so
[14.526s] -- Up-to-date: /home/robousr/Documents/Practicas_ROS2/crea_workspace/ros2_ws/install/turtlesim/local/lib/python3.10/dist-packages/turtlesim/msg
[14.526s] -- Up-to-date: /home/robousr/Documents/Practicas_ROS2/crea_workspace/ros2_ws/install/turtlesim/local/lib/python3.10/dist-packages/turtlesim/msg/_pose_s.c
[14.526s] -- Up-to-date: /home/robousr/Documents/Practicas_ROS2/crea_workspace/ros2_ws/install/turtlesim/local/lib/python3.10/dist-packages/turtlesim/msg/__init__.py
[14.526s] -- Up-to-date: /home/robousr/Documents/Practicas_ROS2/crea_workspace/ros2_ws/install/turtlesim/local/lib/python3.10/dist-packages/turtlesim/msg/_color_s.c
[14.526s] -- Up-to-date: /home/robousr/Documents/Practicas_ROS2/crea_workspace/ros2_ws/install/turtlesim/local/lib/python3.10/dist-packages/turtlesim/msg/_color.py
[14.526s] -- Up-to-date: /home/robousr/Documents/Practicas_ROS2/crea_workspace/ros2_ws/install/turtlesim/local/lib/python3.10/dist-packages/turtlesim/msg/_pose.py
[14.526s] -- Up-to-date: /home/robousr/Documents/Practicas_ROS2/crea_workspace/ros2_ws/install/turtlesim/local/lib/python3.10/dist-packages/turtlesim/action
[14.526s] -- Up-to-date: /home/robousr/Documents/Practicas_ROS2/crea_workspace/ros2_ws/install/turtlesim/local/lib/python3.10/dist-packages/turtlesim/action/_rotate_absolute.py
[14.526s] -- Up-to-date: /home/robousr/Documents/Practicas_ROS2/crea_workspace/ros2_ws/install/turtlesim/local/lib/python3.10/dist-packages/turtlesim/action/__init__.py
[14.526s] -- Up-to-date: /home/robousr/Documents/Practicas_ROS2/crea_workspace/ros2_ws/install/turtlesim/local/lib/python3.10/dist-packages/turtlesim/action/_rotate_absolute_s.c
[14.527s] -- Up-to-date: /home/robousr/Documents/Practicas_ROS2/crea_workspace/ros2_ws/install/turtlesim/local/lib/python3.10/dist-packages/turtlesim/_turtlesim_s.ep.rosidl_typesupport_fastrtps_c.c
[14.615s] Listing '/home/robousr/Documents/Practicas_ROS2/crea_workspace/ros2_ws/install/turtlesim/local/lib/python3.10/dist-packages/turtlesim'...
[14.615s] Listing '/home/robousr/Documents/Practicas_ROS2/crea_workspace/ros2_ws/install/turtlesim/local/lib/python3.10/dist-packages/turtlesim/action'...
[14.615s] Listing '/home/robousr/Documents/Practicas_ROS2/crea_workspace/ros2_ws/install/turtlesim/local/lib/python3.10/dist-packages/turtlesim/msg'...
[14.615s] Listing '/home/robousr/Documents/Practicas_ROS2/crea_workspace/ros2_ws/install/turtlesim/local/lib/python3.10/dist-packages/turtlesim/srv'...
[14.620s] -- Up-to-date: /home/robousr/Documents/Practicas_ROS2/crea_workspace/ros2_ws/install/turtlesim/local/lib/python3.10/dist-packages/turtlesim/turtlesim_s__rosidl_typesupport_fastrtps_c.cpython-310-x86_64-linux-gnu.so
[14.620s] -- Up-to-date: /home/robousr/Documents/Practicas_ROS2/crea_workspace/ros2_ws/install/turtlesim/local/lib/python3.10/dist-packages/turtlesim/turtlesim_s__rosidl_typesupport_introspection_c.cpython-310-x86_64-linux-gnu.so
[14.621s] -- Up-to-date: /home/robousr/Documents/Practicas_ROS2/crea_workspace/ros2_ws/install/turtlesim/local/lib/python3.10/dist-packages/turtlesim/turtlesim_s__rosidl_typesupport_c.cpython-310-x86_64-linux-gnu.so
[14.621s] -- Up-to-date: /home/robousr/Documents/Practicas_ROS2/crea_workspace/ros2_ws/install/turtlesim/lib/libturtlesim__rosidl_generator_py.so
[14.621s] -- Up-to-date: /home/robousr/Documents/Practicas_ROS2/crea_workspace/ros2_ws/install/turtlesim/share/turtlesim/action/RotateAbsolute.idl
[14.622s] -- Up-to-date: /home/robousr/Documents/Practicas_ROS2/crea_workspace/ros2_ws/install/turtlesim/share/turtlesim/msg/Color.idl
[14.622s] -- Up-to-date: /home/robousr/Documents/Practicas_ROS2/crea_workspace/ros2_ws/install/turtlesim/share/turtlesim/msg/Pose.idl
[14.622s] -- Up-to-date: /home/robousr/Documents/Practicas_ROS2/crea_workspace/ros2_ws/install/turtlesim/share/turtlesim/srv/Kill.idl
[14.622s] -- Up-to-date: /home/robousr/Documents/Practicas_ROS2/crea_workspace/ros2_ws/install/turtlesim/share/turtlesim/srv/SetPen.idl
[14.622s] -- Up-to-date: /home/robousr/Documents/Practicas_ROS2/crea_workspace/ros2_ws/install/turtlesim/share/turtlesim/srv/Spawn.idl
[14.623s] -- Up-to-date: /home/robousr/Documents/Practicas_ROS2/crea_workspace/ros2_ws/install/turtlesim/share/turtlesim/srv/TeleportAbsolute.idl
[14.623s] -- Up-to-date: /home/robousr/Documents/Practicas_ROS2/crea_workspace/ros2_ws/install/turtlesim/share/turtlesim/srv/TeleportRelative.idl
[14.623s] -- Up-to-date: /home/robousr/Documents/Practicas_ROS2/crea_workspace/ros2_ws/install/turtlesim/share/turtlesim/action/RotateAbsolute.action
[14.623s] -- Up-to-date: /home/robousr/Documents/Practicas_ROS2/crea_workspace/ros2_ws/install/turtlesim/share/turtlesim/msg/Color.msg
[14.623s] -- Up-to-date: /home/robousr/Documents/Practicas_ROS2/crea_workspace/ros2_ws/install/turtlesim/share/turtlesim/msg/Pose.msg
[14.623s] -- Up-to-date: /home/robousr/Documents/Practicas_ROS2/crea_workspace/ros2_ws/install/turtlesim/share/turtlesim/srv/Kill.srv
[14.623s] -- Up-to-date: /home/robousr/Documents/Practicas_ROS2/crea_workspace/ros2_ws/install/turtlesim/share/turtlesim/srv/Kill_Request.msg
[14.623s] -- Up-to-date: /home/robousr/Documents/Practicas_ROS2/crea_workspace/ros2_ws/install/turtlesim/share/turtlesim/srv/Kill_Response.msg
[14.623s] -- Up-to-date: /home/robousr/Documents/Practicas_ROS2/crea_workspace/ros2_ws/install/turtlesim/share/turtlesim/srv/SetPen.srv
[14.623s] -- Up-to-date: /home/robousr/Documents/Practicas_ROS2/crea_workspace/ros2_ws/install/turtlesim/share/turtlesim/srv/SetPen_Request.msg
[14.624s] -- Up-to-date: /home/robousr/Documents/Practicas_ROS2/crea_workspace/ros2_ws/install/turtlesim/share/turtlesim/srv/SetPen_Response.msg
[14.624s] -- Up-to-date: /home/robousr/Documents/Practicas_ROS2/crea_workspace/ros2_ws/install/turtlesim/share/turtlesim/srv/Spawn.srv
[14.624s] -- Up-to-date: /home/robousr/Documents/Practicas_ROS2/crea_workspace/ros2_ws/install/turtlesim/share/turtlesim/srv/Spawn_Request.msg
[14.624s] -- Up-to-date: /home/robousr/Documents/Practicas_ROS2/crea_workspace/ros2_ws/install/turtlesim/share/turtlesim/srv/Spawn_Response.msg
[14.624s] -- Up-to-date: /home/robousr/Documents/Practicas_ROS2/crea_workspace/ros2_ws/install/turtlesim/share/turtlesim/srv/TeleportAbsolute.srv
[14.624s] -- Up-to-date: /home/robousr/Documents/Practicas_ROS2/crea_workspace/ros2_ws/install/turtlesim/share/turtlesim/srv/TeleportAbsolute_Request.msg
[14.625s] -- Up-to-date: /home/robousr/Documents/Practicas_ROS2/crea_workspace/ros2_ws/install/turtlesim/share/turtlesim/srv/TeleportAbsolute_Response.msg
[14.625s] -- Up-to-date: /home/robousr/Documents/Practicas_ROS2/crea_workspace/ros2_ws/install/turtlesim/share/turtlesim/srv/TeleportRelative.srv
[14.625s] -- Up-to-date: /home/robousr/Documents/Practicas_ROS2/crea_workspace/ros2_ws/install/turtlesim/share/turtlesim/srv/TeleportRelative_Request.msg
[14.625s] -- Up-to-date: /home/robousr/Documents/Practicas_ROS2/crea_workspace/ros2_ws/install/turtlesim/share/turtlesim/srv/TeleportRelative_Response.msg
[14.625s] -- Installing: /home/robousr/Documents/Practicas_ROS2/crea_workspace/ros2_ws/install/turtlesim/lib/turtlesim/turtlesim_node
[14.636s] -- Set runtime path of "/home/robousr/Documents/Practicas_ROS2/crea_workspace/ros2_ws/install/turtlesim/lib/turtlesim/turtlesim_node" to ""
[14.636s] -- Up-to-date: /home/robousr/Documents/Practicas_ROS2/crea_workspace/ros2_ws/install/turtlesim/lib/turtlesim/turtle_teleop_key
[14.636s] -- Up-to-date: /home/robousr/Documents/Practicas_ROS2/crea_workspace/ros2_ws/install/turtlesim/lib/turtlesim/draw_square
[14.637s] -- Up-to-date: /home/robousr/Documents/Practicas_ROS2/crea_workspace/ros2_ws/install/turtlesim/lib/turtlesim/mimic
[14.637s] -- Up-to-date: /home/robousr/Documents/Practicas_ROS2/crea_workspace/ros2_ws/install/turtlesim/share/turtlesim/images
[14.637s] -- Up-to-date: /home/robousr/Documents/Practicas_ROS2/crea_workspace/ros2_ws/install/turtlesim/share/turtlesim/images/rolling.png
[14.637s] -- Up-to-date: /home/robousr/Documents/Practicas_ROS2/crea_workspace/ros2_ws/install/turtlesim/share/turtlesim/images/eloquent.png
[14.637s] -- Up-to-date: /home/robousr/Documents/Practicas_ROS2/crea_workspace/ros2_ws/install/turtlesim/share/turtlesim/images/bouncy.png
[14.637s] -- Up-to-date: /home/robousr/Documents/Practicas_ROS2/crea_workspace/ros2_ws/install/turtlesim/share/turtlesim/images/dashing.png
[14.638s] -- Up-to-date: /home/robousr/Documents/Practicas_ROS2/crea_workspace/ros2_ws/install/turtlesim/share/turtlesim/images/humble.png
[14.638s] -- Up-to-date: /home/robousr/Documents/Practicas_ROS2/crea_workspace/ros2_ws/install/turtlesim/share/turtlesim/images/ardent.png
[14.638s] -- Up-to-date: /home/robousr/Documents/Practicas_ROS2/crea_workspace/ros2_ws/install/turtlesim/share/turtlesim/images/galactic.png
[14.638s] -- Up-to-date: /home/robousr/Documents/Practicas_ROS2/crea_workspace/ros2_ws/install/turtlesim/share/turtlesim/images/crystal.png
[14.638s] -- Up-to-date: /home/robousr/Documents/Practicas_ROS2/crea_workspace/ros2_ws/install/turtlesim/share/turtlesim/images/foxy.png
[14.638s] -- Up-to-date: /home/robousr/Documents/Practicas_ROS2/crea_workspace/ros2_ws/install/turtlesim/share/turtlesim/launch
[14.639s] -- Up-to-date: /home/robousr/Documents/Practicas_ROS2/crea_workspace/ros2_ws/install/turtlesim/share/turtlesim/launch/multisim.launch.py
[14.639s] -- Up-to-date: /home/robousr/Documents/Practicas_ROS2/crea_workspace/ros2_ws/install/turtlesim/share/ament_index/resource_index/package_run_dependencies/turtlesim
[14.639s] -- Up-to-date: /home/robousr/Documents/Practicas_ROS2/crea_workspace/ros2_ws/install/turtlesim/share/ament_index/resource_index/parent_prefix_path/turtlesim
[14.639s] -- Up-to-date: /home/robousr/Documents/Practicas_ROS2/crea_workspace/ros2_ws/install/turtlesim/share/turtlesim/environment/ament_prefix_path.sh
[14.639s] -- Up-to-date: /home/robousr/Documents/Practicas_ROS2/crea_workspace/ros2_ws/install/turtlesim/share/turtlesim/environment/ament_prefix_path.dsv
[14.639s] -- Up-to-date: /home/robousr/Documents/Practicas_ROS2/crea_workspace/ros2_ws/install/turtlesim/share/turtlesim/environment/path.sh
[14.639s] -- Up-to-date: /home/robousr/Documents/Practicas_ROS2/crea_workspace/ros2_ws/install/turtlesim/share/turtlesim/environment/path.dsv
[14.639s] -- Up-to-date: /home/robousr/Documents/Practicas_ROS2/crea_workspace/ros2_ws/install/turtlesim/share/turtlesim/local_setup.bash
[14.640s] -- Up-to-date: /home/robousr/Documents/Practicas_ROS2/crea_workspace/ros2_ws/install/turtlesim/share/turtlesim/local_setup.sh
[14.640s] -- Up-to-date: /home/robousr/Documents/Practicas_ROS2/crea_workspace/ros2_ws/install/turtlesim/share/turtlesim/local_setup.zsh
[14.640s] -- Up-to-date: /home/robousr/Documents/Practicas_ROS2/crea_workspace/ros2_ws/install/turtlesim/share/turtlesim/local_setup.dsv
[14.640s] -- Installing: /home/robousr/Documents/Practicas_ROS2/crea_workspace/ros2_ws/install/turtlesim/share/turtlesim/package.dsv
[14.640s] -- Up-to-date: /home/robousr/Documents/Practicas_ROS2/crea_workspace/ros2_ws/install/turtlesim/share/ament_index/resource_index/packages/turtlesim
[14.640s] -- Up-to-date: /home/robousr/Documents/Practicas_ROS2/crea_workspace/ros2_ws/install/turtlesim/share/turtlesim/cmake/export_turtlesim__rosidl_generator_cExport.cmake
[14.640s] -- Up-to-date: /home/robousr/Documents/Practicas_ROS2/crea_workspace/ros2_ws/install/turtlesim/share/turtlesim/cmake/export_turtlesim__rosidl_generator_cExport-noconfig.cmake
[14.640s] -- Up-to-date: /home/robousr/Documents/Practicas_ROS2/crea_workspace/ros2_ws/install/turtlesim/share/turtlesim/cmake/export_turtlesim__rosidl_typesupport_fastrtps_cExport.cmake
[14.640s] -- Up-to-date: /home/robousr/Documents/Practicas_ROS2/crea_workspace/ros2_ws/install/turtlesim/share/turtlesim/cmake/export_turtlesim__rosidl_typesupport_fastrtps_cExport-noconfig.cmake
[14.640s] -- Up-to-date: /home/robousr/Documents/Practicas_ROS2/crea_workspace/ros2_ws/install/turtlesim/share/turtlesim/cmake/export_turtlesim__rosidl_generator_cppExport.cmake
[14.640s] -- Up-to-date: /home/robousr/Documents/Practicas_ROS2/crea_workspace/ros2_ws/install/turtlesim/share/turtlesim/cmake/export_turtlesim__rosidl_typesupport_fastrtps_cppExport.cmake
[14.640s] -- Up-to-date: /home/robousr/Documents/Practicas_ROS2/crea_workspace/ros2_ws/install/turtlesim/share/turtlesim/cmake/export_turtlesim__rosidl_typesupport_fastrtps_cppExport-noconfig.cmake
[14.640s] -- Up-to-date: /home/robousr/Documents/Practicas_ROS2/crea_workspace/ros2_ws/install/turtlesim/share/turtlesim/cmake/turtlesim__rosidl_typesupport_introspection_cExport.cmake
[14.640s] -- Up-to-date: /home/robousr/Documents/Practicas_ROS2/crea_workspace/ros2_ws/install/turtlesim/share/turtlesim/cmake/turtlesim__rosidl_typesupport_introspection_cExport-noconfig.cmake
[14.640s] -- Up-to-date: /home/robousr/Documents/Practicas_ROS2/crea_workspace/ros2_ws/install/turtlesim/share/turtlesim/cmake/turtlesim__rosidl_typesupport_cExport.cmake
[14.640s] -- Up-to-date: /home/robousr/Documents/Practicas_ROS2/crea_workspace/ros2_ws/install/turtlesim/share/turtlesim/cmake/turtlesim__rosidl_typesupport_cExport-noconfig.cmake
[14.641s] -- Up-to-date: /home/robousr/Documents/Practicas_ROS2/crea_workspace/ros2_ws/install/turtlesim/share/turtlesim/cmake/turtlesim__rosidl_typesupport_introspection_cppExport.cmake
[14.641s] -- Up-to-date: /home/robousr/Documents/Practicas_ROS2/crea_workspace/ros2_ws/install/turtlesim/share/turtlesim/cmake/turtlesim__rosidl_typesupport_introspection_cppExport-noconfig.cmake
[14.641s] -- Up-to-date: /home/robousr/Documents/Practicas_ROS2/crea_workspace/ros2_ws/install/turtlesim/share/turtlesim/cmake/turtlesim__rosidl_typesupport_cppExport.cmake
[14.641s] -- Up-to-date: /home/robousr/Documents/Practicas_ROS2/crea_workspace/ros2_ws/install/turtlesim/share/turtlesim/cmake/turtlesim__rosidl_typesupport_cppExport-noconfig.cmake
[14.641s] -- Up-to-date: /home/robousr/Documents/Practicas_ROS2/crea_workspace/ros2_ws/install/turtlesim/share/turtlesim/cmake/export_turtlesim__rosidl_generator_pyExport.cmake
[14.641s] -- Up-to-date: /home/robousr/Documents/Practicas_ROS2/crea_workspace/ros2_ws/install/turtlesim/share/turtlesim/cmake/export_turtlesim__rosidl_generator_pyExport-noconfig.cmake
[14.641s] -- Up-to-date: /home/robousr/Documents/Practicas_ROS2/crea_workspace/ros2_ws/install/turtlesim/share/turtlesim/cmake/rosidl_cmake-extras.cmake
[14.642s] -- Up-to-date: /home/robousr/Documents/Practicas_ROS2/crea_workspace/ros2_ws/install/turtlesim/share/turtlesim/cmake/ament_cmake_export_dependencies-extras.cmake
[14.642s] -- Up-to-date: /home/robousr/Documents/Practicas_ROS2/crea_workspace/ros2_ws/install/turtlesim/share/turtlesim/cmake/ament_cmake_export_include_directories-extras.cmake
[14.642s] -- Up-to-date: /home/robousr/Documents/Practicas_ROS2/crea_workspace/ros2_ws/install/turtlesim/share/turtlesim/cmake/ament_cmake_export_libraries-extras.cmake
[14.642s] -- Up-to-date: /home/robousr/Documents/Practicas_ROS2/crea_workspace/ros2_ws/install/turtlesim/share/turtlesim/cmake/ament_cmake_export_targets-extras.cmake
[14.642s] -- Up-to-date: /home/robousr/Documents/Practicas_ROS2/crea_workspace/ros2_ws/install/turtlesim/share/turtlesim/cmake/rosidl_cmake_export_typesupport_targets-extras.cmake
[14.642s] -- Up-to-date: /home/robousr/Documents/Practicas_ROS2/crea_workspace/ros2_ws/install/turtlesim/share/turtlesim/cmake/rosidl_cmake_export_typesupport_libraries-extras.cmake
[14.642s] -- Up-to-date: /home/robousr/Documents/Practicas_ROS2/crea_workspace/ros2_ws/install/turtlesim/share/turtlesim/cmake/turtlesimConfig.cmake
[14.642s] -- Up-to-date: /home/robousr/Documents/Practicas_ROS2/crea_workspace/ros2_ws/install/turtlesim/share/turtlesim/cmake/turtlesimConfig-version.cmake
[14.642s] -- Up-to-date: /home/robousr/Documents/Practicas_ROS2/crea_workspace/ros2_ws/install/turtlesim/share/turtlesim/package.xml
[14.646s] Invoked command in '/home/robousr/Documents/Practicas_ROS2/crea_workspace/ros2_ws/build/turtlesim' returned '0': CMAKE_PREFIX_PATH=${CMAKE_PREFIX_PATH}:/opt/ros/humble /usr/bin/cmake --install /home/robousr/Documents/Practicas_ROS2/crea_workspace/ros2_ws/build/turtlesim
