[0.813s] Invoking command in '/home/robousr/Documents/Practicas_ROS2/ros2_ws/build/examples_rclpy_minimal_action_client': PYTHONPATH=/home/robousr/Documents/Practicas_ROS2/ros2_ws/build/examples_rclpy_minimal_action_client/prefix_override:/usr/lib/python3/dist-packages/colcon_core/task/python/colcon_distutils_commands:/home/robousr/Documents/Practicas_ROS2/ros2_ws/install/examples_rclpy_minimal_action_client/lib/python3.10/site-packages:${PYTHONPATH} /usr/bin/python3 -W ignore:setup.py install is deprecated -W ignore:easy_install command is deprecated setup.py develop --editable --build-directory /home/robousr/Documents/Practicas_ROS2/ros2_ws/build/examples_rclpy_minimal_action_client/build --no-deps symlink_data
[1.147s] running develop
[1.366s] running egg_info
[1.366s] creating examples_rclpy_minimal_action_client.egg-info
[1.367s] writing examples_rclpy_minimal_action_client.egg-info/PKG-INFO
[1.369s] writing dependency_links to examples_rclpy_minimal_action_client.egg-info/dependency_links.txt
[1.369s] writing entry points to examples_rclpy_minimal_action_client.egg-info/entry_points.txt
[1.369s] writing requirements to examples_rclpy_minimal_action_client.egg-info/requires.txt
[1.370s] writing top-level names to examples_rclpy_minimal_action_client.egg-info/top_level.txt
[1.370s] writing manifest file 'examples_rclpy_minimal_action_client.egg-info/SOURCES.txt'
[1.373s] reading manifest file 'examples_rclpy_minimal_action_client.egg-info/SOURCES.txt'
[1.374s] writing manifest file 'examples_rclpy_minimal_action_client.egg-info/SOURCES.txt'
[1.376s] running build_ext
[1.376s] Creating /home/robousr/Documents/Practicas_ROS2/ros2_ws/install/examples_rclpy_minimal_action_client/lib/python3.10/site-packages/examples-rclpy-minimal-action-client.egg-link (link to .)
[1.380s] Installing client script to /home/robousr/Documents/Practicas_ROS2/ros2_ws/install/examples_rclpy_minimal_action_client/lib/examples_rclpy_minimal_action_client
[1.380s] Installing client_asyncio script to /home/robousr/Documents/Practicas_ROS2/ros2_ws/install/examples_rclpy_minimal_action_client/lib/examples_rclpy_minimal_action_client
[1.380s] Installing client_cancel script to /home/robousr/Documents/Practicas_ROS2/ros2_ws/install/examples_rclpy_minimal_action_client/lib/examples_rclpy_minimal_action_client
[1.380s] Installing client_not_composable script to /home/robousr/Documents/Practicas_ROS2/ros2_ws/install/examples_rclpy_minimal_action_client/lib/examples_rclpy_minimal_action_client
[1.380s] 
[1.380s] Installed /home/robousr/Documents/Practicas_ROS2/ros2_ws/build/examples_rclpy_minimal_action_client
[1.380s] running symlink_data
[1.381s] creating /home/robousr/Documents/Practicas_ROS2/ros2_ws/install/examples_rclpy_minimal_action_client/share/ament_index
[1.381s] creating /home/robousr/Documents/Practicas_ROS2/ros2_ws/install/examples_rclpy_minimal_action_client/share/ament_index/resource_index
[1.384s] creating /home/robousr/Documents/Practicas_ROS2/ros2_ws/install/examples_rclpy_minimal_action_client/share/ament_index/resource_index/packages
[1.384s] symbolically linking /home/robousr/Documents/Practicas_ROS2/ros2_ws/build/examples_rclpy_minimal_action_client/resource/examples_rclpy_minimal_action_client -> /home/robousr/Documents/Practicas_ROS2/ros2_ws/install/examples_rclpy_minimal_action_client/share/ament_index/resource_index/packages
[1.384s] symbolically linking /home/robousr/Documents/Practicas_ROS2/ros2_ws/build/examples_rclpy_minimal_action_client/package.xml -> /home/robousr/Documents/Practicas_ROS2/ros2_ws/install/examples_rclpy_minimal_action_client/share/examples_rclpy_minimal_action_client
[1.432s] Invoked command in '/home/robousr/Documents/Practicas_ROS2/ros2_ws/build/examples_rclpy_minimal_action_client' returned '0': PYTHONPATH=/home/robousr/Documents/Practicas_ROS2/ros2_ws/build/examples_rclpy_minimal_action_client/prefix_override:/usr/lib/python3/dist-packages/colcon_core/task/python/colcon_distutils_commands:/home/robousr/Documents/Practicas_ROS2/ros2_ws/install/examples_rclpy_minimal_action_client/lib/python3.10/site-packages:${PYTHONPATH} /usr/bin/python3 -W ignore:setup.py install is deprecated -W ignore:easy_install command is deprecated setup.py develop --editable --build-directory /home/robousr/Documents/Practicas_ROS2/ros2_ws/build/examples_rclpy_minimal_action_client/build --no-deps symlink_data
