[0.811s] Invoking command in '/home/robousr/Documents/Practicas_ROS2/ros2_ws/build/examples_rclpy_pointcloud_publisher': PYTHONPATH=/home/robousr/Documents/Practicas_ROS2/ros2_ws/build/examples_rclpy_pointcloud_publisher/prefix_override:/usr/lib/python3/dist-packages/colcon_core/task/python/colcon_distutils_commands:/home/robousr/Documents/Practicas_ROS2/ros2_ws/install/examples_rclpy_pointcloud_publisher/lib/python3.10/site-packages:${PYTHONPATH} /usr/bin/python3 -W ignore:setup.py install is deprecated -W ignore:easy_install command is deprecated setup.py develop --editable --build-directory /home/robousr/Documents/Practicas_ROS2/ros2_ws/build/examples_rclpy_pointcloud_publisher/build --no-deps symlink_data
[1.118s] running develop
[1.332s] running egg_info
[1.332s] creating examples_rclpy_pointcloud_publisher.egg-info
[1.333s] writing examples_rclpy_pointcloud_publisher.egg-info/PKG-INFO
[1.333s] writing dependency_links to examples_rclpy_pointcloud_publisher.egg-info/dependency_links.txt
[1.334s] writing entry points to examples_rclpy_pointcloud_publisher.egg-info/entry_points.txt
[1.334s] writing requirements to examples_rclpy_pointcloud_publisher.egg-info/requires.txt
[1.334s] writing top-level names to examples_rclpy_pointcloud_publisher.egg-info/top_level.txt
[1.334s] writing manifest file 'examples_rclpy_pointcloud_publisher.egg-info/SOURCES.txt'
[1.339s] reading manifest file 'examples_rclpy_pointcloud_publisher.egg-info/SOURCES.txt'
[1.341s] writing manifest file 'examples_rclpy_pointcloud_publisher.egg-info/SOURCES.txt'
[1.342s] running build_ext
[1.343s] Creating /home/robousr/Documents/Practicas_ROS2/ros2_ws/install/examples_rclpy_pointcloud_publisher/lib/python3.10/site-packages/examples-rclpy-pointcloud-publisher.egg-link (link to .)
[1.344s] Installing pointcloud_publisher script to /home/robousr/Documents/Practicas_ROS2/ros2_ws/install/examples_rclpy_pointcloud_publisher/lib/examples_rclpy_pointcloud_publisher
[1.344s] 
[1.344s] Installed /home/robousr/Documents/Practicas_ROS2/ros2_ws/build/examples_rclpy_pointcloud_publisher
[1.344s] running symlink_data
[1.345s] creating /home/robousr/Documents/Practicas_ROS2/ros2_ws/install/examples_rclpy_pointcloud_publisher/share/ament_index
[1.345s] creating /home/robousr/Documents/Practicas_ROS2/ros2_ws/install/examples_rclpy_pointcloud_publisher/share/ament_index/resource_index
[1.345s] creating /home/robousr/Documents/Practicas_ROS2/ros2_ws/install/examples_rclpy_pointcloud_publisher/share/ament_index/resource_index/packages
[1.347s] symbolically linking /home/robousr/Documents/Practicas_ROS2/ros2_ws/build/examples_rclpy_pointcloud_publisher/resource/examples_rclpy_pointcloud_publisher -> /home/robousr/Documents/Practicas_ROS2/ros2_ws/install/examples_rclpy_pointcloud_publisher/share/ament_index/resource_index/packages
[1.347s] symbolically linking /home/robousr/Documents/Practicas_ROS2/ros2_ws/build/examples_rclpy_pointcloud_publisher/package.xml -> /home/robousr/Documents/Practicas_ROS2/ros2_ws/install/examples_rclpy_pointcloud_publisher/share/examples_rclpy_pointcloud_publisher
[1.395s] Invoked command in '/home/robousr/Documents/Practicas_ROS2/ros2_ws/build/examples_rclpy_pointcloud_publisher' returned '0': PYTHONPATH=/home/robousr/Documents/Practicas_ROS2/ros2_ws/build/examples_rclpy_pointcloud_publisher/prefix_override:/usr/lib/python3/dist-packages/colcon_core/task/python/colcon_distutils_commands:/home/robousr/Documents/Practicas_ROS2/ros2_ws/install/examples_rclpy_pointcloud_publisher/lib/python3.10/site-packages:${PYTHONPATH} /usr/bin/python3 -W ignore:setup.py install is deprecated -W ignore:easy_install command is deprecated setup.py develop --editable --build-directory /home/robousr/Documents/Practicas_ROS2/ros2_ws/build/examples_rclpy_pointcloud_publisher/build --no-deps symlink_data
