[0.012s] Invoking command in '/home/robousr/Documents/Practicas_ROS2/crea_workspace/ros2_ws/build/turtlesim': CMAKE_PREFIX_PATH=${CMAKE_PREFIX_PATH}:/opt/ros/humble /usr/bin/cmake /home/robousr/Documents/Practicas_ROS2/crea_workspace/ros2_ws/src/ros_tutorials/turtlesim -DCMAKE_INSTALL_PREFIX=/home/robousr/Documents/Practicas_ROS2/crea_workspace/ros2_ws/install/turtlesim
[0.116s] -- The C compiler identification is GNU 11.4.0
[0.191s] -- The CXX compiler identification is GNU 11.4.0
[0.205s] -- Detecting C compiler ABI info
[0.297s] -- Detecting C compiler ABI info - done
[0.303s] -- Check for working C compiler: /usr/bin/cc - skipped
[0.304s] -- Detecting C compile features
[0.305s] -- Detecting C compile features - done
[0.310s] -- Detecting CXX compiler ABI info
[0.407s] -- Detecting CXX compiler ABI info - done
[0.413s] -- Check for working CXX compiler: /usr/bin/c++ - skipped
[0.413s] -- Detecting CXX compile features
[0.413s] -- Detecting CXX compile features - done
[0.435s] -- Found ament_cmake: 1.3.11 (/opt/ros/humble/share/ament_cmake/cmake)
[0.947s] -- Found Python3: /home/robousr/.pyenv/shims/python3 (found version "3.10.12") found components: Interpreter 
[1.125s] -- Found ament_index_cpp: 1.4.0 (/opt/ros/humble/share/ament_index_cpp/cmake)
[1.130s] -- Found geometry_msgs: 4.8.0 (/opt/ros/humble/share/geometry_msgs/cmake)
[1.215s] -- Found rosidl_generator_c: 3.1.6 (/opt/ros/humble/share/rosidl_generator_c/cmake)
[1.224s] -- Found rosidl_adapter: 3.1.6 (/opt/ros/humble/share/rosidl_adapter/cmake)
[1.243s] -- Found rosidl_generator_cpp: 3.1.6 (/opt/ros/humble/share/rosidl_generator_cpp/cmake)
[1.268s] -- Using all available rosidl_typesupport_c: rosidl_typesupport_fastrtps_c;rosidl_typesupport_introspection_c
[1.292s] -- Using all available rosidl_typesupport_cpp: rosidl_typesupport_fastrtps_cpp;rosidl_typesupport_introspection_cpp
[1.396s] -- Found rclcpp: 16.0.12 (/opt/ros/humble/share/rclcpp/cmake)
[1.458s] -- Found rmw_implementation_cmake: 6.1.2 (/opt/ros/humble/share/rmw_implementation_cmake/cmake)
[1.463s] -- Found rmw_fastrtps_cpp: 6.2.7 (/opt/ros/humble/share/rmw_fastrtps_cpp/cmake)
[1.599s] -- Found OpenSSL: /usr/lib/x86_64-linux-gnu/libcrypto.so (found version "3.0.2")  
[1.632s] -- Found FastRTPS: /opt/ros/humble/include  
[1.681s] -- Using RMW implementation 'rmw_fastrtps_cpp' as default
[1.696s] -- Looking for pthread.h
[1.820s] -- Looking for pthread.h - found
[1.820s] -- Performing Test CMAKE_HAVE_LIBC_PTHREAD
[1.963s] -- Performing Test CMAKE_HAVE_LIBC_PTHREAD - Success
[1.963s] -- Found Threads: TRUE  
[2.061s] -- Found rclcpp_action: 16.0.12 (/opt/ros/humble/share/rclcpp_action/cmake)
[2.160s] -- Found rosidl_default_generators: 1.2.0 (/opt/ros/humble/share/rosidl_default_generators/cmake)
[2.187s] -- Found std_srvs: 4.8.0 (/opt/ros/humble/share/std_srvs/cmake)
[2.833s] -- Found ament_cmake_ros: 0.10.0 (/opt/ros/humble/share/ament_cmake_ros/cmake)
[3.492s] -- Using all available rosidl_typesupport_c: rosidl_typesupport_fastrtps_c;rosidl_typesupport_introspection_c
[3.741s] -- Using all available rosidl_typesupport_cpp: rosidl_typesupport_fastrtps_cpp;rosidl_typesupport_introspection_cpp
[3.845s] -- Found PythonInterp: /home/robousr/.pyenv/shims/python3 (found suitable version "3.10.12", minimum required is "3.6") 
[3.849s] -- Found python_cmake_module: 0.10.0 (/opt/ros/humble/share/python_cmake_module/cmake)
[4.003s] -- Found PythonLibs: /usr/lib/x86_64-linux-gnu/libpython3.10.so (found suitable version "3.10.12", minimum required is "3.5") 
[4.003s] -- Using PYTHON_EXECUTABLE: /home/robousr/.pyenv/shims/python3
[4.003s] -- Using PYTHON_INCLUDE_DIRS: /usr/include/python3.10
[4.005s] -- Using PYTHON_LIBRARIES: /usr/lib/x86_64-linux-gnu/libpython3.10.so
[4.121s] -- Found PythonExtra: .so  
[4.281s] -- Configuring done
[4.378s] -- Generating done
[4.405s] -- Build files have been written to: /home/robousr/Documents/Practicas_ROS2/crea_workspace/ros2_ws/build/turtlesim
[4.428s] Invoked command in '/home/robousr/Documents/Practicas_ROS2/crea_workspace/ros2_ws/build/turtlesim' returned '0': CMAKE_PREFIX_PATH=${CMAKE_PREFIX_PATH}:/opt/ros/humble /usr/bin/cmake /home/robousr/Documents/Practicas_ROS2/crea_workspace/ros2_ws/src/ros_tutorials/turtlesim -DCMAKE_INSTALL_PREFIX=/home/robousr/Documents/Practicas_ROS2/crea_workspace/ros2_ws/install/turtlesim
[4.431s] Invoking command in '/home/robousr/Documents/Practicas_ROS2/crea_workspace/ros2_ws/build/turtlesim': CMAKE_PREFIX_PATH=${CMAKE_PREFIX_PATH}:/opt/ros/humble /usr/bin/cmake --build /home/robousr/Documents/Practicas_ROS2/crea_workspace/ros2_ws/build/turtlesim -- -j2 -l2
[4.508s] [  1%] [34m[1mGenerating C code for ROS interfaces[0m
[4.531s] [  2%] [34m[1mGenerating C++ code for ROS interfaces[0m
[6.110s] [  2%] Built target turtlesim__cpp
[6.147s] [  3%] [32mBuilding C object CMakeFiles/turtlesim__rosidl_generator_c.dir/rosidl_generator_c/turtlesim/action/detail/rotate_absolute__functions.c.o[0m
[6.147s] [  3%] Built target ament_cmake_python_copy_turtlesim
[6.161s] [  4%] [34m[1mGenerating C++ type support dispatch for ROS interfaces[0m
[6.329s] [  5%] [32mBuilding C object CMakeFiles/turtlesim__rosidl_generator_c.dir/rosidl_generator_c/turtlesim/msg/detail/color__functions.c.o[0m
[6.395s] [  6%] [32mBuilding C object CMakeFiles/turtlesim__rosidl_generator_c.dir/rosidl_generator_c/turtlesim/msg/detail/pose__functions.c.o[0m
[6.481s] [  7%] [32mBuilding C object CMakeFiles/turtlesim__rosidl_generator_c.dir/rosidl_generator_c/turtlesim/srv/detail/kill__functions.c.o[0m
[6.603s] [  8%] [32mBuilding C object CMakeFiles/turtlesim__rosidl_generator_c.dir/rosidl_generator_c/turtlesim/srv/detail/set_pen__functions.c.o[0m
[6.730s] [  9%] [32mBuilding C object CMakeFiles/turtlesim__rosidl_generator_c.dir/rosidl_generator_c/turtlesim/srv/detail/spawn__functions.c.o[0m
[6.898s] [ 10%] [32mBuilding C object CMakeFiles/turtlesim__rosidl_generator_c.dir/rosidl_generator_c/turtlesim/srv/detail/teleport_absolute__functions.c.o[0m
[7.006s] [ 11%] [32mBuilding C object CMakeFiles/turtlesim__rosidl_generator_c.dir/rosidl_generator_c/turtlesim/srv/detail/teleport_relative__functions.c.o[0m
[7.112s] [ 12%] [32m[1mLinking C shared library libturtlesim__rosidl_generator_c.so[0m
[7.177s] [ 13%] [32mBuilding CXX object CMakeFiles/turtlesim__rosidl_typesupport_cpp.dir/rosidl_typesupport_cpp/turtlesim/action/rotate_absolute__type_support.cpp.o[0m
[7.206s] [ 13%] Built target turtlesim__rosidl_generator_c
[7.228s] [ 14%] [34m[1mGenerating C++ type support for eProsima Fast-RTPS[0m
[8.188s] [ 15%] [32mBuilding CXX object CMakeFiles/turtlesim__rosidl_typesupport_cpp.dir/rosidl_typesupport_cpp/turtlesim/msg/color__type_support.cpp.o[0m
[8.634s] [ 16%] [32mBuilding CXX object CMakeFiles/turtlesim__rosidl_typesupport_cpp.dir/rosidl_typesupport_cpp/turtlesim/msg/pose__type_support.cpp.o[0m
[8.779s] [ 17%] [32mBuilding CXX object CMakeFiles/turtlesim__rosidl_typesupport_fastrtps_cpp.dir/rosidl_typesupport_fastrtps_cpp/turtlesim/action/detail/dds_fastrtps/rotate_absolute__type_support.cpp.o[0m
[9.042s] [ 18%] [32mBuilding CXX object CMakeFiles/turtlesim__rosidl_typesupport_cpp.dir/rosidl_typesupport_cpp/turtlesim/srv/kill__type_support.cpp.o[0m
[9.480s] [ 19%] [32mBuilding CXX object CMakeFiles/turtlesim__rosidl_typesupport_cpp.dir/rosidl_typesupport_cpp/turtlesim/srv/set_pen__type_support.cpp.o[0m
[9.980s] [ 20%] [32mBuilding CXX object CMakeFiles/turtlesim__rosidl_typesupport_fastrtps_cpp.dir/rosidl_typesupport_fastrtps_cpp/turtlesim/msg/detail/dds_fastrtps/color__type_support.cpp.o[0m
[9.990s] [ 21%] [32mBuilding CXX object CMakeFiles/turtlesim__rosidl_typesupport_cpp.dir/rosidl_typesupport_cpp/turtlesim/srv/spawn__type_support.cpp.o[0m
[10.336s] [ 22%] [32mBuilding CXX object CMakeFiles/turtlesim__rosidl_typesupport_cpp.dir/rosidl_typesupport_cpp/turtlesim/srv/teleport_absolute__type_support.cpp.o[0m
[10.479s] [ 23%] [32mBuilding CXX object CMakeFiles/turtlesim__rosidl_typesupport_fastrtps_cpp.dir/rosidl_typesupport_fastrtps_cpp/turtlesim/msg/detail/dds_fastrtps/pose__type_support.cpp.o[0m
[10.647s] [ 24%] [32mBuilding CXX object CMakeFiles/turtlesim__rosidl_typesupport_cpp.dir/rosidl_typesupport_cpp/turtlesim/srv/teleport_relative__type_support.cpp.o[0m
[10.924s] [ 25%] [32mBuilding CXX object CMakeFiles/turtlesim__rosidl_typesupport_fastrtps_cpp.dir/rosidl_typesupport_fastrtps_cpp/turtlesim/srv/detail/dds_fastrtps/kill__type_support.cpp.o[0m
[10.956s] [ 26%] [32m[1mLinking CXX shared library libturtlesim__rosidl_typesupport_cpp.so[0m
[11.016s] [ 26%] Built target turtlesim__rosidl_typesupport_cpp
[11.032s] [ 27%] [34m[1mGenerating C introspection for ROS interfaces[0m
[11.534s] [ 28%] [32mBuilding CXX object CMakeFiles/turtlesim__rosidl_typesupport_fastrtps_cpp.dir/rosidl_typesupport_fastrtps_cpp/turtlesim/srv/detail/dds_fastrtps/set_pen__type_support.cpp.o[0m
[11.996s] [ 29%] [32mBuilding CXX object CMakeFiles/turtlesim__rosidl_typesupport_fastrtps_cpp.dir/rosidl_typesupport_fastrtps_cpp/turtlesim/srv/detail/dds_fastrtps/spawn__type_support.cpp.o[0m
[12.135s] [ 30%] [32mBuilding C object CMakeFiles/turtlesim__rosidl_typesupport_introspection_c.dir/rosidl_typesupport_introspection_c/turtlesim/action/detail/rotate_absolute__type_support.c.o[0m
[12.222s] [ 31%] [32mBuilding C object CMakeFiles/turtlesim__rosidl_typesupport_introspection_c.dir/rosidl_typesupport_introspection_c/turtlesim/msg/detail/color__type_support.c.o[0m
[12.292s] [ 32%] [32mBuilding C object CMakeFiles/turtlesim__rosidl_typesupport_introspection_c.dir/rosidl_typesupport_introspection_c/turtlesim/msg/detail/pose__type_support.c.o[0m
[12.357s] [ 33%] [32mBuilding C object CMakeFiles/turtlesim__rosidl_typesupport_introspection_c.dir/rosidl_typesupport_introspection_c/turtlesim/srv/detail/kill__type_support.c.o[0m
[12.442s] [ 34%] [32mBuilding C object CMakeFiles/turtlesim__rosidl_typesupport_introspection_c.dir/rosidl_typesupport_introspection_c/turtlesim/srv/detail/set_pen__type_support.c.o[0m
[12.572s] [ 35%] [32mBuilding C object CMakeFiles/turtlesim__rosidl_typesupport_introspection_c.dir/rosidl_typesupport_introspection_c/turtlesim/srv/detail/spawn__type_support.c.o[0m
[12.612s] [ 36%] [32mBuilding CXX object CMakeFiles/turtlesim__rosidl_typesupport_fastrtps_cpp.dir/rosidl_typesupport_fastrtps_cpp/turtlesim/srv/detail/dds_fastrtps/teleport_absolute__type_support.cpp.o[0m
[12.692s] [ 37%] [32mBuilding C object CMakeFiles/turtlesim__rosidl_typesupport_introspection_c.dir/rosidl_typesupport_introspection_c/turtlesim/srv/detail/teleport_absolute__type_support.c.o[0m
[12.751s] [ 38%] [32mBuilding C object CMakeFiles/turtlesim__rosidl_typesupport_introspection_c.dir/rosidl_typesupport_introspection_c/turtlesim/srv/detail/teleport_relative__type_support.c.o[0m
[12.797s] [ 39%] [32m[1mLinking C shared library libturtlesim__rosidl_typesupport_introspection_c.so[0m
[12.853s] [ 39%] Built target turtlesim__rosidl_typesupport_introspection_c
[12.865s] [ 40%] [34m[1mGenerating C type support dispatch for ROS interfaces[0m
[13.157s] [ 41%] [32mBuilding CXX object CMakeFiles/turtlesim__rosidl_typesupport_fastrtps_cpp.dir/rosidl_typesupport_fastrtps_cpp/turtlesim/srv/detail/dds_fastrtps/teleport_relative__type_support.cpp.o[0m
[13.571s] [ 42%] [32mBuilding CXX object CMakeFiles/turtlesim__rosidl_typesupport_c.dir/rosidl_typesupport_c/turtlesim/action/rotate_absolute__type_support.cpp.o[0m
[13.643s] [ 43%] [32mBuilding CXX object CMakeFiles/turtlesim__rosidl_typesupport_c.dir/rosidl_typesupport_c/turtlesim/msg/color__type_support.cpp.o[0m
[13.690s] [ 44%] [32mBuilding CXX object CMakeFiles/turtlesim__rosidl_typesupport_c.dir/rosidl_typesupport_c/turtlesim/msg/pose__type_support.cpp.o[0m
[13.691s] [ 45%] [32m[1mLinking CXX shared library libturtlesim__rosidl_typesupport_fastrtps_cpp.so[0m
[13.734s] [ 46%] [32mBuilding CXX object CMakeFiles/turtlesim__rosidl_typesupport_c.dir/rosidl_typesupport_c/turtlesim/srv/kill__type_support.cpp.o[0m
[13.780s] [ 47%] [32mBuilding CXX object CMakeFiles/turtlesim__rosidl_typesupport_c.dir/rosidl_typesupport_c/turtlesim/srv/set_pen__type_support.cpp.o[0m
[13.798s] [ 47%] Built target turtlesim__rosidl_typesupport_fastrtps_cpp
[13.817s] [ 48%] [34m[1mGenerating C++ introspection for ROS interfaces[0m
[13.832s] [ 49%] [32mBuilding CXX object CMakeFiles/turtlesim__rosidl_typesupport_c.dir/rosidl_typesupport_c/turtlesim/srv/spawn__type_support.cpp.o[0m
[13.875s] [ 50%] [32mBuilding CXX object CMakeFiles/turtlesim__rosidl_typesupport_c.dir/rosidl_typesupport_c/turtlesim/srv/teleport_absolute__type_support.cpp.o[0m
[13.926s] [ 51%] [32mBuilding CXX object CMakeFiles/turtlesim__rosidl_typesupport_c.dir/rosidl_typesupport_c/turtlesim/srv/teleport_relative__type_support.cpp.o[0m
[13.969s] [ 52%] [32m[1mLinking CXX shared library libturtlesim__rosidl_typesupport_c.so[0m
[14.033s] [ 52%] Built target turtlesim__rosidl_typesupport_c
[14.503s] running egg_info
[14.503s] creating turtlesim.egg-info
[14.503s] writing turtlesim.egg-info/PKG-INFO
[14.504s] writing dependency_links to turtlesim.egg-info/dependency_links.txt
[14.505s] writing top-level names to turtlesim.egg-info/top_level.txt
[14.508s] writing manifest file 'turtlesim.egg-info/SOURCES.txt'
[14.511s] reading manifest file 'turtlesim.egg-info/SOURCES.txt'
[14.512s] writing manifest file 'turtlesim.egg-info/SOURCES.txt'
[14.572s] [ 52%] Built target ament_cmake_python_build_turtlesim_egg
[14.592s] [ 53%] [34m[1mGenerating include/turtlesim/moc_turtle_frame.cpp[0m
[14.746s] [ 54%] [32mBuilding CXX object CMakeFiles/turtlesim_node.dir/src/turtlesim.cpp.o[0m
[14.918s] [ 55%] [32mBuilding CXX object CMakeFiles/turtlesim__rosidl_typesupport_introspection_cpp.dir/rosidl_typesupport_introspection_cpp/turtlesim/action/detail/rotate_absolute__type_support.cpp.o[0m
[16.063s] [ 56%] [32mBuilding CXX object CMakeFiles/turtlesim__rosidl_typesupport_introspection_cpp.dir/rosidl_typesupport_introspection_cpp/turtlesim/msg/detail/color__type_support.cpp.o[0m
[16.711s] [ 57%] [32mBuilding CXX object CMakeFiles/turtlesim__rosidl_typesupport_introspection_cpp.dir/rosidl_typesupport_introspection_cpp/turtlesim/msg/detail/pose__type_support.cpp.o[0m
[17.273s] [ 58%] [32mBuilding CXX object CMakeFiles/turtlesim__rosidl_typesupport_introspection_cpp.dir/rosidl_typesupport_introspection_cpp/turtlesim/srv/detail/kill__type_support.cpp.o[0m
[18.076s] [ 59%] [32mBuilding CXX object CMakeFiles/turtlesim__rosidl_typesupport_introspection_cpp.dir/rosidl_typesupport_introspection_cpp/turtlesim/srv/detail/set_pen__type_support.cpp.o[0m
[18.639s] [ 60%] [32mBuilding CXX object CMakeFiles/turtlesim__rosidl_typesupport_introspection_cpp.dir/rosidl_typesupport_introspection_cpp/turtlesim/srv/detail/spawn__type_support.cpp.o[0m
[19.239s] [ 61%] [32mBuilding CXX object CMakeFiles/turtlesim__rosidl_typesupport_introspection_cpp.dir/rosidl_typesupport_introspection_cpp/turtlesim/srv/detail/teleport_absolute__type_support.cpp.o[0m
[19.736s] [ 62%] [32mBuilding CXX object CMakeFiles/turtlesim__rosidl_typesupport_introspection_cpp.dir/rosidl_typesupport_introspection_cpp/turtlesim/srv/detail/teleport_relative__type_support.cpp.o[0m
[20.188s] [ 63%] [32m[1mLinking CXX shared library libturtlesim__rosidl_typesupport_introspection_cpp.so[0m
[20.300s] [ 63%] Built target turtlesim__rosidl_typesupport_introspection_cpp
[20.318s] [ 64%] [32mBuilding CXX object CMakeFiles/turtlesim_node.dir/src/turtle.cpp.o[0m
[22.570s] [ 65%] [32mBuilding CXX object CMakeFiles/turtlesim_node.dir/src/turtle_frame.cpp.o[0m
[38.560s] [ 66%] [32mBuilding CXX object CMakeFiles/turtle_teleop_key.dir/tutorials/teleop_turtle_key.cpp.o[0m
[39.235s] [ 67%] [32mBuilding CXX object CMakeFiles/turtlesim_node.dir/include/turtlesim/moc_turtle_frame.cpp.o[0m
[44.118s] [ 68%] [32m[1mLinking CXX executable turtlesim_node[0m
[45.808s] [ 69%] [32m[1mLinking CXX executable turtle_teleop_key[0m
[46.113s] [ 69%] Built target turtle_teleop_key
[46.146s] [ 70%] [32mBuilding CXX object CMakeFiles/draw_square.dir/tutorials/draw_square.cpp.o[0m
[46.696s] [ 70%] Built target turtlesim_node
[46.730s] [ 71%] [32mBuilding CXX object CMakeFiles/mimic.dir/tutorials/mimic.cpp.o[0m
[56.823s] [ 72%] [32m[1mLinking CXX executable draw_square[0m
[56.826s] [ 73%] [32m[1mLinking CXX executable mimic[0m
[57.319s] [ 73%] Built target mimic
[57.325s] [ 73%] Built target draw_square
[57.334s] [ 74%] [34m[1mGenerating C type support for eProsima Fast-RTPS[0m
[58.124s] [ 75%] [32mBuilding CXX object CMakeFiles/turtlesim__rosidl_typesupport_fastrtps_c.dir/rosidl_typesupport_fastrtps_c/turtlesim/msg/detail/color__type_support_c.cpp.o[0m
[58.126s] [ 76%] [32mBuilding CXX object CMakeFiles/turtlesim__rosidl_typesupport_fastrtps_c.dir/rosidl_typesupport_fastrtps_c/turtlesim/action/detail/rotate_absolute__type_support_c.cpp.o[0m
[58.497s] [ 77%] [32mBuilding CXX object CMakeFiles/turtlesim__rosidl_typesupport_fastrtps_c.dir/rosidl_typesupport_fastrtps_c/turtlesim/msg/detail/pose__type_support_c.cpp.o[0m
[58.569s] [ 78%] [32mBuilding CXX object CMakeFiles/turtlesim__rosidl_typesupport_fastrtps_c.dir/rosidl_typesupport_fastrtps_c/turtlesim/srv/detail/kill__type_support_c.cpp.o[0m
[58.877s] [ 79%] [32mBuilding CXX object CMakeFiles/turtlesim__rosidl_typesupport_fastrtps_c.dir/rosidl_typesupport_fastrtps_c/turtlesim/srv/detail/set_pen__type_support_c.cpp.o[0m
[59.006s] [ 80%] [32mBuilding CXX object CMakeFiles/turtlesim__rosidl_typesupport_fastrtps_c.dir/rosidl_typesupport_fastrtps_c/turtlesim/srv/detail/spawn__type_support_c.cpp.o[0m
[59.279s] [ 81%] [32mBuilding CXX object CMakeFiles/turtlesim__rosidl_typesupport_fastrtps_c.dir/rosidl_typesupport_fastrtps_c/turtlesim/srv/detail/teleport_absolute__type_support_c.cpp.o[0m
[59.400s] [ 82%] [32mBuilding CXX object CMakeFiles/turtlesim__rosidl_typesupport_fastrtps_c.dir/rosidl_typesupport_fastrtps_c/turtlesim/srv/detail/teleport_relative__type_support_c.cpp.o[0m
[59.765s] [ 83%] [32m[1mLinking CXX shared library libturtlesim__rosidl_typesupport_fastrtps_c.so[0m
[59.853s] [ 83%] Built target turtlesim__rosidl_typesupport_fastrtps_c
[59.883s] [ 83%] Built target turtlesim
[59.910s] [ 84%] [34m[1mGenerating Python code for ROS interfaces[0m
[61.446s] [ 84%] Built target turtlesim__py
[61.473s] [ 86%] [32mBuilding C object CMakeFiles/turtlesim__rosidl_generator_py.dir/rosidl_generator_py/turtlesim/action/_rotate_absolute_s.c.o[0m
[61.473s] [ 86%] [32mBuilding C object CMakeFiles/turtlesim__rosidl_generator_py.dir/rosidl_generator_py/turtlesim/msg/_color_s.c.o[0m
[61.612s] [ 87%] [32mBuilding C object CMakeFiles/turtlesim__rosidl_generator_py.dir/rosidl_generator_py/turtlesim/msg/_pose_s.c.o[0m
[61.655s] [ 88%] [32mBuilding C object CMakeFiles/turtlesim__rosidl_generator_py.dir/rosidl_generator_py/turtlesim/srv/_kill_s.c.o[0m
[61.737s] [ 89%] [32mBuilding C object CMakeFiles/turtlesim__rosidl_generator_py.dir/rosidl_generator_py/turtlesim/srv/_set_pen_s.c.o[0m
[61.787s] [ 90%] [32mBuilding C object CMakeFiles/turtlesim__rosidl_generator_py.dir/rosidl_generator_py/turtlesim/srv/_spawn_s.c.o[0m
[61.862s] [ 91%] [32mBuilding C object CMakeFiles/turtlesim__rosidl_generator_py.dir/rosidl_generator_py/turtlesim/srv/_teleport_absolute_s.c.o[0m
[61.925s] [ 92%] [32mBuilding C object CMakeFiles/turtlesim__rosidl_generator_py.dir/rosidl_generator_py/turtlesim/srv/_teleport_relative_s.c.o[0m
[62.051s] [ 93%] [32m[1mLinking C shared library rosidl_generator_py/turtlesim/libturtlesim__rosidl_generator_py.so[0m
[62.110s] [ 93%] Built target turtlesim__rosidl_generator_py
[62.141s] [ 95%] [32mBuilding C object CMakeFiles/turtlesim__rosidl_typesupport_introspection_c__pyext.dir/rosidl_generator_py/turtlesim/_turtlesim_s.ep.rosidl_typesupport_introspection_c.c.o[0m
[62.141s] [ 95%] [32mBuilding C object CMakeFiles/turtlesim__rosidl_typesupport_fastrtps_c__pyext.dir/rosidl_generator_py/turtlesim/_turtlesim_s.ep.rosidl_typesupport_fastrtps_c.c.o[0m
[62.327s] [ 96%] [32m[1mLinking C shared library rosidl_generator_py/turtlesim/turtlesim_s__rosidl_typesupport_introspection_c.cpython-310-x86_64-linux-gnu.so[0m
[62.338s] [ 97%] [32m[1mLinking C shared library rosidl_generator_py/turtlesim/turtlesim_s__rosidl_typesupport_fastrtps_c.cpython-310-x86_64-linux-gnu.so[0m
[62.382s] [ 97%] Built target turtlesim__rosidl_typesupport_introspection_c__pyext
[62.399s] [ 97%] Built target turtlesim__rosidl_typesupport_fastrtps_c__pyext
[62.413s] [ 98%] [32mBuilding C object CMakeFiles/turtlesim__rosidl_typesupport_c__pyext.dir/rosidl_generator_py/turtlesim/_turtlesim_s.ep.rosidl_typesupport_c.c.o[0m
[62.575s] [100%] [32m[1mLinking C shared library rosidl_generator_py/turtlesim/turtlesim_s__rosidl_typesupport_c.cpython-310-x86_64-linux-gnu.so[0m
[62.628s] [100%] Built target turtlesim__rosidl_typesupport_c__pyext
[62.647s] Invoked command in '/home/robousr/Documents/Practicas_ROS2/crea_workspace/ros2_ws/build/turtlesim' returned '0': CMAKE_PREFIX_PATH=${CMAKE_PREFIX_PATH}:/opt/ros/humble /usr/bin/cmake --build /home/robousr/Documents/Practicas_ROS2/crea_workspace/ros2_ws/build/turtlesim -- -j2 -l2
[62.657s] Invoking command in '/home/robousr/Documents/Practicas_ROS2/crea_workspace/ros2_ws/build/turtlesim': CMAKE_PREFIX_PATH=${CMAKE_PREFIX_PATH}:/opt/ros/humble /usr/bin/cmake --install /home/robousr/Documents/Practicas_ROS2/crea_workspace/ros2_ws/build/turtlesim
[62.667s] -- Install configuration: ""
[62.667s] -- Installing: /home/robousr/Documents/Practicas_ROS2/crea_workspace/ros2_ws/install/turtlesim/share/ament_index/resource_index/rosidl_interfaces/turtlesim
[62.668s] -- Installing: /home/robousr/Documents/Practicas_ROS2/crea_workspace/ros2_ws/install/turtlesim/include/turtlesim/turtlesim
[62.668s] -- Installing: /home/robousr/Documents/Practicas_ROS2/crea_workspace/ros2_ws/install/turtlesim/include/turtlesim/turtlesim/srv
[62.668s] -- Installing: /home/robousr/Documents/Practicas_ROS2/crea_workspace/ros2_ws/install/turtlesim/include/turtlesim/turtlesim/srv/set_pen.h
[62.668s] -- Installing: /home/robousr/Documents/Practicas_ROS2/crea_workspace/ros2_ws/install/turtlesim/include/turtlesim/turtlesim/srv/spawn.h
[62.668s] -- Installing: /home/robousr/Documents/Practicas_ROS2/crea_workspace/ros2_ws/install/turtlesim/include/turtlesim/turtlesim/srv/teleport_relative.h
[62.669s] -- Installing: /home/robousr/Documents/Practicas_ROS2/crea_workspace/ros2_ws/install/turtlesim/include/turtlesim/turtlesim/srv/teleport_absolute.h
[62.669s] -- Installing: /home/robousr/Documents/Practicas_ROS2/crea_workspace/ros2_ws/install/turtlesim/include/turtlesim/turtlesim/srv/kill.h
[62.669s] -- Installing: /home/robousr/Documents/Practicas_ROS2/crea_workspace/ros2_ws/install/turtlesim/include/turtlesim/turtlesim/srv/detail
[62.669s] -- Installing: /home/robousr/Documents/Practicas_ROS2/crea_workspace/ros2_ws/install/turtlesim/include/turtlesim/turtlesim/srv/detail/set_pen__functions.c
[62.669s] -- Installing: /home/robousr/Documents/Practicas_ROS2/crea_workspace/ros2_ws/install/turtlesim/include/turtlesim/turtlesim/srv/detail/kill__type_support.h
[62.669s] -- Installing: /home/robousr/Documents/Practicas_ROS2/crea_workspace/ros2_ws/install/turtlesim/include/turtlesim/turtlesim/srv/detail/teleport_relative__functions.h
[62.670s] -- Installing: /home/robousr/Documents/Practicas_ROS2/crea_workspace/ros2_ws/install/turtlesim/include/turtlesim/turtlesim/srv/detail/teleport_absolute__type_support.h
[62.670s] -- Installing: /home/robousr/Documents/Practicas_ROS2/crea_workspace/ros2_ws/install/turtlesim/include/turtlesim/turtlesim/srv/detail/set_pen__type_support.h
[62.670s] -- Installing: /home/robousr/Documents/Practicas_ROS2/crea_workspace/ros2_ws/install/turtlesim/include/turtlesim/turtlesim/srv/detail/set_pen__functions.h
[62.670s] -- Installing: /home/robousr/Documents/Practicas_ROS2/crea_workspace/ros2_ws/install/turtlesim/include/turtlesim/turtlesim/srv/detail/spawn__functions.c
[62.670s] -- Installing: /home/robousr/Documents/Practicas_ROS2/crea_workspace/ros2_ws/install/turtlesim/include/turtlesim/turtlesim/srv/detail/spawn__type_support.h
[62.670s] -- Installing: /home/robousr/Documents/Practicas_ROS2/crea_workspace/ros2_ws/install/turtlesim/include/turtlesim/turtlesim/srv/detail/set_pen__struct.h
[62.671s] -- Installing: /home/robousr/Documents/Practicas_ROS2/crea_workspace/ros2_ws/install/turtlesim/include/turtlesim/turtlesim/srv/detail/spawn__struct.h
[62.671s] -- Installing: /home/robousr/Documents/Practicas_ROS2/crea_workspace/ros2_ws/install/turtlesim/include/turtlesim/turtlesim/srv/detail/kill__struct.h
[62.671s] -- Installing: /home/robousr/Documents/Practicas_ROS2/crea_workspace/ros2_ws/install/turtlesim/include/turtlesim/turtlesim/srv/detail/teleport_relative__type_support.h
[62.671s] -- Installing: /home/robousr/Documents/Practicas_ROS2/crea_workspace/ros2_ws/install/turtlesim/include/turtlesim/turtlesim/srv/detail/spawn__functions.h
[62.671s] -- Installing: /home/robousr/Documents/Practicas_ROS2/crea_workspace/ros2_ws/install/turtlesim/include/turtlesim/turtlesim/srv/detail/teleport_relative__functions.c
[62.672s] -- Installing: /home/robousr/Documents/Practicas_ROS2/crea_workspace/ros2_ws/install/turtlesim/include/turtlesim/turtlesim/srv/detail/kill__functions.h
[62.672s] -- Installing: /home/robousr/Documents/Practicas_ROS2/crea_workspace/ros2_ws/install/turtlesim/include/turtlesim/turtlesim/srv/detail/kill__functions.c
[62.672s] -- Installing: /home/robousr/Documents/Practicas_ROS2/crea_workspace/ros2_ws/install/turtlesim/include/turtlesim/turtlesim/srv/detail/teleport_absolute__struct.h
[62.672s] -- Installing: /home/robousr/Documents/Practicas_ROS2/crea_workspace/ros2_ws/install/turtlesim/include/turtlesim/turtlesim/srv/detail/teleport_absolute__functions.c
[62.672s] -- Installing: /home/robousr/Documents/Practicas_ROS2/crea_workspace/ros2_ws/install/turtlesim/include/turtlesim/turtlesim/srv/detail/teleport_absolute__functions.h
[62.673s] -- Installing: /home/robousr/Documents/Practicas_ROS2/crea_workspace/ros2_ws/install/turtlesim/include/turtlesim/turtlesim/srv/detail/teleport_relative__struct.h
[62.673s] -- Installing: /home/robousr/Documents/Practicas_ROS2/crea_workspace/ros2_ws/install/turtlesim/include/turtlesim/turtlesim/msg
[62.673s] -- Installing: /home/robousr/Documents/Practicas_ROS2/crea_workspace/ros2_ws/install/turtlesim/include/turtlesim/turtlesim/msg/rosidl_generator_c__visibility_control.h
[62.673s] -- Installing: /home/robousr/Documents/Practicas_ROS2/crea_workspace/ros2_ws/install/turtlesim/include/turtlesim/turtlesim/msg/detail
[62.673s] -- Installing: /home/robousr/Documents/Practicas_ROS2/crea_workspace/ros2_ws/install/turtlesim/include/turtlesim/turtlesim/msg/detail/color__struct.h
[62.673s] -- Installing: /home/robousr/Documents/Practicas_ROS2/crea_workspace/ros2_ws/install/turtlesim/include/turtlesim/turtlesim/msg/detail/pose__functions.h
[62.674s] -- Installing: /home/robousr/Documents/Practicas_ROS2/crea_workspace/ros2_ws/install/turtlesim/include/turtlesim/turtlesim/msg/detail/color__functions.c
[62.674s] -- Installing: /home/robousr/Documents/Practicas_ROS2/crea_workspace/ros2_ws/install/turtlesim/include/turtlesim/turtlesim/msg/detail/color__functions.h
[62.674s] -- Installing: /home/robousr/Documents/Practicas_ROS2/crea_workspace/ros2_ws/install/turtlesim/include/turtlesim/turtlesim/msg/detail/pose__struct.h
[62.674s] -- Installing: /home/robousr/Documents/Practicas_ROS2/crea_workspace/ros2_ws/install/turtlesim/include/turtlesim/turtlesim/msg/detail/pose__type_support.h
[62.674s] -- Installing: /home/robousr/Documents/Practicas_ROS2/crea_workspace/ros2_ws/install/turtlesim/include/turtlesim/turtlesim/msg/detail/pose__functions.c
[62.675s] -- Installing: /home/robousr/Documents/Practicas_ROS2/crea_workspace/ros2_ws/install/turtlesim/include/turtlesim/turtlesim/msg/detail/color__type_support.h
[62.675s] -- Installing: /home/robousr/Documents/Practicas_ROS2/crea_workspace/ros2_ws/install/turtlesim/include/turtlesim/turtlesim/msg/pose.h
[62.675s] -- Installing: /home/robousr/Documents/Practicas_ROS2/crea_workspace/ros2_ws/install/turtlesim/include/turtlesim/turtlesim/msg/color.h
[62.675s] -- Installing: /home/robousr/Documents/Practicas_ROS2/crea_workspace/ros2_ws/install/turtlesim/include/turtlesim/turtlesim/action
[62.675s] -- Installing: /home/robousr/Documents/Practicas_ROS2/crea_workspace/ros2_ws/install/turtlesim/include/turtlesim/turtlesim/action/rotate_absolute.h
[62.676s] -- Installing: /home/robousr/Documents/Practicas_ROS2/crea_workspace/ros2_ws/install/turtlesim/include/turtlesim/turtlesim/action/detail
[62.676s] -- Installing: /home/robousr/Documents/Practicas_ROS2/crea_workspace/ros2_ws/install/turtlesim/include/turtlesim/turtlesim/action/detail/rotate_absolute__functions.c
[62.676s] -- Installing: /home/robousr/Documents/Practicas_ROS2/crea_workspace/ros2_ws/install/turtlesim/include/turtlesim/turtlesim/action/detail/rotate_absolute__struct.h
[62.676s] -- Installing: /home/robousr/Documents/Practicas_ROS2/crea_workspace/ros2_ws/install/turtlesim/include/turtlesim/turtlesim/action/detail/rotate_absolute__functions.h
[62.676s] -- Installing: /home/robousr/Documents/Practicas_ROS2/crea_workspace/ros2_ws/install/turtlesim/include/turtlesim/turtlesim/action/detail/rotate_absolute__type_support.h
[62.677s] -- Installing: /home/robousr/Documents/Practicas_ROS2/crea_workspace/ros2_ws/install/turtlesim/share/turtlesim/environment/library_path.sh
[62.677s] -- Installing: /home/robousr/Documents/Practicas_ROS2/crea_workspace/ros2_ws/install/turtlesim/share/turtlesim/environment/library_path.dsv
[62.677s] -- Installing: /home/robousr/Documents/Practicas_ROS2/crea_workspace/ros2_ws/install/turtlesim/lib/libturtlesim__rosidl_generator_c.so
[62.678s] -- Set runtime path of "/home/robousr/Documents/Practicas_ROS2/crea_workspace/ros2_ws/install/turtlesim/lib/libturtlesim__rosidl_generator_c.so" to ""
[62.678s] -- Up-to-date: /home/robousr/Documents/Practicas_ROS2/crea_workspace/ros2_ws/install/turtlesim/include/turtlesim/turtlesim
[62.678s] -- Up-to-date: /home/robousr/Documents/Practicas_ROS2/crea_workspace/ros2_ws/install/turtlesim/include/turtlesim/turtlesim/srv
[62.678s] -- Up-to-date: /home/robousr/Documents/Practicas_ROS2/crea_workspace/ros2_ws/install/turtlesim/include/turtlesim/turtlesim/srv/detail
[62.678s] -- Installing: /home/robousr/Documents/Practicas_ROS2/crea_workspace/ros2_ws/install/turtlesim/include/turtlesim/turtlesim/srv/detail/teleport_absolute__rosidl_typesupport_fastrtps_c.h
[62.678s] -- Installing: /home/robousr/Documents/Practicas_ROS2/crea_workspace/ros2_ws/install/turtlesim/include/turtlesim/turtlesim/srv/detail/spawn__rosidl_typesupport_fastrtps_c.h
[62.678s] -- Installing: /home/robousr/Documents/Practicas_ROS2/crea_workspace/ros2_ws/install/turtlesim/include/turtlesim/turtlesim/srv/detail/kill__rosidl_typesupport_fastrtps_c.h
[62.679s] -- Installing: /home/robousr/Documents/Practicas_ROS2/crea_workspace/ros2_ws/install/turtlesim/include/turtlesim/turtlesim/srv/detail/teleport_relative__rosidl_typesupport_fastrtps_c.h
[62.679s] -- Installing: /home/robousr/Documents/Practicas_ROS2/crea_workspace/ros2_ws/install/turtlesim/include/turtlesim/turtlesim/srv/detail/set_pen__rosidl_typesupport_fastrtps_c.h
[62.679s] -- Up-to-date: /home/robousr/Documents/Practicas_ROS2/crea_workspace/ros2_ws/install/turtlesim/include/turtlesim/turtlesim/msg
[62.679s] -- Installing: /home/robousr/Documents/Practicas_ROS2/crea_workspace/ros2_ws/install/turtlesim/include/turtlesim/turtlesim/msg/rosidl_typesupport_fastrtps_c__visibility_control.h
[62.679s] -- Up-to-date: /home/robousr/Documents/Practicas_ROS2/crea_workspace/ros2_ws/install/turtlesim/include/turtlesim/turtlesim/msg/detail
[62.679s] -- Installing: /home/robousr/Documents/Practicas_ROS2/crea_workspace/ros2_ws/install/turtlesim/include/turtlesim/turtlesim/msg/detail/color__rosidl_typesupport_fastrtps_c.h
[62.679s] -- Installing: /home/robousr/Documents/Practicas_ROS2/crea_workspace/ros2_ws/install/turtlesim/include/turtlesim/turtlesim/msg/detail/pose__rosidl_typesupport_fastrtps_c.h
[62.680s] -- Up-to-date: /home/robousr/Documents/Practicas_ROS2/crea_workspace/ros2_ws/install/turtlesim/include/turtlesim/turtlesim/action
[62.680s] -- Up-to-date: /home/robousr/Documents/Practicas_ROS2/crea_workspace/ros2_ws/install/turtlesim/include/turtlesim/turtlesim/action/detail
[62.680s] -- Installing: /home/robousr/Documents/Practicas_ROS2/crea_workspace/ros2_ws/install/turtlesim/include/turtlesim/turtlesim/action/detail/rotate_absolute__rosidl_typesupport_fastrtps_c.h
[62.680s] -- Installing: /home/robousr/Documents/Practicas_ROS2/crea_workspace/ros2_ws/install/turtlesim/lib/libturtlesim__rosidl_typesupport_fastrtps_c.so
[62.681s] -- Set runtime path of "/home/robousr/Documents/Practicas_ROS2/crea_workspace/ros2_ws/install/turtlesim/lib/libturtlesim__rosidl_typesupport_fastrtps_c.so" to ""
[62.681s] -- Up-to-date: /home/robousr/Documents/Practicas_ROS2/crea_workspace/ros2_ws/install/turtlesim/include/turtlesim/turtlesim
[62.681s] -- Up-to-date: /home/robousr/Documents/Practicas_ROS2/crea_workspace/ros2_ws/install/turtlesim/include/turtlesim/turtlesim/srv
[62.681s] -- Installing: /home/robousr/Documents/Practicas_ROS2/crea_workspace/ros2_ws/install/turtlesim/include/turtlesim/turtlesim/srv/kill.hpp
[62.681s] -- Installing: /home/robousr/Documents/Practicas_ROS2/crea_workspace/ros2_ws/install/turtlesim/include/turtlesim/turtlesim/srv/spawn.hpp
[62.681s] -- Installing: /home/robousr/Documents/Practicas_ROS2/crea_workspace/ros2_ws/install/turtlesim/include/turtlesim/turtlesim/srv/teleport_absolute.hpp
[62.681s] -- Installing: /home/robousr/Documents/Practicas_ROS2/crea_workspace/ros2_ws/install/turtlesim/include/turtlesim/turtlesim/srv/set_pen.hpp
[62.682s] -- Up-to-date: /home/robousr/Documents/Practicas_ROS2/crea_workspace/ros2_ws/install/turtlesim/include/turtlesim/turtlesim/srv/detail
[62.682s] -- Installing: /home/robousr/Documents/Practicas_ROS2/crea_workspace/ros2_ws/install/turtlesim/include/turtlesim/turtlesim/srv/detail/teleport_absolute__type_support.hpp
[62.682s] -- Installing: /home/robousr/Documents/Practicas_ROS2/crea_workspace/ros2_ws/install/turtlesim/include/turtlesim/turtlesim/srv/detail/set_pen__traits.hpp
[62.682s] -- Installing: /home/robousr/Documents/Practicas_ROS2/crea_workspace/ros2_ws/install/turtlesim/include/turtlesim/turtlesim/srv/detail/teleport_relative__builder.hpp
[62.682s] -- Installing: /home/robousr/Documents/Practicas_ROS2/crea_workspace/ros2_ws/install/turtlesim/include/turtlesim/turtlesim/srv/detail/kill__builder.hpp
[62.683s] -- Installing: /home/robousr/Documents/Practicas_ROS2/crea_workspace/ros2_ws/install/turtlesim/include/turtlesim/turtlesim/srv/detail/kill__traits.hpp
[62.683s] -- Installing: /home/robousr/Documents/Practicas_ROS2/crea_workspace/ros2_ws/install/turtlesim/include/turtlesim/turtlesim/srv/detail/spawn__struct.hpp
[62.683s] -- Installing: /home/robousr/Documents/Practicas_ROS2/crea_workspace/ros2_ws/install/turtlesim/include/turtlesim/turtlesim/srv/detail/teleport_relative__struct.hpp
[62.683s] -- Installing: /home/robousr/Documents/Practicas_ROS2/crea_workspace/ros2_ws/install/turtlesim/include/turtlesim/turtlesim/srv/detail/spawn__traits.hpp
[62.684s] -- Installing: /home/robousr/Documents/Practicas_ROS2/crea_workspace/ros2_ws/install/turtlesim/include/turtlesim/turtlesim/srv/detail/teleport_absolute__traits.hpp
[62.684s] -- Installing: /home/robousr/Documents/Practicas_ROS2/crea_workspace/ros2_ws/install/turtlesim/include/turtlesim/turtlesim/srv/detail/kill__type_support.hpp
[62.684s] -- Installing: /home/robousr/Documents/Practicas_ROS2/crea_workspace/ros2_ws/install/turtlesim/include/turtlesim/turtlesim/srv/detail/spawn__type_support.hpp
[62.684s] -- Installing: /home/robousr/Documents/Practicas_ROS2/crea_workspace/ros2_ws/install/turtlesim/include/turtlesim/turtlesim/srv/detail/kill__struct.hpp
[62.685s] -- Installing: /home/robousr/Documents/Practicas_ROS2/crea_workspace/ros2_ws/install/turtlesim/include/turtlesim/turtlesim/srv/detail/spawn__builder.hpp
[62.685s] -- Installing: /home/robousr/Documents/Practicas_ROS2/crea_workspace/ros2_ws/install/turtlesim/include/turtlesim/turtlesim/srv/detail/teleport_relative__traits.hpp
[62.685s] -- Installing: /home/robousr/Documents/Practicas_ROS2/crea_workspace/ros2_ws/install/turtlesim/include/turtlesim/turtlesim/srv/detail/teleport_absolute__struct.hpp
[62.687s] -- Installing: /home/robousr/Documents/Practicas_ROS2/crea_workspace/ros2_ws/install/turtlesim/include/turtlesim/turtlesim/srv/detail/set_pen__type_support.hpp
[62.687s] -- Installing: /home/robousr/Documents/Practicas_ROS2/crea_workspace/ros2_ws/install/turtlesim/include/turtlesim/turtlesim/srv/detail/set_pen__struct.hpp
[62.687s] -- Installing: /home/robousr/Documents/Practicas_ROS2/crea_workspace/ros2_ws/install/turtlesim/include/turtlesim/turtlesim/srv/detail/teleport_relative__type_support.hpp
[62.687s] -- Installing: /home/robousr/Documents/Practicas_ROS2/crea_workspace/ros2_ws/install/turtlesim/include/turtlesim/turtlesim/srv/detail/teleport_absolute__builder.hpp
[62.687s] -- Installing: /home/robousr/Documents/Practicas_ROS2/crea_workspace/ros2_ws/install/turtlesim/include/turtlesim/turtlesim/srv/detail/set_pen__builder.hpp
[62.687s] -- Installing: /home/robousr/Documents/Practicas_ROS2/crea_workspace/ros2_ws/install/turtlesim/include/turtlesim/turtlesim/srv/teleport_relative.hpp
[62.688s] -- Up-to-date: /home/robousr/Documents/Practicas_ROS2/crea_workspace/ros2_ws/install/turtlesim/include/turtlesim/turtlesim/msg
[62.688s] -- Installing: /home/robousr/Documents/Practicas_ROS2/crea_workspace/ros2_ws/install/turtlesim/include/turtlesim/turtlesim/msg/rosidl_generator_cpp__visibility_control.hpp
[62.689s] -- Installing: /home/robousr/Documents/Practicas_ROS2/crea_workspace/ros2_ws/install/turtlesim/include/turtlesim/turtlesim/msg/pose.hpp
[62.689s] -- Up-to-date: /home/robousr/Documents/Practicas_ROS2/crea_workspace/ros2_ws/install/turtlesim/include/turtlesim/turtlesim/msg/detail
[62.689s] -- Installing: /home/robousr/Documents/Practicas_ROS2/crea_workspace/ros2_ws/install/turtlesim/include/turtlesim/turtlesim/msg/detail/pose__struct.hpp
[62.689s] -- Installing: /home/robousr/Documents/Practicas_ROS2/crea_workspace/ros2_ws/install/turtlesim/include/turtlesim/turtlesim/msg/detail/color__type_support.hpp
[62.689s] -- Installing: /home/robousr/Documents/Practicas_ROS2/crea_workspace/ros2_ws/install/turtlesim/include/turtlesim/turtlesim/msg/detail/color__traits.hpp
[62.689s] -- Installing: /home/robousr/Documents/Practicas_ROS2/crea_workspace/ros2_ws/install/turtlesim/include/turtlesim/turtlesim/msg/detail/color__struct.hpp
[62.689s] -- Installing: /home/robousr/Documents/Practicas_ROS2/crea_workspace/ros2_ws/install/turtlesim/include/turtlesim/turtlesim/msg/detail/color__builder.hpp
[62.689s] -- Installing: /home/robousr/Documents/Practicas_ROS2/crea_workspace/ros2_ws/install/turtlesim/include/turtlesim/turtlesim/msg/detail/pose__builder.hpp
[62.689s] -- Installing: /home/robousr/Documents/Practicas_ROS2/crea_workspace/ros2_ws/install/turtlesim/include/turtlesim/turtlesim/msg/detail/pose__type_support.hpp
[62.689s] -- Installing: /home/robousr/Documents/Practicas_ROS2/crea_workspace/ros2_ws/install/turtlesim/include/turtlesim/turtlesim/msg/detail/pose__traits.hpp
[62.689s] -- Installing: /home/robousr/Documents/Practicas_ROS2/crea_workspace/ros2_ws/install/turtlesim/include/turtlesim/turtlesim/msg/color.hpp
[62.689s] -- Up-to-date: /home/robousr/Documents/Practicas_ROS2/crea_workspace/ros2_ws/install/turtlesim/include/turtlesim/turtlesim/action
[62.689s] -- Installing: /home/robousr/Documents/Practicas_ROS2/crea_workspace/ros2_ws/install/turtlesim/include/turtlesim/turtlesim/action/rotate_absolute.hpp
[62.689s] -- Up-to-date: /home/robousr/Documents/Practicas_ROS2/crea_workspace/ros2_ws/install/turtlesim/include/turtlesim/turtlesim/action/detail
[62.689s] -- Installing: /home/robousr/Documents/Practicas_ROS2/crea_workspace/ros2_ws/install/turtlesim/include/turtlesim/turtlesim/action/detail/rotate_absolute__type_support.hpp
[62.689s] -- Installing: /home/robousr/Documents/Practicas_ROS2/crea_workspace/ros2_ws/install/turtlesim/include/turtlesim/turtlesim/action/detail/rotate_absolute__builder.hpp
[62.689s] -- Installing: /home/robousr/Documents/Practicas_ROS2/crea_workspace/ros2_ws/install/turtlesim/include/turtlesim/turtlesim/action/detail/rotate_absolute__traits.hpp
[62.690s] -- Installing: /home/robousr/Documents/Practicas_ROS2/crea_workspace/ros2_ws/install/turtlesim/include/turtlesim/turtlesim/action/detail/rotate_absolute__struct.hpp
[62.690s] -- Up-to-date: /home/robousr/Documents/Practicas_ROS2/crea_workspace/ros2_ws/install/turtlesim/include/turtlesim/turtlesim
[62.690s] -- Up-to-date: /home/robousr/Documents/Practicas_ROS2/crea_workspace/ros2_ws/install/turtlesim/include/turtlesim/turtlesim/srv
[62.690s] -- Up-to-date: /home/robousr/Documents/Practicas_ROS2/crea_workspace/ros2_ws/install/turtlesim/include/turtlesim/turtlesim/srv/detail
[62.690s] -- Installing: /home/robousr/Documents/Practicas_ROS2/crea_workspace/ros2_ws/install/turtlesim/include/turtlesim/turtlesim/srv/detail/spawn__rosidl_typesupport_fastrtps_cpp.hpp
[62.690s] -- Installing: /home/robousr/Documents/Practicas_ROS2/crea_workspace/ros2_ws/install/turtlesim/include/turtlesim/turtlesim/srv/detail/teleport_absolute__rosidl_typesupport_fastrtps_cpp.hpp
[62.690s] -- Installing: /home/robousr/Documents/Practicas_ROS2/crea_workspace/ros2_ws/install/turtlesim/include/turtlesim/turtlesim/srv/detail/dds_fastrtps
[62.690s] -- Installing: /home/robousr/Documents/Practicas_ROS2/crea_workspace/ros2_ws/install/turtlesim/include/turtlesim/turtlesim/srv/detail/teleport_relative__rosidl_typesupport_fastrtps_cpp.hpp
[62.690s] -- Installing: /home/robousr/Documents/Practicas_ROS2/crea_workspace/ros2_ws/install/turtlesim/include/turtlesim/turtlesim/srv/detail/set_pen__rosidl_typesupport_fastrtps_cpp.hpp
[62.690s] -- Installing: /home/robousr/Documents/Practicas_ROS2/crea_workspace/ros2_ws/install/turtlesim/include/turtlesim/turtlesim/srv/detail/kill__rosidl_typesupport_fastrtps_cpp.hpp
[62.691s] -- Up-to-date: /home/robousr/Documents/Practicas_ROS2/crea_workspace/ros2_ws/install/turtlesim/include/turtlesim/turtlesim/msg
[62.691s] -- Installing: /home/robousr/Documents/Practicas_ROS2/crea_workspace/ros2_ws/install/turtlesim/include/turtlesim/turtlesim/msg/rosidl_typesupport_fastrtps_cpp__visibility_control.h
[62.691s] -- Up-to-date: /home/robousr/Documents/Practicas_ROS2/crea_workspace/ros2_ws/install/turtlesim/include/turtlesim/turtlesim/msg/detail
[62.691s] -- Installing: /home/robousr/Documents/Practicas_ROS2/crea_workspace/ros2_ws/install/turtlesim/include/turtlesim/turtlesim/msg/detail/dds_fastrtps
[62.691s] -- Installing: /home/robousr/Documents/Practicas_ROS2/crea_workspace/ros2_ws/install/turtlesim/include/turtlesim/turtlesim/msg/detail/pose__rosidl_typesupport_fastrtps_cpp.hpp
[62.691s] -- Installing: /home/robousr/Documents/Practicas_ROS2/crea_workspace/ros2_ws/install/turtlesim/include/turtlesim/turtlesim/msg/detail/color__rosidl_typesupport_fastrtps_cpp.hpp
[62.691s] -- Up-to-date: /home/robousr/Documents/Practicas_ROS2/crea_workspace/ros2_ws/install/turtlesim/include/turtlesim/turtlesim/action
[62.691s] -- Up-to-date: /home/robousr/Documents/Practicas_ROS2/crea_workspace/ros2_ws/install/turtlesim/include/turtlesim/turtlesim/action/detail
[62.691s] -- Installing: /home/robousr/Documents/Practicas_ROS2/crea_workspace/ros2_ws/install/turtlesim/include/turtlesim/turtlesim/action/detail/rotate_absolute__rosidl_typesupport_fastrtps_cpp.hpp
[62.692s] -- Installing: /home/robousr/Documents/Practicas_ROS2/crea_workspace/ros2_ws/install/turtlesim/include/turtlesim/turtlesim/action/detail/dds_fastrtps
[62.692s] -- Installing: /home/robousr/Documents/Practicas_ROS2/crea_workspace/ros2_ws/install/turtlesim/lib/libturtlesim__rosidl_typesupport_fastrtps_cpp.so
[62.693s] -- Set runtime path of "/home/robousr/Documents/Practicas_ROS2/crea_workspace/ros2_ws/install/turtlesim/lib/libturtlesim__rosidl_typesupport_fastrtps_cpp.so" to ""
[62.693s] -- Up-to-date: /home/robousr/Documents/Practicas_ROS2/crea_workspace/ros2_ws/install/turtlesim/include/turtlesim/turtlesim
[62.693s] -- Up-to-date: /home/robousr/Documents/Practicas_ROS2/crea_workspace/ros2_ws/install/turtlesim/include/turtlesim/turtlesim/srv
[62.693s] -- Up-to-date: /home/robousr/Documents/Practicas_ROS2/crea_workspace/ros2_ws/install/turtlesim/include/turtlesim/turtlesim/srv/detail
[62.693s] -- Installing: /home/robousr/Documents/Practicas_ROS2/crea_workspace/ros2_ws/install/turtlesim/include/turtlesim/turtlesim/srv/detail/kill__type_support.c
[62.693s] -- Installing: /home/robousr/Documents/Practicas_ROS2/crea_workspace/ros2_ws/install/turtlesim/include/turtlesim/turtlesim/srv/detail/spawn__rosidl_typesupport_introspection_c.h
[62.693s] -- Installing: /home/robousr/Documents/Practicas_ROS2/crea_workspace/ros2_ws/install/turtlesim/include/turtlesim/turtlesim/srv/detail/teleport_relative__type_support.c
[62.693s] -- Installing: /home/robousr/Documents/Practicas_ROS2/crea_workspace/ros2_ws/install/turtlesim/include/turtlesim/turtlesim/srv/detail/teleport_absolute__type_support.c
[62.694s] -- Installing: /home/robousr/Documents/Practicas_ROS2/crea_workspace/ros2_ws/install/turtlesim/include/turtlesim/turtlesim/srv/detail/teleport_absolute__rosidl_typesupport_introspection_c.h
[62.694s] -- Installing: /home/robousr/Documents/Practicas_ROS2/crea_workspace/ros2_ws/install/turtlesim/include/turtlesim/turtlesim/srv/detail/kill__rosidl_typesupport_introspection_c.h
[62.694s] -- Installing: /home/robousr/Documents/Practicas_ROS2/crea_workspace/ros2_ws/install/turtlesim/include/turtlesim/turtlesim/srv/detail/teleport_relative__rosidl_typesupport_introspection_c.h
[62.694s] -- Installing: /home/robousr/Documents/Practicas_ROS2/crea_workspace/ros2_ws/install/turtlesim/include/turtlesim/turtlesim/srv/detail/set_pen__rosidl_typesupport_introspection_c.h
[62.696s] -- Installing: /home/robousr/Documents/Practicas_ROS2/crea_workspace/ros2_ws/install/turtlesim/include/turtlesim/turtlesim/srv/detail/set_pen__type_support.c
[62.696s] -- Installing: /home/robousr/Documents/Practicas_ROS2/crea_workspace/ros2_ws/install/turtlesim/include/turtlesim/turtlesim/srv/detail/spawn__type_support.c
[62.696s] -- Up-to-date: /home/robousr/Documents/Practicas_ROS2/crea_workspace/ros2_ws/install/turtlesim/include/turtlesim/turtlesim/msg
[62.696s] -- Installing: /home/robousr/Documents/Practicas_ROS2/crea_workspace/ros2_ws/install/turtlesim/include/turtlesim/turtlesim/msg/rosidl_typesupport_introspection_c__visibility_control.h
[62.696s] -- Up-to-date: /home/robousr/Documents/Practicas_ROS2/crea_workspace/ros2_ws/install/turtlesim/include/turtlesim/turtlesim/msg/detail
[62.696s] -- Installing: /home/robousr/Documents/Practicas_ROS2/crea_workspace/ros2_ws/install/turtlesim/include/turtlesim/turtlesim/msg/detail/pose__type_support.c
[62.696s] -- Installing: /home/robousr/Documents/Practicas_ROS2/crea_workspace/ros2_ws/install/turtlesim/include/turtlesim/turtlesim/msg/detail/color__type_support.c
[62.696s] -- Installing: /home/robousr/Documents/Practicas_ROS2/crea_workspace/ros2_ws/install/turtlesim/include/turtlesim/turtlesim/msg/detail/pose__rosidl_typesupport_introspection_c.h
[62.696s] -- Installing: /home/robousr/Documents/Practicas_ROS2/crea_workspace/ros2_ws/install/turtlesim/include/turtlesim/turtlesim/msg/detail/color__rosidl_typesupport_introspection_c.h
[62.696s] -- Up-to-date: /home/robousr/Documents/Practicas_ROS2/crea_workspace/ros2_ws/install/turtlesim/include/turtlesim/turtlesim/action
[62.696s] -- Up-to-date: /home/robousr/Documents/Practicas_ROS2/crea_workspace/ros2_ws/install/turtlesim/include/turtlesim/turtlesim/action/detail
[62.696s] -- Installing: /home/robousr/Documents/Practicas_ROS2/crea_workspace/ros2_ws/install/turtlesim/include/turtlesim/turtlesim/action/detail/rotate_absolute__rosidl_typesupport_introspection_c.h
[62.696s] -- Installing: /home/robousr/Documents/Practicas_ROS2/crea_workspace/ros2_ws/install/turtlesim/include/turtlesim/turtlesim/action/detail/rotate_absolute__type_support.c
[62.696s] -- Installing: /home/robousr/Documents/Practicas_ROS2/crea_workspace/ros2_ws/install/turtlesim/lib/libturtlesim__rosidl_typesupport_introspection_c.so
[62.697s] -- Set runtime path of "/home/robousr/Documents/Practicas_ROS2/crea_workspace/ros2_ws/install/turtlesim/lib/libturtlesim__rosidl_typesupport_introspection_c.so" to ""
[62.697s] -- Installing: /home/robousr/Documents/Practicas_ROS2/crea_workspace/ros2_ws/install/turtlesim/lib/libturtlesim__rosidl_typesupport_c.so
[62.697s] -- Set runtime path of "/home/robousr/Documents/Practicas_ROS2/crea_workspace/ros2_ws/install/turtlesim/lib/libturtlesim__rosidl_typesupport_c.so" to ""
[62.697s] -- Up-to-date: /home/robousr/Documents/Practicas_ROS2/crea_workspace/ros2_ws/install/turtlesim/include/turtlesim/turtlesim
[62.698s] -- Up-to-date: /home/robousr/Documents/Practicas_ROS2/crea_workspace/ros2_ws/install/turtlesim/include/turtlesim/turtlesim/srv
[62.698s] -- Up-to-date: /home/robousr/Documents/Practicas_ROS2/crea_workspace/ros2_ws/install/turtlesim/include/turtlesim/turtlesim/srv/detail
[62.698s] -- Installing: /home/robousr/Documents/Practicas_ROS2/crea_workspace/ros2_ws/install/turtlesim/include/turtlesim/turtlesim/srv/detail/kill__rosidl_typesupport_introspection_cpp.hpp
[62.698s] -- Installing: /home/robousr/Documents/Practicas_ROS2/crea_workspace/ros2_ws/install/turtlesim/include/turtlesim/turtlesim/srv/detail/teleport_absolute__rosidl_typesupport_introspection_cpp.hpp
[62.698s] -- Installing: /home/robousr/Documents/Practicas_ROS2/crea_workspace/ros2_ws/install/turtlesim/include/turtlesim/turtlesim/srv/detail/spawn__rosidl_typesupport_introspection_cpp.hpp
[62.700s] -- Installing: /home/robousr/Documents/Practicas_ROS2/crea_workspace/ros2_ws/install/turtlesim/include/turtlesim/turtlesim/srv/detail/set_pen__type_support.cpp
[62.700s] -- Installing: /home/robousr/Documents/Practicas_ROS2/crea_workspace/ros2_ws/install/turtlesim/include/turtlesim/turtlesim/srv/detail/teleport_absolute__type_support.cpp
[62.700s] -- Installing: /home/robousr/Documents/Practicas_ROS2/crea_workspace/ros2_ws/install/turtlesim/include/turtlesim/turtlesim/srv/detail/teleport_relative__rosidl_typesupport_introspection_cpp.hpp
[62.701s] -- Installing: /home/robousr/Documents/Practicas_ROS2/crea_workspace/ros2_ws/install/turtlesim/include/turtlesim/turtlesim/srv/detail/spawn__type_support.cpp
[62.701s] -- Installing: /home/robousr/Documents/Practicas_ROS2/crea_workspace/ros2_ws/install/turtlesim/include/turtlesim/turtlesim/srv/detail/teleport_relative__type_support.cpp
[62.701s] -- Installing: /home/robousr/Documents/Practicas_ROS2/crea_workspace/ros2_ws/install/turtlesim/include/turtlesim/turtlesim/srv/detail/kill__type_support.cpp
[62.701s] -- Installing: /home/robousr/Documents/Practicas_ROS2/crea_workspace/ros2_ws/install/turtlesim/include/turtlesim/turtlesim/srv/detail/set_pen__rosidl_typesupport_introspection_cpp.hpp
[62.703s] -- Up-to-date: /home/robousr/Documents/Practicas_ROS2/crea_workspace/ros2_ws/install/turtlesim/include/turtlesim/turtlesim/msg
[62.704s] -- Up-to-date: /home/robousr/Documents/Practicas_ROS2/crea_workspace/ros2_ws/install/turtlesim/include/turtlesim/turtlesim/msg/detail
[62.704s] -- Installing: /home/robousr/Documents/Practicas_ROS2/crea_workspace/ros2_ws/install/turtlesim/include/turtlesim/turtlesim/msg/detail/color__rosidl_typesupport_introspection_cpp.hpp
[62.704s] -- Installing: /home/robousr/Documents/Practicas_ROS2/crea_workspace/ros2_ws/install/turtlesim/include/turtlesim/turtlesim/msg/detail/color__type_support.cpp
[62.705s] -- Installing: /home/robousr/Documents/Practicas_ROS2/crea_workspace/ros2_ws/install/turtlesim/include/turtlesim/turtlesim/msg/detail/pose__rosidl_typesupport_introspection_cpp.hpp
[62.705s] -- Installing: /home/robousr/Documents/Practicas_ROS2/crea_workspace/ros2_ws/install/turtlesim/include/turtlesim/turtlesim/msg/detail/pose__type_support.cpp
[62.705s] -- Up-to-date: /home/robousr/Documents/Practicas_ROS2/crea_workspace/ros2_ws/install/turtlesim/include/turtlesim/turtlesim/action
[62.705s] -- Up-to-date: /home/robousr/Documents/Practicas_ROS2/crea_workspace/ros2_ws/install/turtlesim/include/turtlesim/turtlesim/action/detail
[62.705s] -- Installing: /home/robousr/Documents/Practicas_ROS2/crea_workspace/ros2_ws/install/turtlesim/include/turtlesim/turtlesim/action/detail/rotate_absolute__rosidl_typesupport_introspection_cpp.hpp
[62.706s] -- Installing: /home/robousr/Documents/Practicas_ROS2/crea_workspace/ros2_ws/install/turtlesim/include/turtlesim/turtlesim/action/detail/rotate_absolute__type_support.cpp
[62.706s] -- Installing: /home/robousr/Documents/Practicas_ROS2/crea_workspace/ros2_ws/install/turtlesim/lib/libturtlesim__rosidl_typesupport_introspection_cpp.so
[62.707s] -- Set runtime path of "/home/robousr/Documents/Practicas_ROS2/crea_workspace/ros2_ws/install/turtlesim/lib/libturtlesim__rosidl_typesupport_introspection_cpp.so" to ""
[62.707s] -- Installing: /home/robousr/Documents/Practicas_ROS2/crea_workspace/ros2_ws/install/turtlesim/lib/libturtlesim__rosidl_typesupport_cpp.so
[62.708s] -- Set runtime path of "/home/robousr/Documents/Practicas_ROS2/crea_workspace/ros2_ws/install/turtlesim/lib/libturtlesim__rosidl_typesupport_cpp.so" to ""
[62.708s] -- Installing: /home/robousr/Documents/Practicas_ROS2/crea_workspace/ros2_ws/install/turtlesim/share/turtlesim/environment/pythonpath.sh
[62.708s] -- Installing: /home/robousr/Documents/Practicas_ROS2/crea_workspace/ros2_ws/install/turtlesim/share/turtlesim/environment/pythonpath.dsv
[62.709s] -- Installing: /home/robousr/Documents/Practicas_ROS2/crea_workspace/ros2_ws/install/turtlesim/local/lib/python3.10/dist-packages/turtlesim-1.4.2-py3.10.egg-info
[62.709s] -- Installing: /home/robousr/Documents/Practicas_ROS2/crea_workspace/ros2_ws/install/turtlesim/local/lib/python3.10/dist-packages/turtlesim-1.4.2-py3.10.egg-info/dependency_links.txt
[62.709s] -- Installing: /home/robousr/Documents/Practicas_ROS2/crea_workspace/ros2_ws/install/turtlesim/local/lib/python3.10/dist-packages/turtlesim-1.4.2-py3.10.egg-info/PKG-INFO
[62.709s] -- Installing: /home/robousr/Documents/Practicas_ROS2/crea_workspace/ros2_ws/install/turtlesim/local/lib/python3.10/dist-packages/turtlesim-1.4.2-py3.10.egg-info/top_level.txt
[62.709s] -- Installing: /home/robousr/Documents/Practicas_ROS2/crea_workspace/ros2_ws/install/turtlesim/local/lib/python3.10/dist-packages/turtlesim-1.4.2-py3.10.egg-info/SOURCES.txt
[62.710s] -- Installing: /home/robousr/Documents/Practicas_ROS2/crea_workspace/ros2_ws/install/turtlesim/local/lib/python3.10/dist-packages/turtlesim
[62.710s] -- Installing: /home/robousr/Documents/Practicas_ROS2/crea_workspace/ros2_ws/install/turtlesim/local/lib/python3.10/dist-packages/turtlesim/__init__.py
[62.710s] -- Installing: /home/robousr/Documents/Practicas_ROS2/crea_workspace/ros2_ws/install/turtlesim/local/lib/python3.10/dist-packages/turtlesim/srv
[62.711s] -- Installing: /home/robousr/Documents/Practicas_ROS2/crea_workspace/ros2_ws/install/turtlesim/local/lib/python3.10/dist-packages/turtlesim/srv/_teleport_absolute_s.c
[62.711s] -- Installing: /home/robousr/Documents/Practicas_ROS2/crea_workspace/ros2_ws/install/turtlesim/local/lib/python3.10/dist-packages/turtlesim/srv/_spawn.py
[62.711s] -- Installing: /home/robousr/Documents/Practicas_ROS2/crea_workspace/ros2_ws/install/turtlesim/local/lib/python3.10/dist-packages/turtlesim/srv/__init__.py
[62.711s] -- Installing: /home/robousr/Documents/Practicas_ROS2/crea_workspace/ros2_ws/install/turtlesim/local/lib/python3.10/dist-packages/turtlesim/srv/_set_pen_s.c
[62.712s] -- Installing: /home/robousr/Documents/Practicas_ROS2/crea_workspace/ros2_ws/install/turtlesim/local/lib/python3.10/dist-packages/turtlesim/srv/_teleport_relative.py
[62.712s] -- Installing: /home/robousr/Documents/Practicas_ROS2/crea_workspace/ros2_ws/install/turtlesim/local/lib/python3.10/dist-packages/turtlesim/srv/_kill.py
[62.713s] -- Installing: /home/robousr/Documents/Practicas_ROS2/crea_workspace/ros2_ws/install/turtlesim/local/lib/python3.10/dist-packages/turtlesim/srv/_set_pen.py
[62.713s] -- Installing: /home/robousr/Documents/Practicas_ROS2/crea_workspace/ros2_ws/install/turtlesim/local/lib/python3.10/dist-packages/turtlesim/srv/_teleport_relative_s.c
[62.713s] -- Installing: /home/robousr/Documents/Practicas_ROS2/crea_workspace/ros2_ws/install/turtlesim/local/lib/python3.10/dist-packages/turtlesim/srv/_kill_s.c
[62.714s] -- Installing: /home/robousr/Documents/Practicas_ROS2/crea_workspace/ros2_ws/install/turtlesim/local/lib/python3.10/dist-packages/turtlesim/srv/_spawn_s.c
[62.714s] -- Installing: /home/robousr/Documents/Practicas_ROS2/crea_workspace/ros2_ws/install/turtlesim/local/lib/python3.10/dist-packages/turtlesim/srv/_teleport_absolute.py
[62.715s] -- Installing: /home/robousr/Documents/Practicas_ROS2/crea_workspace/ros2_ws/install/turtlesim/local/lib/python3.10/dist-packages/turtlesim/turtlesim_s__rosidl_typesupport_c.cpython-310-x86_64-linux-gnu.so
[62.715s] -- Installing: /home/robousr/Documents/Practicas_ROS2/crea_workspace/ros2_ws/install/turtlesim/local/lib/python3.10/dist-packages/turtlesim/_turtlesim_s.ep.rosidl_typesupport_c.c
[62.715s] -- Installing: /home/robousr/Documents/Practicas_ROS2/crea_workspace/ros2_ws/install/turtlesim/local/lib/python3.10/dist-packages/turtlesim/_turtlesim_s.ep.rosidl_typesupport_introspection_c.c
[62.715s] -- Installing: /home/robousr/Documents/Practicas_ROS2/crea_workspace/ros2_ws/install/turtlesim/local/lib/python3.10/dist-packages/turtlesim/libturtlesim__rosidl_generator_py.so
[62.716s] -- Installing: /home/robousr/Documents/Practicas_ROS2/crea_workspace/ros2_ws/install/turtlesim/local/lib/python3.10/dist-packages/turtlesim/turtlesim_s__rosidl_typesupport_fastrtps_c.cpython-310-x86_64-linux-gnu.so
[62.716s] -- Installing: /home/robousr/Documents/Practicas_ROS2/crea_workspace/ros2_ws/install/turtlesim/local/lib/python3.10/dist-packages/turtlesim/turtlesim_s__rosidl_typesupport_introspection_c.cpython-310-x86_64-linux-gnu.so
[62.716s] -- Installing: /home/robousr/Documents/Practicas_ROS2/crea_workspace/ros2_ws/install/turtlesim/local/lib/python3.10/dist-packages/turtlesim/msg
[62.716s] -- Installing: /home/robousr/Documents/Practicas_ROS2/crea_workspace/ros2_ws/install/turtlesim/local/lib/python3.10/dist-packages/turtlesim/msg/_pose_s.c
[62.716s] -- Installing: /home/robousr/Documents/Practicas_ROS2/crea_workspace/ros2_ws/install/turtlesim/local/lib/python3.10/dist-packages/turtlesim/msg/__init__.py
[62.717s] -- Installing: /home/robousr/Documents/Practicas_ROS2/crea_workspace/ros2_ws/install/turtlesim/local/lib/python3.10/dist-packages/turtlesim/msg/_color_s.c
[62.717s] -- Installing: /home/robousr/Documents/Practicas_ROS2/crea_workspace/ros2_ws/install/turtlesim/local/lib/python3.10/dist-packages/turtlesim/msg/_color.py
[62.717s] -- Installing: /home/robousr/Documents/Practicas_ROS2/crea_workspace/ros2_ws/install/turtlesim/local/lib/python3.10/dist-packages/turtlesim/msg/_pose.py
[62.717s] -- Installing: /home/robousr/Documents/Practicas_ROS2/crea_workspace/ros2_ws/install/turtlesim/local/lib/python3.10/dist-packages/turtlesim/action
[62.718s] -- Installing: /home/robousr/Documents/Practicas_ROS2/crea_workspace/ros2_ws/install/turtlesim/local/lib/python3.10/dist-packages/turtlesim/action/_rotate_absolute.py
[62.718s] -- Installing: /home/robousr/Documents/Practicas_ROS2/crea_workspace/ros2_ws/install/turtlesim/local/lib/python3.10/dist-packages/turtlesim/action/__init__.py
[62.718s] -- Installing: /home/robousr/Documents/Practicas_ROS2/crea_workspace/ros2_ws/install/turtlesim/local/lib/python3.10/dist-packages/turtlesim/action/_rotate_absolute_s.c
[62.718s] -- Installing: /home/robousr/Documents/Practicas_ROS2/crea_workspace/ros2_ws/install/turtlesim/local/lib/python3.10/dist-packages/turtlesim/_turtlesim_s.ep.rosidl_typesupport_fastrtps_c.c
[62.825s] Listing '/home/robousr/Documents/Practicas_ROS2/crea_workspace/ros2_ws/install/turtlesim/local/lib/python3.10/dist-packages/turtlesim'...
[62.825s] Compiling '/home/robousr/Documents/Practicas_ROS2/crea_workspace/ros2_ws/install/turtlesim/local/lib/python3.10/dist-packages/turtlesim/__init__.py'...
[62.825s] Listing '/home/robousr/Documents/Practicas_ROS2/crea_workspace/ros2_ws/install/turtlesim/local/lib/python3.10/dist-packages/turtlesim/action'...
[62.825s] Compiling '/home/robousr/Documents/Practicas_ROS2/crea_workspace/ros2_ws/install/turtlesim/local/lib/python3.10/dist-packages/turtlesim/action/__init__.py'...
[62.825s] Compiling '/home/robousr/Documents/Practicas_ROS2/crea_workspace/ros2_ws/install/turtlesim/local/lib/python3.10/dist-packages/turtlesim/action/_rotate_absolute.py'...
[62.825s] Listing '/home/robousr/Documents/Practicas_ROS2/crea_workspace/ros2_ws/install/turtlesim/local/lib/python3.10/dist-packages/turtlesim/msg'...
[62.825s] Compiling '/home/robousr/Documents/Practicas_ROS2/crea_workspace/ros2_ws/install/turtlesim/local/lib/python3.10/dist-packages/turtlesim/msg/__init__.py'...
[62.825s] Compiling '/home/robousr/Documents/Practicas_ROS2/crea_workspace/ros2_ws/install/turtlesim/local/lib/python3.10/dist-packages/turtlesim/msg/_color.py'...
[62.825s] Compiling '/home/robousr/Documents/Practicas_ROS2/crea_workspace/ros2_ws/install/turtlesim/local/lib/python3.10/dist-packages/turtlesim/msg/_pose.py'...
[62.825s] Listing '/home/robousr/Documents/Practicas_ROS2/crea_workspace/ros2_ws/install/turtlesim/local/lib/python3.10/dist-packages/turtlesim/srv'...
[62.825s] Compiling '/home/robousr/Documents/Practicas_ROS2/crea_workspace/ros2_ws/install/turtlesim/local/lib/python3.10/dist-packages/turtlesim/srv/__init__.py'...
[62.825s] Compiling '/home/robousr/Documents/Practicas_ROS2/crea_workspace/ros2_ws/install/turtlesim/local/lib/python3.10/dist-packages/turtlesim/srv/_kill.py'...
[62.825s] Compiling '/home/robousr/Documents/Practicas_ROS2/crea_workspace/ros2_ws/install/turtlesim/local/lib/python3.10/dist-packages/turtlesim/srv/_set_pen.py'...
[62.825s] Compiling '/home/robousr/Documents/Practicas_ROS2/crea_workspace/ros2_ws/install/turtlesim/local/lib/python3.10/dist-packages/turtlesim/srv/_spawn.py'...
[62.825s] Compiling '/home/robousr/Documents/Practicas_ROS2/crea_workspace/ros2_ws/install/turtlesim/local/lib/python3.10/dist-packages/turtlesim/srv/_teleport_absolute.py'...
[62.825s] Compiling '/home/robousr/Documents/Practicas_ROS2/crea_workspace/ros2_ws/install/turtlesim/local/lib/python3.10/dist-packages/turtlesim/srv/_teleport_relative.py'...
[62.830s] -- Installing: /home/robousr/Documents/Practicas_ROS2/crea_workspace/ros2_ws/install/turtlesim/local/lib/python3.10/dist-packages/turtlesim/turtlesim_s__rosidl_typesupport_fastrtps_c.cpython-310-x86_64-linux-gnu.so
[62.830s] -- Set runtime path of "/home/robousr/Documents/Practicas_ROS2/crea_workspace/ros2_ws/install/turtlesim/local/lib/python3.10/dist-packages/turtlesim/turtlesim_s__rosidl_typesupport_fastrtps_c.cpython-310-x86_64-linux-gnu.so" to ""
[62.831s] -- Installing: /home/robousr/Documents/Practicas_ROS2/crea_workspace/ros2_ws/install/turtlesim/local/lib/python3.10/dist-packages/turtlesim/turtlesim_s__rosidl_typesupport_introspection_c.cpython-310-x86_64-linux-gnu.so
[62.832s] -- Set runtime path of "/home/robousr/Documents/Practicas_ROS2/crea_workspace/ros2_ws/install/turtlesim/local/lib/python3.10/dist-packages/turtlesim/turtlesim_s__rosidl_typesupport_introspection_c.cpython-310-x86_64-linux-gnu.so" to ""
[62.832s] -- Installing: /home/robousr/Documents/Practicas_ROS2/crea_workspace/ros2_ws/install/turtlesim/local/lib/python3.10/dist-packages/turtlesim/turtlesim_s__rosidl_typesupport_c.cpython-310-x86_64-linux-gnu.so
[62.833s] -- Set runtime path of "/home/robousr/Documents/Practicas_ROS2/crea_workspace/ros2_ws/install/turtlesim/local/lib/python3.10/dist-packages/turtlesim/turtlesim_s__rosidl_typesupport_c.cpython-310-x86_64-linux-gnu.so" to ""
[62.833s] -- Installing: /home/robousr/Documents/Practicas_ROS2/crea_workspace/ros2_ws/install/turtlesim/lib/libturtlesim__rosidl_generator_py.so
[62.834s] -- Set runtime path of "/home/robousr/Documents/Practicas_ROS2/crea_workspace/ros2_ws/install/turtlesim/lib/libturtlesim__rosidl_generator_py.so" to ""
[62.834s] -- Installing: /home/robousr/Documents/Practicas_ROS2/crea_workspace/ros2_ws/install/turtlesim/share/turtlesim/action/RotateAbsolute.idl
[62.834s] -- Installing: /home/robousr/Documents/Practicas_ROS2/crea_workspace/ros2_ws/install/turtlesim/share/turtlesim/msg/Color.idl
[62.835s] -- Installing: /home/robousr/Documents/Practicas_ROS2/crea_workspace/ros2_ws/install/turtlesim/share/turtlesim/msg/Pose.idl
[62.835s] -- Installing: /home/robousr/Documents/Practicas_ROS2/crea_workspace/ros2_ws/install/turtlesim/share/turtlesim/srv/Kill.idl
[62.836s] -- Installing: /home/robousr/Documents/Practicas_ROS2/crea_workspace/ros2_ws/install/turtlesim/share/turtlesim/srv/SetPen.idl
[62.836s] -- Installing: /home/robousr/Documents/Practicas_ROS2/crea_workspace/ros2_ws/install/turtlesim/share/turtlesim/srv/Spawn.idl
[62.836s] -- Installing: /home/robousr/Documents/Practicas_ROS2/crea_workspace/ros2_ws/install/turtlesim/share/turtlesim/srv/TeleportAbsolute.idl
[62.837s] -- Installing: /home/robousr/Documents/Practicas_ROS2/crea_workspace/ros2_ws/install/turtlesim/share/turtlesim/srv/TeleportRelative.idl
[62.837s] -- Installing: /home/robousr/Documents/Practicas_ROS2/crea_workspace/ros2_ws/install/turtlesim/share/turtlesim/action/RotateAbsolute.action
[62.837s] -- Installing: /home/robousr/Documents/Practicas_ROS2/crea_workspace/ros2_ws/install/turtlesim/share/turtlesim/msg/Color.msg
[62.838s] -- Installing: /home/robousr/Documents/Practicas_ROS2/crea_workspace/ros2_ws/install/turtlesim/share/turtlesim/msg/Pose.msg
[62.838s] -- Installing: /home/robousr/Documents/Practicas_ROS2/crea_workspace/ros2_ws/install/turtlesim/share/turtlesim/srv/Kill.srv
[62.838s] -- Installing: /home/robousr/Documents/Practicas_ROS2/crea_workspace/ros2_ws/install/turtlesim/share/turtlesim/srv/Kill_Request.msg
[62.839s] -- Installing: /home/robousr/Documents/Practicas_ROS2/crea_workspace/ros2_ws/install/turtlesim/share/turtlesim/srv/Kill_Response.msg
[62.839s] -- Installing: /home/robousr/Documents/Practicas_ROS2/crea_workspace/ros2_ws/install/turtlesim/share/turtlesim/srv/SetPen.srv
[62.840s] -- Installing: /home/robousr/Documents/Practicas_ROS2/crea_workspace/ros2_ws/install/turtlesim/share/turtlesim/srv/SetPen_Request.msg
[62.840s] -- Installing: /home/robousr/Documents/Practicas_ROS2/crea_workspace/ros2_ws/install/turtlesim/share/turtlesim/srv/SetPen_Response.msg
[62.840s] -- Installing: /home/robousr/Documents/Practicas_ROS2/crea_workspace/ros2_ws/install/turtlesim/share/turtlesim/srv/Spawn.srv
[62.841s] -- Installing: /home/robousr/Documents/Practicas_ROS2/crea_workspace/ros2_ws/install/turtlesim/share/turtlesim/srv/Spawn_Request.msg
[62.841s] -- Installing: /home/robousr/Documents/Practicas_ROS2/crea_workspace/ros2_ws/install/turtlesim/share/turtlesim/srv/Spawn_Response.msg
[62.841s] -- Installing: /home/robousr/Documents/Practicas_ROS2/crea_workspace/ros2_ws/install/turtlesim/share/turtlesim/srv/TeleportAbsolute.srv
[62.842s] -- Installing: /home/robousr/Documents/Practicas_ROS2/crea_workspace/ros2_ws/install/turtlesim/share/turtlesim/srv/TeleportAbsolute_Request.msg
[62.842s] -- Installing: /home/robousr/Documents/Practicas_ROS2/crea_workspace/ros2_ws/install/turtlesim/share/turtlesim/srv/TeleportAbsolute_Response.msg
[62.842s] -- Installing: /home/robousr/Documents/Practicas_ROS2/crea_workspace/ros2_ws/install/turtlesim/share/turtlesim/srv/TeleportRelative.srv
[62.843s] -- Installing: /home/robousr/Documents/Practicas_ROS2/crea_workspace/ros2_ws/install/turtlesim/share/turtlesim/srv/TeleportRelative_Request.msg
[62.843s] -- Installing: /home/robousr/Documents/Practicas_ROS2/crea_workspace/ros2_ws/install/turtlesim/share/turtlesim/srv/TeleportRelative_Response.msg
[62.843s] -- Installing: /home/robousr/Documents/Practicas_ROS2/crea_workspace/ros2_ws/install/turtlesim/lib/turtlesim/turtlesim_node
[62.855s] -- Set runtime path of "/home/robousr/Documents/Practicas_ROS2/crea_workspace/ros2_ws/install/turtlesim/lib/turtlesim/turtlesim_node" to ""
[62.856s] -- Installing: /home/robousr/Documents/Practicas_ROS2/crea_workspace/ros2_ws/install/turtlesim/lib/turtlesim/turtle_teleop_key
[62.858s] -- Set runtime path of "/home/robousr/Documents/Practicas_ROS2/crea_workspace/ros2_ws/install/turtlesim/lib/turtlesim/turtle_teleop_key" to ""
[62.858s] -- Installing: /home/robousr/Documents/Practicas_ROS2/crea_workspace/ros2_ws/install/turtlesim/lib/turtlesim/draw_square
[62.864s] -- Set runtime path of "/home/robousr/Documents/Practicas_ROS2/crea_workspace/ros2_ws/install/turtlesim/lib/turtlesim/draw_square" to ""
[62.864s] -- Installing: /home/robousr/Documents/Practicas_ROS2/crea_workspace/ros2_ws/install/turtlesim/lib/turtlesim/mimic
[62.870s] -- Set runtime path of "/home/robousr/Documents/Practicas_ROS2/crea_workspace/ros2_ws/install/turtlesim/lib/turtlesim/mimic" to ""
[62.870s] -- Installing: /home/robousr/Documents/Practicas_ROS2/crea_workspace/ros2_ws/install/turtlesim/share/turtlesim/images
[62.870s] -- Installing: /home/robousr/Documents/Practicas_ROS2/crea_workspace/ros2_ws/install/turtlesim/share/turtlesim/images/rolling.png
[62.871s] -- Installing: /home/robousr/Documents/Practicas_ROS2/crea_workspace/ros2_ws/install/turtlesim/share/turtlesim/images/eloquent.png
[62.871s] -- Installing: /home/robousr/Documents/Practicas_ROS2/crea_workspace/ros2_ws/install/turtlesim/share/turtlesim/images/bouncy.png
[62.871s] -- Installing: /home/robousr/Documents/Practicas_ROS2/crea_workspace/ros2_ws/install/turtlesim/share/turtlesim/images/dashing.png
[62.871s] -- Installing: /home/robousr/Documents/Practicas_ROS2/crea_workspace/ros2_ws/install/turtlesim/share/turtlesim/images/humble.png
[62.872s] -- Installing: /home/robousr/Documents/Practicas_ROS2/crea_workspace/ros2_ws/install/turtlesim/share/turtlesim/images/ardent.png
[62.872s] -- Installing: /home/robousr/Documents/Practicas_ROS2/crea_workspace/ros2_ws/install/turtlesim/share/turtlesim/images/galactic.png
[62.872s] -- Installing: /home/robousr/Documents/Practicas_ROS2/crea_workspace/ros2_ws/install/turtlesim/share/turtlesim/images/crystal.png
[62.873s] -- Installing: /home/robousr/Documents/Practicas_ROS2/crea_workspace/ros2_ws/install/turtlesim/share/turtlesim/images/foxy.png
[62.873s] -- Installing: /home/robousr/Documents/Practicas_ROS2/crea_workspace/ros2_ws/install/turtlesim/share/turtlesim/launch
[62.873s] -- Installing: /home/robousr/Documents/Practicas_ROS2/crea_workspace/ros2_ws/install/turtlesim/share/turtlesim/launch/multisim.launch.py
[62.874s] -- Installing: /home/robousr/Documents/Practicas_ROS2/crea_workspace/ros2_ws/install/turtlesim/share/ament_index/resource_index/package_run_dependencies/turtlesim
[62.874s] -- Installing: /home/robousr/Documents/Practicas_ROS2/crea_workspace/ros2_ws/install/turtlesim/share/ament_index/resource_index/parent_prefix_path/turtlesim
[62.874s] -- Installing: /home/robousr/Documents/Practicas_ROS2/crea_workspace/ros2_ws/install/turtlesim/share/turtlesim/environment/ament_prefix_path.sh
[62.876s] -- Installing: /home/robousr/Documents/Practicas_ROS2/crea_workspace/ros2_ws/install/turtlesim/share/turtlesim/environment/ament_prefix_path.dsv
[62.877s] -- Installing: /home/robousr/Documents/Practicas_ROS2/crea_workspace/ros2_ws/install/turtlesim/share/turtlesim/environment/path.sh
[62.877s] -- Installing: /home/robousr/Documents/Practicas_ROS2/crea_workspace/ros2_ws/install/turtlesim/share/turtlesim/environment/path.dsv
[62.877s] -- Installing: /home/robousr/Documents/Practicas_ROS2/crea_workspace/ros2_ws/install/turtlesim/share/turtlesim/local_setup.bash
[62.877s] -- Installing: /home/robousr/Documents/Practicas_ROS2/crea_workspace/ros2_ws/install/turtlesim/share/turtlesim/local_setup.sh
[62.878s] -- Installing: /home/robousr/Documents/Practicas_ROS2/crea_workspace/ros2_ws/install/turtlesim/share/turtlesim/local_setup.zsh
[62.878s] -- Installing: /home/robousr/Documents/Practicas_ROS2/crea_workspace/ros2_ws/install/turtlesim/share/turtlesim/local_setup.dsv
[62.879s] -- Installing: /home/robousr/Documents/Practicas_ROS2/crea_workspace/ros2_ws/install/turtlesim/share/turtlesim/package.dsv
[62.879s] -- Installing: /home/robousr/Documents/Practicas_ROS2/crea_workspace/ros2_ws/install/turtlesim/share/ament_index/resource_index/packages/turtlesim
[62.880s] -- Installing: /home/robousr/Documents/Practicas_ROS2/crea_workspace/ros2_ws/install/turtlesim/share/turtlesim/cmake/export_turtlesim__rosidl_generator_cExport.cmake
[62.880s] -- Installing: /home/robousr/Documents/Practicas_ROS2/crea_workspace/ros2_ws/install/turtlesim/share/turtlesim/cmake/export_turtlesim__rosidl_generator_cExport-noconfig.cmake
[62.880s] -- Installing: /home/robousr/Documents/Practicas_ROS2/crea_workspace/ros2_ws/install/turtlesim/share/turtlesim/cmake/export_turtlesim__rosidl_typesupport_fastrtps_cExport.cmake
[62.880s] -- Installing: /home/robousr/Documents/Practicas_ROS2/crea_workspace/ros2_ws/install/turtlesim/share/turtlesim/cmake/export_turtlesim__rosidl_typesupport_fastrtps_cExport-noconfig.cmake
[62.881s] -- Installing: /home/robousr/Documents/Practicas_ROS2/crea_workspace/ros2_ws/install/turtlesim/share/turtlesim/cmake/export_turtlesim__rosidl_generator_cppExport.cmake
[62.881s] -- Installing: /home/robousr/Documents/Practicas_ROS2/crea_workspace/ros2_ws/install/turtlesim/share/turtlesim/cmake/export_turtlesim__rosidl_typesupport_fastrtps_cppExport.cmake
[62.882s] -- Installing: /home/robousr/Documents/Practicas_ROS2/crea_workspace/ros2_ws/install/turtlesim/share/turtlesim/cmake/export_turtlesim__rosidl_typesupport_fastrtps_cppExport-noconfig.cmake
[62.882s] -- Installing: /home/robousr/Documents/Practicas_ROS2/crea_workspace/ros2_ws/install/turtlesim/share/turtlesim/cmake/turtlesim__rosidl_typesupport_introspection_cExport.cmake
[62.883s] -- Installing: /home/robousr/Documents/Practicas_ROS2/crea_workspace/ros2_ws/install/turtlesim/share/turtlesim/cmake/turtlesim__rosidl_typesupport_introspection_cExport-noconfig.cmake
[62.883s] -- Installing: /home/robousr/Documents/Practicas_ROS2/crea_workspace/ros2_ws/install/turtlesim/share/turtlesim/cmake/turtlesim__rosidl_typesupport_cExport.cmake
[62.883s] -- Installing: /home/robousr/Documents/Practicas_ROS2/crea_workspace/ros2_ws/install/turtlesim/share/turtlesim/cmake/turtlesim__rosidl_typesupport_cExport-noconfig.cmake
[62.884s] -- Installing: /home/robousr/Documents/Practicas_ROS2/crea_workspace/ros2_ws/install/turtlesim/share/turtlesim/cmake/turtlesim__rosidl_typesupport_introspection_cppExport.cmake
[62.884s] -- Installing: /home/robousr/Documents/Practicas_ROS2/crea_workspace/ros2_ws/install/turtlesim/share/turtlesim/cmake/turtlesim__rosidl_typesupport_introspection_cppExport-noconfig.cmake
[62.884s] -- Installing: /home/robousr/Documents/Practicas_ROS2/crea_workspace/ros2_ws/install/turtlesim/share/turtlesim/cmake/turtlesim__rosidl_typesupport_cppExport.cmake
[62.889s] -- Installing: /home/robousr/Documents/Practicas_ROS2/crea_workspace/ros2_ws/install/turtlesim/share/turtlesim/cmake/turtlesim__rosidl_typesupport_cppExport-noconfig.cmake
[62.889s] -- Installing: /home/robousr/Documents/Practicas_ROS2/crea_workspace/ros2_ws/install/turtlesim/share/turtlesim/cmake/export_turtlesim__rosidl_generator_pyExport.cmake
[62.889s] -- Installing: /home/robousr/Documents/Practicas_ROS2/crea_workspace/ros2_ws/install/turtlesim/share/turtlesim/cmake/export_turtlesim__rosidl_generator_pyExport-noconfig.cmake
[62.889s] -- Installing: /home/robousr/Documents/Practicas_ROS2/crea_workspace/ros2_ws/install/turtlesim/share/turtlesim/cmake/rosidl_cmake-extras.cmake
[62.889s] -- Installing: /home/robousr/Documents/Practicas_ROS2/crea_workspace/ros2_ws/install/turtlesim/share/turtlesim/cmake/ament_cmake_export_dependencies-extras.cmake
[62.889s] -- Installing: /home/robousr/Documents/Practicas_ROS2/crea_workspace/ros2_ws/install/turtlesim/share/turtlesim/cmake/ament_cmake_export_include_directories-extras.cmake
[62.889s] -- Installing: /home/robousr/Documents/Practicas_ROS2/crea_workspace/ros2_ws/install/turtlesim/share/turtlesim/cmake/ament_cmake_export_libraries-extras.cmake
[62.889s] -- Installing: /home/robousr/Documents/Practicas_ROS2/crea_workspace/ros2_ws/install/turtlesim/share/turtlesim/cmake/ament_cmake_export_targets-extras.cmake
[62.889s] -- Installing: /home/robousr/Documents/Practicas_ROS2/crea_workspace/ros2_ws/install/turtlesim/share/turtlesim/cmake/rosidl_cmake_export_typesupport_targets-extras.cmake
[62.889s] -- Installing: /home/robousr/Documents/Practicas_ROS2/crea_workspace/ros2_ws/install/turtlesim/share/turtlesim/cmake/rosidl_cmake_export_typesupport_libraries-extras.cmake
[62.889s] -- Installing: /home/robousr/Documents/Practicas_ROS2/crea_workspace/ros2_ws/install/turtlesim/share/turtlesim/cmake/turtlesimConfig.cmake
[62.891s] -- Installing: /home/robousr/Documents/Practicas_ROS2/crea_workspace/ros2_ws/install/turtlesim/share/turtlesim/cmake/turtlesimConfig-version.cmake
[62.891s] -- Installing: /home/robousr/Documents/Practicas_ROS2/crea_workspace/ros2_ws/install/turtlesim/share/turtlesim/package.xml
[62.894s] Invoked command in '/home/robousr/Documents/Practicas_ROS2/crea_workspace/ros2_ws/build/turtlesim' returned '0': CMAKE_PREFIX_PATH=${CMAKE_PREFIX_PATH}:/opt/ros/humble /usr/bin/cmake --install /home/robousr/Documents/Practicas_ROS2/crea_workspace/ros2_ws/build/turtlesim
