[0.791s] Invoking command in '/home/robousr/Documents/Practicas_ROS2/ros2_ws/build/examples_rclpy_minimal_client': PYTHONPATH=/home/robousr/Documents/Practicas_ROS2/ros2_ws/build/examples_rclpy_minimal_client/prefix_override:/usr/lib/python3/dist-packages/colcon_core/task/python/colcon_distutils_commands:/home/robousr/Documents/Practicas_ROS2/ros2_ws/install/examples_rclpy_minimal_client/lib/python3.10/site-packages:${PYTHONPATH} /usr/bin/python3 -W ignore:setup.py install is deprecated -W ignore:easy_install command is deprecated setup.py develop --editable --build-directory /home/robousr/Documents/Practicas_ROS2/ros2_ws/build/examples_rclpy_minimal_client/build --no-deps symlink_data
[1.093s] running develop
[1.279s] running egg_info
[1.279s] creating examples_rclpy_minimal_client.egg-info
[1.280s] writing examples_rclpy_minimal_client.egg-info/PKG-INFO
[1.280s] writing dependency_links to examples_rclpy_minimal_client.egg-info/dependency_links.txt
[1.280s] writing entry points to examples_rclpy_minimal_client.egg-info/entry_points.txt
[1.281s] writing requirements to examples_rclpy_minimal_client.egg-info/requires.txt
[1.281s] writing top-level names to examples_rclpy_minimal_client.egg-info/top_level.txt
[1.281s] writing manifest file 'examples_rclpy_minimal_client.egg-info/SOURCES.txt'
[1.286s] reading manifest file 'examples_rclpy_minimal_client.egg-info/SOURCES.txt'
[1.287s] writing manifest file 'examples_rclpy_minimal_client.egg-info/SOURCES.txt'
[1.288s] running build_ext
[1.288s] Creating /home/robousr/Documents/Practicas_ROS2/ros2_ws/install/examples_rclpy_minimal_client/lib/python3.10/site-packages/examples-rclpy-minimal-client.egg-link (link to .)
[1.290s] Installing client script to /home/robousr/Documents/Practicas_ROS2/ros2_ws/install/examples_rclpy_minimal_client/lib/examples_rclpy_minimal_client
[1.290s] Installing client_async script to /home/robousr/Documents/Practicas_ROS2/ros2_ws/install/examples_rclpy_minimal_client/lib/examples_rclpy_minimal_client
[1.291s] Installing client_async_callback script to /home/robousr/Documents/Practicas_ROS2/ros2_ws/install/examples_rclpy_minimal_client/lib/examples_rclpy_minimal_client
[1.291s] Installing client_async_member_function script to /home/robousr/Documents/Practicas_ROS2/ros2_ws/install/examples_rclpy_minimal_client/lib/examples_rclpy_minimal_client
[1.292s] 
[1.292s] Installed /home/robousr/Documents/Practicas_ROS2/ros2_ws/build/examples_rclpy_minimal_client
[1.292s] running symlink_data
[1.292s] creating /home/robousr/Documents/Practicas_ROS2/ros2_ws/install/examples_rclpy_minimal_client/share/ament_index
[1.293s] creating /home/robousr/Documents/Practicas_ROS2/ros2_ws/install/examples_rclpy_minimal_client/share/ament_index/resource_index
[1.293s] creating /home/robousr/Documents/Practicas_ROS2/ros2_ws/install/examples_rclpy_minimal_client/share/ament_index/resource_index/packages
[1.293s] symbolically linking /home/robousr/Documents/Practicas_ROS2/ros2_ws/build/examples_rclpy_minimal_client/resource/examples_rclpy_minimal_client -> /home/robousr/Documents/Practicas_ROS2/ros2_ws/install/examples_rclpy_minimal_client/share/ament_index/resource_index/packages
[1.295s] symbolically linking /home/robousr/Documents/Practicas_ROS2/ros2_ws/build/examples_rclpy_minimal_client/package.xml -> /home/robousr/Documents/Practicas_ROS2/ros2_ws/install/examples_rclpy_minimal_client/share/examples_rclpy_minimal_client
[1.335s] Invoked command in '/home/robousr/Documents/Practicas_ROS2/ros2_ws/build/examples_rclpy_minimal_client' returned '0': PYTHONPATH=/home/robousr/Documents/Practicas_ROS2/ros2_ws/build/examples_rclpy_minimal_client/prefix_override:/usr/lib/python3/dist-packages/colcon_core/task/python/colcon_distutils_commands:/home/robousr/Documents/Practicas_ROS2/ros2_ws/install/examples_rclpy_minimal_client/lib/python3.10/site-packages:${PYTHONPATH} /usr/bin/python3 -W ignore:setup.py install is deprecated -W ignore:easy_install command is deprecated setup.py develop --editable --build-directory /home/robousr/Documents/Practicas_ROS2/ros2_ws/build/examples_rclpy_minimal_client/build --no-deps symlink_data
