[1.137s] Invoking command in '/home/robousr/Documents/Practicas_ROS2/ros2_ws/build/examples_rclpy_minimal_publisher': PYTHONPATH=/home/robousr/Documents/Practicas_ROS2/ros2_ws/build/examples_rclpy_minimal_publisher/prefix_override:/usr/lib/python3/dist-packages/colcon_core/task/python/colcon_distutils_commands:/home/robousr/Documents/Practicas_ROS2/ros2_ws/install/examples_rclpy_minimal_publisher/lib/python3.10/site-packages:${PYTHONPATH} /usr/bin/python3 -W ignore:setup.py install is deprecated -W ignore:easy_install command is deprecated setup.py develop --editable --build-directory /home/robousr/Documents/Practicas_ROS2/ros2_ws/build/examples_rclpy_minimal_publisher/build --no-deps symlink_data
[1.529s] running develop
[1.747s] running egg_info
[1.748s] creating examples_rclpy_minimal_publisher.egg-info
[1.748s] writing examples_rclpy_minimal_publisher.egg-info/PKG-INFO
[1.748s] writing dependency_links to examples_rclpy_minimal_publisher.egg-info/dependency_links.txt
[1.750s] writing entry points to examples_rclpy_minimal_publisher.egg-info/entry_points.txt
[1.750s] writing requirements to examples_rclpy_minimal_publisher.egg-info/requires.txt
[1.750s] writing top-level names to examples_rclpy_minimal_publisher.egg-info/top_level.txt
[1.750s] writing manifest file 'examples_rclpy_minimal_publisher.egg-info/SOURCES.txt'
[1.753s] reading manifest file 'examples_rclpy_minimal_publisher.egg-info/SOURCES.txt'
[1.755s] writing manifest file 'examples_rclpy_minimal_publisher.egg-info/SOURCES.txt'
[1.756s] running build_ext
[1.756s] Creating /home/robousr/Documents/Practicas_ROS2/ros2_ws/install/examples_rclpy_minimal_publisher/lib/python3.10/site-packages/examples-rclpy-minimal-publisher.egg-link (link to .)
[1.757s] Installing publisher_local_function script to /home/robousr/Documents/Practicas_ROS2/ros2_ws/install/examples_rclpy_minimal_publisher/lib/examples_rclpy_minimal_publisher
[1.758s] Installing publisher_member_function script to /home/robousr/Documents/Practicas_ROS2/ros2_ws/install/examples_rclpy_minimal_publisher/lib/examples_rclpy_minimal_publisher
[1.758s] Installing publisher_member_function_with_wait_for_all_acked script to /home/robousr/Documents/Practicas_ROS2/ros2_ws/install/examples_rclpy_minimal_publisher/lib/examples_rclpy_minimal_publisher
[1.758s] Installing publisher_old_school script to /home/robousr/Documents/Practicas_ROS2/ros2_ws/install/examples_rclpy_minimal_publisher/lib/examples_rclpy_minimal_publisher
[1.759s] 
[1.759s] Installed /home/robousr/Documents/Practicas_ROS2/ros2_ws/build/examples_rclpy_minimal_publisher
[1.759s] running symlink_data
[1.759s] creating /home/robousr/Documents/Practicas_ROS2/ros2_ws/install/examples_rclpy_minimal_publisher/share/ament_index
[1.759s] creating /home/robousr/Documents/Practicas_ROS2/ros2_ws/install/examples_rclpy_minimal_publisher/share/ament_index/resource_index
[1.760s] creating /home/robousr/Documents/Practicas_ROS2/ros2_ws/install/examples_rclpy_minimal_publisher/share/ament_index/resource_index/packages
[1.760s] symbolically linking /home/robousr/Documents/Practicas_ROS2/ros2_ws/build/examples_rclpy_minimal_publisher/resource/examples_rclpy_minimal_publisher -> /home/robousr/Documents/Practicas_ROS2/ros2_ws/install/examples_rclpy_minimal_publisher/share/ament_index/resource_index/packages
[1.760s] symbolically linking /home/robousr/Documents/Practicas_ROS2/ros2_ws/build/examples_rclpy_minimal_publisher/package.xml -> /home/robousr/Documents/Practicas_ROS2/ros2_ws/install/examples_rclpy_minimal_publisher/share/examples_rclpy_minimal_publisher
[1.812s] Invoked command in '/home/robousr/Documents/Practicas_ROS2/ros2_ws/build/examples_rclpy_minimal_publisher' returned '0': PYTHONPATH=/home/robousr/Documents/Practicas_ROS2/ros2_ws/build/examples_rclpy_minimal_publisher/prefix_override:/usr/lib/python3/dist-packages/colcon_core/task/python/colcon_distutils_commands:/home/robousr/Documents/Practicas_ROS2/ros2_ws/install/examples_rclpy_minimal_publisher/lib/python3.10/site-packages:${PYTHONPATH} /usr/bin/python3 -W ignore:setup.py install is deprecated -W ignore:easy_install command is deprecated setup.py develop --editable --build-directory /home/robousr/Documents/Practicas_ROS2/ros2_ws/build/examples_rclpy_minimal_publisher/build --no-deps symlink_data
