[0.034s] Invoking command in '/home/robousr/Documents/Practicas_ROS2/ros2_ws/build/examples_rclcpp_minimal_composition': CMAKE_PREFIX_PATH=/opt/ros/humble /usr/bin/cmake /home/robousr/Documents/Practicas_ROS2/ros2_ws/src/examples/rclcpp/composition/minimal_composition -DAMENT_CMAKE_SYMLINK_INSTALL=1 -DCMAKE_INSTALL_PREFIX=/home/robousr/Documents/Practicas_ROS2/ros2_ws/install/examples_rclcpp_minimal_composition
[0.213s] -- The C compiler identification is GNU 11.4.0
[0.379s] -- The CXX compiler identification is GNU 11.4.0
[0.404s] -- Detecting C compiler ABI info
[0.628s] -- Detecting C compiler ABI info - done
[0.657s] -- Check for working C compiler: /usr/bin/cc - skipped
[0.659s] -- Detecting C compile features
[0.659s] -- Detecting C compile features - done
[0.666s] -- Detecting CXX compiler ABI info
[0.924s] -- Detecting CXX compiler ABI info - done
[0.942s] -- Check for working CXX compiler: /usr/bin/c++ - skipped
[0.945s] -- Detecting CXX compile features
[0.946s] -- Detecting CXX compile features - done
[0.957s] -- Found ament_cmake: 1.3.11 (/opt/ros/humble/share/ament_cmake/cmake)
[2.254s] -- Found Python3: /home/robousr/.pyenv/shims/python3 (found version "3.10.12") found components: Interpreter 
[2.591s] -- Override CMake install command with custom implementation using symlinks instead of copying resources
[2.660s] -- Found rclcpp: 16.0.12 (/opt/ros/humble/share/rclcpp/cmake)
[2.761s] -- Found rosidl_generator_c: 3.1.6 (/opt/ros/humble/share/rosidl_generator_c/cmake)
[2.778s] -- Found rosidl_adapter: 3.1.6 (/opt/ros/humble/share/rosidl_adapter/cmake)
[2.805s] -- Found rosidl_generator_cpp: 3.1.6 (/opt/ros/humble/share/rosidl_generator_cpp/cmake)
[2.840s] -- Using all available rosidl_typesupport_c: rosidl_typesupport_fastrtps_c;rosidl_typesupport_introspection_c
[2.880s] -- Using all available rosidl_typesupport_cpp: rosidl_typesupport_fastrtps_cpp;rosidl_typesupport_introspection_cpp
[2.980s] -- Found rmw_implementation_cmake: 6.1.2 (/opt/ros/humble/share/rmw_implementation_cmake/cmake)
[2.987s] -- Found rmw_fastrtps_cpp: 6.2.7 (/opt/ros/humble/share/rmw_fastrtps_cpp/cmake)
[3.255s] -- Found OpenSSL: /usr/lib/x86_64-linux-gnu/libcrypto.so (found version "3.0.2")  
[3.326s] -- Found FastRTPS: /opt/ros/humble/include  
[3.444s] -- Using RMW implementation 'rmw_fastrtps_cpp' as default
[3.461s] -- Looking for pthread.h
[3.670s] -- Looking for pthread.h - found
[3.672s] -- Performing Test CMAKE_HAVE_LIBC_PTHREAD
[3.943s] -- Performing Test CMAKE_HAVE_LIBC_PTHREAD - Success
[3.946s] -- Found Threads: TRUE  
[4.078s] -- Found rclcpp_components: 16.0.12 (/opt/ros/humble/share/rclcpp_components/cmake)
[4.210s] -- Found ament_lint_auto: 0.12.12 (/opt/ros/humble/share/ament_lint_auto/cmake)
[4.628s] -- Added test 'copyright' to check source files copyright and LICENSE
[4.632s] -- Added test 'cppcheck' to perform static code analysis on C / C++ code
[4.633s] -- Configured cppcheck include dirs: /home/robousr/Documents/Practicas_ROS2/ros2_ws/src/examples/rclcpp/composition/minimal_composition/include
[4.635s] -- Configured cppcheck exclude dirs and/or files: 
[4.637s] -- Added test 'cpplint' to check C / C++ code against the Google style
[4.638s] -- Configured cpplint exclude dirs and/or files: 
[4.644s] -- Added test 'lint_cmake' to check CMake code style
[4.648s] -- Added test 'uncrustify' to check C / C++ code style
[4.649s] -- Configured uncrustify additional arguments: 
[4.651s] -- Added test 'xmllint' to check XML markup files
[4.658s] -- Configuring done
[4.726s] -- Generating done
[4.745s] -- Build files have been written to: /home/robousr/Documents/Practicas_ROS2/ros2_ws/build/examples_rclcpp_minimal_composition
[4.771s] Invoked command in '/home/robousr/Documents/Practicas_ROS2/ros2_ws/build/examples_rclcpp_minimal_composition' returned '0': CMAKE_PREFIX_PATH=/opt/ros/humble /usr/bin/cmake /home/robousr/Documents/Practicas_ROS2/ros2_ws/src/examples/rclcpp/composition/minimal_composition -DAMENT_CMAKE_SYMLINK_INSTALL=1 -DCMAKE_INSTALL_PREFIX=/home/robousr/Documents/Practicas_ROS2/ros2_ws/install/examples_rclcpp_minimal_composition
[4.773s] Invoking command in '/home/robousr/Documents/Practicas_ROS2/ros2_ws/build/examples_rclcpp_minimal_composition': CMAKE_PREFIX_PATH=/opt/ros/humble /usr/bin/cmake --build /home/robousr/Documents/Practicas_ROS2/ros2_ws/build/examples_rclcpp_minimal_composition -- -j2 -l2
[4.974s] [ 11%] [32mBuilding CXX object CMakeFiles/composition_nodes.dir/src/publisher_node.cpp.o[0m
[17.120s] [ 22%] [32mBuilding CXX object CMakeFiles/composition_nodes.dir/src/subscriber_node.cpp.o[0m
[37.790s] [ 33%] [32m[1mLinking CXX shared library libcomposition_nodes.so[0m
[38.768s] [ 33%] Built target composition_nodes
[38.829s] [ 44%] [32mBuilding CXX object CMakeFiles/composition_publisher.dir/src/standalone_publisher.cpp.o[0m
[46.304s] [ 55%] [32m[1mLinking CXX executable composition_publisher[0m
[46.705s] [ 55%] Built target composition_publisher
[46.762s] [ 66%] [32mBuilding CXX object CMakeFiles/composition_subscriber.dir/src/standalone_subscriber.cpp.o[0m
[54.503s] [ 77%] [32m[1mLinking CXX executable composition_subscriber[0m
[54.948s] [ 77%] Built target composition_subscriber
[55.015s] [ 88%] [32mBuilding CXX object CMakeFiles/composition_composed.dir/src/composed.cpp.o[0m
[62.668s] [100%] [32m[1mLinking CXX executable composition_composed[0m
[63.120s] [100%] Built target composition_composed
[63.160s] Invoked command in '/home/robousr/Documents/Practicas_ROS2/ros2_ws/build/examples_rclcpp_minimal_composition' returned '0': CMAKE_PREFIX_PATH=/opt/ros/humble /usr/bin/cmake --build /home/robousr/Documents/Practicas_ROS2/ros2_ws/build/examples_rclcpp_minimal_composition -- -j2 -l2
[63.166s] Invoking command in '/home/robousr/Documents/Practicas_ROS2/ros2_ws/build/examples_rclcpp_minimal_composition': CMAKE_PREFIX_PATH=/opt/ros/humble /usr/bin/cmake --install /home/robousr/Documents/Practicas_ROS2/ros2_ws/build/examples_rclcpp_minimal_composition
[63.189s] -- Install configuration: ""
[63.189s] -- Execute custom install script
[63.191s] -- Symlinking: /home/robousr/Documents/Practicas_ROS2/ros2_ws/install/examples_rclcpp_minimal_composition/share/examples_rclcpp_minimal_composition/environment/library_path.sh
[63.219s] -- Symlinking: /home/robousr/Documents/Practicas_ROS2/ros2_ws/install/examples_rclcpp_minimal_composition/share/examples_rclcpp_minimal_composition/environment/library_path.dsv
[63.252s] -- Symlinking: /home/robousr/Documents/Practicas_ROS2/ros2_ws/install/examples_rclcpp_minimal_composition/lib/libcomposition_nodes.so
[63.284s] -- Symlinking: /home/robousr/Documents/Practicas_ROS2/ros2_ws/install/examples_rclcpp_minimal_composition/lib/examples_rclcpp_minimal_composition/composition_publisher
[63.308s] -- Symlinking: /home/robousr/Documents/Practicas_ROS2/ros2_ws/install/examples_rclcpp_minimal_composition/lib/examples_rclcpp_minimal_composition/composition_subscriber
[63.336s] -- Symlinking: /home/robousr/Documents/Practicas_ROS2/ros2_ws/install/examples_rclcpp_minimal_composition/lib/examples_rclcpp_minimal_composition/composition_composed
[63.367s] -- Symlinking: /home/robousr/Documents/Practicas_ROS2/ros2_ws/install/examples_rclcpp_minimal_composition/share/ament_index/resource_index/package_run_dependencies/examples_rclcpp_minimal_composition
[63.394s] -- Symlinking: /home/robousr/Documents/Practicas_ROS2/ros2_ws/install/examples_rclcpp_minimal_composition/share/ament_index/resource_index/parent_prefix_path/examples_rclcpp_minimal_composition
[63.418s] -- Symlinking: /home/robousr/Documents/Practicas_ROS2/ros2_ws/install/examples_rclcpp_minimal_composition/share/examples_rclcpp_minimal_composition/environment/ament_prefix_path.sh
[63.453s] -- Symlinking: /home/robousr/Documents/Practicas_ROS2/ros2_ws/install/examples_rclcpp_minimal_composition/share/examples_rclcpp_minimal_composition/environment/ament_prefix_path.dsv
[63.478s] -- Symlinking: /home/robousr/Documents/Practicas_ROS2/ros2_ws/install/examples_rclcpp_minimal_composition/share/examples_rclcpp_minimal_composition/environment/path.sh
[63.503s] -- Symlinking: /home/robousr/Documents/Practicas_ROS2/ros2_ws/install/examples_rclcpp_minimal_composition/share/examples_rclcpp_minimal_composition/environment/path.dsv
[63.532s] -- Symlinking: /home/robousr/Documents/Practicas_ROS2/ros2_ws/install/examples_rclcpp_minimal_composition/share/examples_rclcpp_minimal_composition/local_setup.bash
[63.563s] -- Symlinking: /home/robousr/Documents/Practicas_ROS2/ros2_ws/install/examples_rclcpp_minimal_composition/share/examples_rclcpp_minimal_composition/local_setup.sh
[63.591s] -- Symlinking: /home/robousr/Documents/Practicas_ROS2/ros2_ws/install/examples_rclcpp_minimal_composition/share/examples_rclcpp_minimal_composition/local_setup.zsh
[63.617s] -- Symlinking: /home/robousr/Documents/Practicas_ROS2/ros2_ws/install/examples_rclcpp_minimal_composition/share/examples_rclcpp_minimal_composition/local_setup.dsv
[63.640s] -- Symlinking: /home/robousr/Documents/Practicas_ROS2/ros2_ws/install/examples_rclcpp_minimal_composition/share/examples_rclcpp_minimal_composition/package.dsv
[63.664s] -- Symlinking: /home/robousr/Documents/Practicas_ROS2/ros2_ws/install/examples_rclcpp_minimal_composition/share/ament_index/resource_index/packages/examples_rclcpp_minimal_composition
[63.689s] -- Symlinking: /home/robousr/Documents/Practicas_ROS2/ros2_ws/install/examples_rclcpp_minimal_composition/share/examples_rclcpp_minimal_composition/cmake/examples_rclcpp_minimal_compositionConfig.cmake
[63.716s] -- Symlinking: /home/robousr/Documents/Practicas_ROS2/ros2_ws/install/examples_rclcpp_minimal_composition/share/examples_rclcpp_minimal_composition/cmake/examples_rclcpp_minimal_compositionConfig-version.cmake
[63.744s] -- Symlinking: /home/robousr/Documents/Practicas_ROS2/ros2_ws/install/examples_rclcpp_minimal_composition/share/examples_rclcpp_minimal_composition/package.xml
[63.778s] Invoked command in '/home/robousr/Documents/Practicas_ROS2/ros2_ws/build/examples_rclcpp_minimal_composition' returned '0': CMAKE_PREFIX_PATH=/opt/ros/humble /usr/bin/cmake --install /home/robousr/Documents/Practicas_ROS2/ros2_ws/build/examples_rclcpp_minimal_composition
