[0.011s] Invoking command in '/home/robousr/Documents/Practicas_ROS2/ros2_ws/build/turtlesim': CMAKE_PREFIX_PATH=${CMAKE_PREFIX_PATH}:/opt/ros/humble /usr/bin/cmake /home/robousr/Documents/Practicas_ROS2/ros2_ws/src/ros_tutorials/turtlesim -DCMAKE_INSTALL_PREFIX=/home/robousr/Documents/Practicas_ROS2/ros2_ws/install/turtlesim
[0.105s] -- The C compiler identification is GNU 11.4.0
[0.181s] -- The CXX compiler identification is GNU 11.4.0
[0.191s] -- Detecting C compiler ABI info
[0.305s] -- Detecting C compiler ABI info - done
[0.308s] -- Check for working C compiler: /usr/bin/cc - skipped
[0.309s] -- Detecting C compile features
[0.311s] -- Detecting C compile features - done
[0.314s] -- Detecting CXX compiler ABI info
[0.609s] -- Detecting CXX compiler ABI info - done
[0.621s] -- Check for working CXX compiler: /usr/bin/c++ - skipped
[0.621s] -- Detecting CXX compile features
[0.626s] -- Detecting CXX compile features - done
[0.638s] -- Found ament_cmake: 1.3.11 (/opt/ros/humble/share/ament_cmake/cmake)
[1.329s] -- Found Python3: /home/robousr/.pyenv/shims/python3 (found version "3.10.12") found components: Interpreter 
[1.527s] -- Found ament_index_cpp: 1.4.0 (/opt/ros/humble/share/ament_index_cpp/cmake)
[1.532s] -- Found geometry_msgs: 4.8.0 (/opt/ros/humble/share/geometry_msgs/cmake)
[1.570s] -- Found rosidl_generator_c: 3.1.6 (/opt/ros/humble/share/rosidl_generator_c/cmake)
[1.575s] -- Found rosidl_adapter: 3.1.6 (/opt/ros/humble/share/rosidl_adapter/cmake)
[1.584s] -- Found rosidl_generator_cpp: 3.1.6 (/opt/ros/humble/share/rosidl_generator_cpp/cmake)
[1.596s] -- Using all available rosidl_typesupport_c: rosidl_typesupport_fastrtps_c;rosidl_typesupport_introspection_c
[1.611s] -- Using all available rosidl_typesupport_cpp: rosidl_typesupport_fastrtps_cpp;rosidl_typesupport_introspection_cpp
[1.666s] -- Found rclcpp: 16.0.12 (/opt/ros/humble/share/rclcpp/cmake)
[1.701s] -- Found rmw_implementation_cmake: 6.1.2 (/opt/ros/humble/share/rmw_implementation_cmake/cmake)
[1.703s] -- Found rmw_fastrtps_cpp: 6.2.7 (/opt/ros/humble/share/rmw_fastrtps_cpp/cmake)
[1.842s] -- Found OpenSSL: /usr/lib/x86_64-linux-gnu/libcrypto.so (found version "3.0.2")  
[1.889s] -- Found FastRTPS: /opt/ros/humble/include  
[1.949s] -- Using RMW implementation 'rmw_fastrtps_cpp' as default
[1.959s] -- Looking for pthread.h
[2.089s] -- Looking for pthread.h - found
[2.089s] -- Performing Test CMAKE_HAVE_LIBC_PTHREAD
[2.187s] -- Performing Test CMAKE_HAVE_LIBC_PTHREAD - Success
[2.187s] -- Found Threads: TRUE  
[2.223s] -- Found rclcpp_action: 16.0.12 (/opt/ros/humble/share/rclcpp_action/cmake)
[2.254s] -- Found rosidl_default_generators: 1.2.0 (/opt/ros/humble/share/rosidl_default_generators/cmake)
[2.263s] -- Found std_srvs: 4.8.0 (/opt/ros/humble/share/std_srvs/cmake)
[2.839s] -- Found ament_cmake_ros: 0.10.0 (/opt/ros/humble/share/ament_cmake_ros/cmake)
[3.478s] -- Using all available rosidl_typesupport_c: rosidl_typesupport_fastrtps_c;rosidl_typesupport_introspection_c
[3.734s] -- Using all available rosidl_typesupport_cpp: rosidl_typesupport_fastrtps_cpp;rosidl_typesupport_introspection_cpp
[3.822s] -- Found PythonInterp: /home/robousr/.pyenv/shims/python3 (found suitable version "3.10.12", minimum required is "3.6") 
[3.822s] -- Found python_cmake_module: 0.10.0 (/opt/ros/humble/share/python_cmake_module/cmake)
[3.913s] -- Found PythonLibs: /usr/lib/x86_64-linux-gnu/libpython3.10.so (found suitable version "3.10.12", minimum required is "3.5") 
[3.913s] -- Using PYTHON_EXECUTABLE: /home/robousr/.pyenv/shims/python3
[3.913s] -- Using PYTHON_INCLUDE_DIRS: /usr/include/python3.10
[3.913s] -- Using PYTHON_LIBRARIES: /usr/lib/x86_64-linux-gnu/libpython3.10.so
[4.000s] -- Found PythonExtra: .so  
[4.121s] -- Configuring done
[4.208s] -- Generating done
[4.234s] -- Build files have been written to: /home/robousr/Documents/Practicas_ROS2/ros2_ws/build/turtlesim
[4.254s] Invoked command in '/home/robousr/Documents/Practicas_ROS2/ros2_ws/build/turtlesim' returned '0': CMAKE_PREFIX_PATH=${CMAKE_PREFIX_PATH}:/opt/ros/humble /usr/bin/cmake /home/robousr/Documents/Practicas_ROS2/ros2_ws/src/ros_tutorials/turtlesim -DCMAKE_INSTALL_PREFIX=/home/robousr/Documents/Practicas_ROS2/ros2_ws/install/turtlesim
[4.256s] Invoking command in '/home/robousr/Documents/Practicas_ROS2/ros2_ws/build/turtlesim': CMAKE_PREFIX_PATH=${CMAKE_PREFIX_PATH}:/opt/ros/humble /usr/bin/cmake --build /home/robousr/Documents/Practicas_ROS2/ros2_ws/build/turtlesim -- -j2 -l2
[4.316s] [  1%] [34m[1mGenerating C code for ROS interfaces[0m
[4.331s] [  2%] [34m[1mGenerating C++ code for ROS interfaces[0m
[6.797s] [  2%] Built target turtlesim__cpp
[6.847s] [  2%] Built target ament_cmake_python_copy_turtlesim
[6.860s] [  3%] [32mBuilding C object CMakeFiles/turtlesim__rosidl_generator_c.dir/rosidl_generator_c/turtlesim/msg/detail/color__functions.c.o[0m
[6.871s] [  4%] [32mBuilding C object CMakeFiles/turtlesim__rosidl_generator_c.dir/rosidl_generator_c/turtlesim/action/detail/rotate_absolute__functions.c.o[0m
[6.970s] [  5%] [32mBuilding C object CMakeFiles/turtlesim__rosidl_generator_c.dir/rosidl_generator_c/turtlesim/msg/detail/pose__functions.c.o[0m
[7.109s] [  6%] [34m[1mGenerating C++ type support dispatch for ROS interfaces[0m
[7.146s] [  7%] [32mBuilding C object CMakeFiles/turtlesim__rosidl_generator_c.dir/rosidl_generator_c/turtlesim/srv/detail/kill__functions.c.o[0m
[7.248s] [  8%] [32mBuilding C object CMakeFiles/turtlesim__rosidl_generator_c.dir/rosidl_generator_c/turtlesim/srv/detail/set_pen__functions.c.o[0m
[7.386s] [  9%] [32mBuilding C object CMakeFiles/turtlesim__rosidl_generator_c.dir/rosidl_generator_c/turtlesim/srv/detail/spawn__functions.c.o[0m
[7.583s] [ 10%] [32mBuilding C object CMakeFiles/turtlesim__rosidl_generator_c.dir/rosidl_generator_c/turtlesim/srv/detail/teleport_absolute__functions.c.o[0m
[7.773s] [ 11%] [32mBuilding C object CMakeFiles/turtlesim__rosidl_generator_c.dir/rosidl_generator_c/turtlesim/srv/detail/teleport_relative__functions.c.o[0m
[7.962s] [ 12%] [32m[1mLinking C shared library libturtlesim__rosidl_generator_c.so[0m
[8.090s] [ 12%] Built target turtlesim__rosidl_generator_c
[8.151s] [ 13%] [34m[1mGenerating C++ type support for eProsima Fast-RTPS[0m
[8.545s] [ 14%] [32mBuilding CXX object CMakeFiles/turtlesim__rosidl_typesupport_cpp.dir/rosidl_typesupport_cpp/turtlesim/action/rotate_absolute__type_support.cpp.o[0m
[9.898s] [ 15%] [32mBuilding CXX object CMakeFiles/turtlesim__rosidl_typesupport_cpp.dir/rosidl_typesupport_cpp/turtlesim/msg/color__type_support.cpp.o[0m
[10.383s] [ 16%] [32mBuilding CXX object CMakeFiles/turtlesim__rosidl_typesupport_cpp.dir/rosidl_typesupport_cpp/turtlesim/msg/pose__type_support.cpp.o[0m
[10.383s] [ 17%] [32mBuilding CXX object CMakeFiles/turtlesim__rosidl_typesupport_fastrtps_cpp.dir/rosidl_typesupport_fastrtps_cpp/turtlesim/action/detail/dds_fastrtps/rotate_absolute__type_support.cpp.o[0m
[11.046s] [ 18%] [32mBuilding CXX object CMakeFiles/turtlesim__rosidl_typesupport_cpp.dir/rosidl_typesupport_cpp/turtlesim/srv/kill__type_support.cpp.o[0m
[11.728s] [ 19%] [32mBuilding CXX object CMakeFiles/turtlesim__rosidl_typesupport_cpp.dir/rosidl_typesupport_cpp/turtlesim/srv/set_pen__type_support.cpp.o[0m
[11.762s] [ 20%] [32mBuilding CXX object CMakeFiles/turtlesim__rosidl_typesupport_fastrtps_cpp.dir/rosidl_typesupport_fastrtps_cpp/turtlesim/msg/detail/dds_fastrtps/color__type_support.cpp.o[0m
[12.357s] [ 21%] [32mBuilding CXX object CMakeFiles/turtlesim__rosidl_typesupport_cpp.dir/rosidl_typesupport_cpp/turtlesim/srv/spawn__type_support.cpp.o[0m
[12.498s] [ 22%] [32mBuilding CXX object CMakeFiles/turtlesim__rosidl_typesupport_fastrtps_cpp.dir/rosidl_typesupport_fastrtps_cpp/turtlesim/msg/detail/dds_fastrtps/pose__type_support.cpp.o[0m
[12.980s] [ 23%] [32mBuilding CXX object CMakeFiles/turtlesim__rosidl_typesupport_cpp.dir/rosidl_typesupport_cpp/turtlesim/srv/teleport_absolute__type_support.cpp.o[0m
[13.510s] [ 24%] [32mBuilding CXX object CMakeFiles/turtlesim__rosidl_typesupport_fastrtps_cpp.dir/rosidl_typesupport_fastrtps_cpp/turtlesim/srv/detail/dds_fastrtps/kill__type_support.cpp.o[0m
[13.643s] [ 25%] [32mBuilding CXX object CMakeFiles/turtlesim__rosidl_typesupport_cpp.dir/rosidl_typesupport_cpp/turtlesim/srv/teleport_relative__type_support.cpp.o[0m
[14.193s] [ 26%] [32m[1mLinking CXX shared library libturtlesim__rosidl_typesupport_cpp.so[0m
[14.340s] [ 26%] Built target turtlesim__rosidl_typesupport_cpp
[14.384s] [ 27%] [34m[1mGenerating C introspection for ROS interfaces[0m
[14.514s] [ 28%] [32mBuilding CXX object CMakeFiles/turtlesim__rosidl_typesupport_fastrtps_cpp.dir/rosidl_typesupport_fastrtps_cpp/turtlesim/srv/detail/dds_fastrtps/set_pen__type_support.cpp.o[0m
[15.434s] [ 29%] [32mBuilding CXX object CMakeFiles/turtlesim__rosidl_typesupport_fastrtps_cpp.dir/rosidl_typesupport_fastrtps_cpp/turtlesim/srv/detail/dds_fastrtps/spawn__type_support.cpp.o[0m
[16.306s] [ 30%] [32mBuilding C object CMakeFiles/turtlesim__rosidl_typesupport_introspection_c.dir/rosidl_typesupport_introspection_c/turtlesim/action/detail/rotate_absolute__type_support.c.o[0m
[16.376s] [ 31%] [32mBuilding CXX object CMakeFiles/turtlesim__rosidl_typesupport_fastrtps_cpp.dir/rosidl_typesupport_fastrtps_cpp/turtlesim/srv/detail/dds_fastrtps/teleport_absolute__type_support.cpp.o[0m
[16.400s] [ 32%] [32mBuilding C object CMakeFiles/turtlesim__rosidl_typesupport_introspection_c.dir/rosidl_typesupport_introspection_c/turtlesim/msg/detail/color__type_support.c.o[0m
[16.476s] [ 33%] [32mBuilding C object CMakeFiles/turtlesim__rosidl_typesupport_introspection_c.dir/rosidl_typesupport_introspection_c/turtlesim/msg/detail/pose__type_support.c.o[0m
[16.586s] [ 34%] [32mBuilding C object CMakeFiles/turtlesim__rosidl_typesupport_introspection_c.dir/rosidl_typesupport_introspection_c/turtlesim/srv/detail/kill__type_support.c.o[0m
[16.729s] [ 35%] [32mBuilding C object CMakeFiles/turtlesim__rosidl_typesupport_introspection_c.dir/rosidl_typesupport_introspection_c/turtlesim/srv/detail/set_pen__type_support.c.o[0m
[16.870s] [ 36%] [32mBuilding C object CMakeFiles/turtlesim__rosidl_typesupport_introspection_c.dir/rosidl_typesupport_introspection_c/turtlesim/srv/detail/spawn__type_support.c.o[0m
[17.028s] [ 37%] [32mBuilding C object CMakeFiles/turtlesim__rosidl_typesupport_introspection_c.dir/rosidl_typesupport_introspection_c/turtlesim/srv/detail/teleport_absolute__type_support.c.o[0m
[17.105s] [ 38%] [32mBuilding CXX object CMakeFiles/turtlesim__rosidl_typesupport_fastrtps_cpp.dir/rosidl_typesupport_fastrtps_cpp/turtlesim/srv/detail/dds_fastrtps/teleport_relative__type_support.cpp.o[0m
[17.171s] [ 39%] [32mBuilding C object CMakeFiles/turtlesim__rosidl_typesupport_introspection_c.dir/rosidl_typesupport_introspection_c/turtlesim/srv/detail/teleport_relative__type_support.c.o[0m
[17.310s] [ 40%] [32m[1mLinking C shared library libturtlesim__rosidl_typesupport_introspection_c.so[0m
[17.437s] [ 40%] Built target turtlesim__rosidl_typesupport_introspection_c
[17.490s] [ 41%] [34m[1mGenerating C type support dispatch for ROS interfaces[0m
[17.850s] [ 42%] [32m[1mLinking CXX shared library libturtlesim__rosidl_typesupport_fastrtps_cpp.so[0m
[18.099s] [ 42%] Built target turtlesim__rosidl_typesupport_fastrtps_cpp
[18.138s] [ 43%] [34m[1mGenerating C++ introspection for ROS interfaces[0m
[18.986s] [ 44%] [32mBuilding CXX object CMakeFiles/turtlesim__rosidl_typesupport_c.dir/rosidl_typesupport_c/turtlesim/action/rotate_absolute__type_support.cpp.o[0m
[19.153s] [ 45%] [32mBuilding CXX object CMakeFiles/turtlesim__rosidl_typesupport_c.dir/rosidl_typesupport_c/turtlesim/msg/color__type_support.cpp.o[0m
[19.249s] [ 46%] [32mBuilding CXX object CMakeFiles/turtlesim__rosidl_typesupport_c.dir/rosidl_typesupport_c/turtlesim/msg/pose__type_support.cpp.o[0m
[19.350s] [ 47%] [32mBuilding CXX object CMakeFiles/turtlesim__rosidl_typesupport_c.dir/rosidl_typesupport_c/turtlesim/srv/kill__type_support.cpp.o[0m
[19.462s] [ 48%] [32mBuilding CXX object CMakeFiles/turtlesim__rosidl_typesupport_c.dir/rosidl_typesupport_c/turtlesim/srv/set_pen__type_support.cpp.o[0m
[19.575s] [ 49%] [32mBuilding CXX object CMakeFiles/turtlesim__rosidl_typesupport_c.dir/rosidl_typesupport_c/turtlesim/srv/spawn__type_support.cpp.o[0m
[19.681s] [ 50%] [32mBuilding CXX object CMakeFiles/turtlesim__rosidl_typesupport_c.dir/rosidl_typesupport_c/turtlesim/srv/teleport_absolute__type_support.cpp.o[0m
[19.764s] [ 51%] [32mBuilding CXX object CMakeFiles/turtlesim__rosidl_typesupport_c.dir/rosidl_typesupport_c/turtlesim/srv/teleport_relative__type_support.cpp.o[0m
[19.849s] [ 52%] [32m[1mLinking CXX shared library libturtlesim__rosidl_typesupport_c.so[0m
[19.855s] [ 53%] [32mBuilding CXX object CMakeFiles/turtlesim__rosidl_typesupport_introspection_cpp.dir/rosidl_typesupport_introspection_cpp/turtlesim/action/detail/rotate_absolute__type_support.cpp.o[0m
[19.958s] [ 53%] Built target turtlesim__rosidl_typesupport_c
[20.767s] running egg_info
[20.769s] creating turtlesim.egg-info
[20.770s] writing turtlesim.egg-info/PKG-INFO
[20.770s] writing dependency_links to turtlesim.egg-info/dependency_links.txt
[20.771s] writing top-level names to turtlesim.egg-info/top_level.txt
[20.773s] writing manifest file 'turtlesim.egg-info/SOURCES.txt'
[20.775s] reading manifest file 'turtlesim.egg-info/SOURCES.txt'
[20.776s] writing manifest file 'turtlesim.egg-info/SOURCES.txt'
[20.836s] [ 53%] Built target ament_cmake_python_build_turtlesim_egg
[20.873s] [ 54%] [32mBuilding CXX object CMakeFiles/turtlesim__rosidl_typesupport_introspection_cpp.dir/rosidl_typesupport_introspection_cpp/turtlesim/msg/detail/color__type_support.cpp.o[0m
[21.097s] [ 55%] [32mBuilding CXX object CMakeFiles/turtlesim__rosidl_typesupport_introspection_cpp.dir/rosidl_typesupport_introspection_cpp/turtlesim/msg/detail/pose__type_support.cpp.o[0m
[21.747s] [ 56%] [32mBuilding CXX object CMakeFiles/turtlesim__rosidl_typesupport_introspection_cpp.dir/rosidl_typesupport_introspection_cpp/turtlesim/srv/detail/kill__type_support.cpp.o[0m
[21.978s] [ 57%] [34m[1mGenerating include/turtlesim/moc_turtle_frame.cpp[0m
[22.208s] [ 58%] [32mBuilding CXX object CMakeFiles/turtlesim_node.dir/src/turtlesim.cpp.o[0m
[22.688s] [ 59%] [32mBuilding CXX object CMakeFiles/turtlesim__rosidl_typesupport_introspection_cpp.dir/rosidl_typesupport_introspection_cpp/turtlesim/srv/detail/set_pen__type_support.cpp.o[0m
[23.558s] [ 60%] [32mBuilding CXX object CMakeFiles/turtlesim__rosidl_typesupport_introspection_cpp.dir/rosidl_typesupport_introspection_cpp/turtlesim/srv/detail/spawn__type_support.cpp.o[0m
[24.411s] [ 61%] [32mBuilding CXX object CMakeFiles/turtlesim__rosidl_typesupport_introspection_cpp.dir/rosidl_typesupport_introspection_cpp/turtlesim/srv/detail/teleport_absolute__type_support.cpp.o[0m
[24.843s] [ 62%] [32mBuilding CXX object CMakeFiles/turtlesim__rosidl_typesupport_introspection_cpp.dir/rosidl_typesupport_introspection_cpp/turtlesim/srv/detail/teleport_relative__type_support.cpp.o[0m
[25.276s] [ 63%] [32m[1mLinking CXX shared library libturtlesim__rosidl_typesupport_introspection_cpp.so[0m
[25.388s] [ 63%] Built target turtlesim__rosidl_typesupport_introspection_cpp
[25.402s] [ 64%] [32mBuilding CXX object CMakeFiles/turtlesim_node.dir/src/turtle.cpp.o[0m
[30.389s] [ 65%] [32mBuilding CXX object CMakeFiles/turtlesim_node.dir/src/turtle_frame.cpp.o[0m
[42.953s] [ 66%] [32mBuilding CXX object CMakeFiles/turtle_teleop_key.dir/tutorials/teleop_turtle_key.cpp.o[0m
[46.497s] [ 67%] [32mBuilding CXX object CMakeFiles/turtlesim_node.dir/include/turtlesim/moc_turtle_frame.cpp.o[0m
[51.138s] [ 68%] [32m[1mLinking CXX executable turtle_teleop_key[0m
[51.479s] [ 68%] Built target turtle_teleop_key
[51.518s] [ 69%] [32mBuilding CXX object CMakeFiles/draw_square.dir/tutorials/draw_square.cpp.o[0m
[52.359s] [ 70%] [32m[1mLinking CXX executable turtlesim_node[0m
[56.491s] [ 70%] Built target turtlesim_node
[63.174s] [ 71%] [32m[1mLinking CXX executable draw_square[0m
[63.612s] [ 71%] Built target draw_square
[63.639s] [ 72%] [32mBuilding CXX object CMakeFiles/mimic.dir/tutorials/mimic.cpp.o[0m
[72.164s] [ 73%] [32m[1mLinking CXX executable mimic[0m
[72.559s] [ 73%] Built target mimic
[72.574s] [ 74%] [34m[1mGenerating C type support for eProsima Fast-RTPS[0m
[73.342s] [ 76%] [32mBuilding CXX object CMakeFiles/turtlesim__rosidl_typesupport_fastrtps_c.dir/rosidl_typesupport_fastrtps_c/turtlesim/action/detail/rotate_absolute__type_support_c.cpp.o[0m
[73.343s] [ 76%] [32mBuilding CXX object CMakeFiles/turtlesim__rosidl_typesupport_fastrtps_c.dir/rosidl_typesupport_fastrtps_c/turtlesim/msg/detail/color__type_support_c.cpp.o[0m
[73.703s] [ 77%] [32mBuilding CXX object CMakeFiles/turtlesim__rosidl_typesupport_fastrtps_c.dir/rosidl_typesupport_fastrtps_c/turtlesim/msg/detail/pose__type_support_c.cpp.o[0m
[73.781s] [ 78%] [32mBuilding CXX object CMakeFiles/turtlesim__rosidl_typesupport_fastrtps_c.dir/rosidl_typesupport_fastrtps_c/turtlesim/srv/detail/kill__type_support_c.cpp.o[0m
[74.068s] [ 79%] [32mBuilding CXX object CMakeFiles/turtlesim__rosidl_typesupport_fastrtps_c.dir/rosidl_typesupport_fastrtps_c/turtlesim/srv/detail/set_pen__type_support_c.cpp.o[0m
[74.228s] [ 80%] [32mBuilding CXX object CMakeFiles/turtlesim__rosidl_typesupport_fastrtps_c.dir/rosidl_typesupport_fastrtps_c/turtlesim/srv/detail/spawn__type_support_c.cpp.o[0m
[74.475s] [ 81%] [32mBuilding CXX object CMakeFiles/turtlesim__rosidl_typesupport_fastrtps_c.dir/rosidl_typesupport_fastrtps_c/turtlesim/srv/detail/teleport_absolute__type_support_c.cpp.o[0m
[74.624s] [ 82%] [32mBuilding CXX object CMakeFiles/turtlesim__rosidl_typesupport_fastrtps_c.dir/rosidl_typesupport_fastrtps_c/turtlesim/srv/detail/teleport_relative__type_support_c.cpp.o[0m
[75.000s] [ 83%] [32m[1mLinking CXX shared library libturtlesim__rosidl_typesupport_fastrtps_c.so[0m
[75.099s] [ 83%] Built target turtlesim__rosidl_typesupport_fastrtps_c
[75.126s] [ 83%] Built target turtlesim
[75.167s] [ 84%] [34m[1mGenerating Python code for ROS interfaces[0m
[76.840s] [ 84%] Built target turtlesim__py
[76.874s] [ 86%] [32mBuilding C object CMakeFiles/turtlesim__rosidl_generator_py.dir/rosidl_generator_py/turtlesim/action/_rotate_absolute_s.c.o[0m
[76.874s] [ 86%] [32mBuilding C object CMakeFiles/turtlesim__rosidl_generator_py.dir/rosidl_generator_py/turtlesim/msg/_color_s.c.o[0m
[77.011s] [ 87%] [32mBuilding C object CMakeFiles/turtlesim__rosidl_generator_py.dir/rosidl_generator_py/turtlesim/msg/_pose_s.c.o[0m
[77.080s] [ 88%] [32mBuilding C object CMakeFiles/turtlesim__rosidl_generator_py.dir/rosidl_generator_py/turtlesim/srv/_kill_s.c.o[0m
[77.133s] [ 89%] [32mBuilding C object CMakeFiles/turtlesim__rosidl_generator_py.dir/rosidl_generator_py/turtlesim/srv/_set_pen_s.c.o[0m
[77.220s] [ 90%] [32mBuilding C object CMakeFiles/turtlesim__rosidl_generator_py.dir/rosidl_generator_py/turtlesim/srv/_spawn_s.c.o[0m
[77.271s] [ 91%] [32mBuilding C object CMakeFiles/turtlesim__rosidl_generator_py.dir/rosidl_generator_py/turtlesim/srv/_teleport_absolute_s.c.o[0m
[77.353s] [ 92%] [32mBuilding C object CMakeFiles/turtlesim__rosidl_generator_py.dir/rosidl_generator_py/turtlesim/srv/_teleport_relative_s.c.o[0m
[77.474s] [ 93%] [32m[1mLinking C shared library rosidl_generator_py/turtlesim/libturtlesim__rosidl_generator_py.so[0m
[77.530s] [ 93%] Built target turtlesim__rosidl_generator_py
[77.556s] [ 94%] [32mBuilding C object CMakeFiles/turtlesim__rosidl_typesupport_fastrtps_c__pyext.dir/rosidl_generator_py/turtlesim/_turtlesim_s.ep.rosidl_typesupport_fastrtps_c.c.o[0m
[77.558s] [ 95%] [32mBuilding C object CMakeFiles/turtlesim__rosidl_typesupport_introspection_c__pyext.dir/rosidl_generator_py/turtlesim/_turtlesim_s.ep.rosidl_typesupport_introspection_c.c.o[0m
[77.749s] [ 97%] [32m[1mLinking C shared library rosidl_generator_py/turtlesim/turtlesim_s__rosidl_typesupport_fastrtps_c.cpython-310-x86_64-linux-gnu.so[0m
[77.749s] [ 97%] [32m[1mLinking C shared library rosidl_generator_py/turtlesim/turtlesim_s__rosidl_typesupport_introspection_c.cpython-310-x86_64-linux-gnu.so[0m
[77.816s] [ 97%] Built target turtlesim__rosidl_typesupport_introspection_c__pyext
[77.816s] [ 97%] Built target turtlesim__rosidl_typesupport_fastrtps_c__pyext
[77.843s] [ 98%] [32mBuilding C object CMakeFiles/turtlesim__rosidl_typesupport_c__pyext.dir/rosidl_generator_py/turtlesim/_turtlesim_s.ep.rosidl_typesupport_c.c.o[0m
[78.009s] [100%] [32m[1mLinking C shared library rosidl_generator_py/turtlesim/turtlesim_s__rosidl_typesupport_c.cpython-310-x86_64-linux-gnu.so[0m
[78.062s] [100%] Built target turtlesim__rosidl_typesupport_c__pyext
[78.081s] Invoked command in '/home/robousr/Documents/Practicas_ROS2/ros2_ws/build/turtlesim' returned '0': CMAKE_PREFIX_PATH=${CMAKE_PREFIX_PATH}:/opt/ros/humble /usr/bin/cmake --build /home/robousr/Documents/Practicas_ROS2/ros2_ws/build/turtlesim -- -j2 -l2
[78.085s] Invoking command in '/home/robousr/Documents/Practicas_ROS2/ros2_ws/build/turtlesim': CMAKE_PREFIX_PATH=${CMAKE_PREFIX_PATH}:/opt/ros/humble /usr/bin/cmake --install /home/robousr/Documents/Practicas_ROS2/ros2_ws/build/turtlesim
[78.097s] -- Install configuration: ""
[78.098s] -- Installing: /home/robousr/Documents/Practicas_ROS2/ros2_ws/install/turtlesim/share/ament_index/resource_index/rosidl_interfaces/turtlesim
[78.098s] -- Installing: /home/robousr/Documents/Practicas_ROS2/ros2_ws/install/turtlesim/include/turtlesim/turtlesim
[78.098s] -- Installing: /home/robousr/Documents/Practicas_ROS2/ros2_ws/install/turtlesim/include/turtlesim/turtlesim/srv
[78.098s] -- Installing: /home/robousr/Documents/Practicas_ROS2/ros2_ws/install/turtlesim/include/turtlesim/turtlesim/srv/set_pen.h
[78.099s] -- Installing: /home/robousr/Documents/Practicas_ROS2/ros2_ws/install/turtlesim/include/turtlesim/turtlesim/srv/spawn.h
[78.099s] -- Installing: /home/robousr/Documents/Practicas_ROS2/ros2_ws/install/turtlesim/include/turtlesim/turtlesim/srv/teleport_relative.h
[78.099s] -- Installing: /home/robousr/Documents/Practicas_ROS2/ros2_ws/install/turtlesim/include/turtlesim/turtlesim/srv/teleport_absolute.h
[78.099s] -- Installing: /home/robousr/Documents/Practicas_ROS2/ros2_ws/install/turtlesim/include/turtlesim/turtlesim/srv/kill.h
[78.099s] -- Installing: /home/robousr/Documents/Practicas_ROS2/ros2_ws/install/turtlesim/include/turtlesim/turtlesim/srv/detail
[78.099s] -- Installing: /home/robousr/Documents/Practicas_ROS2/ros2_ws/install/turtlesim/include/turtlesim/turtlesim/srv/detail/set_pen__functions.c
[78.099s] -- Installing: /home/robousr/Documents/Practicas_ROS2/ros2_ws/install/turtlesim/include/turtlesim/turtlesim/srv/detail/kill__type_support.h
[78.099s] -- Installing: /home/robousr/Documents/Practicas_ROS2/ros2_ws/install/turtlesim/include/turtlesim/turtlesim/srv/detail/teleport_relative__functions.h
[78.100s] -- Installing: /home/robousr/Documents/Practicas_ROS2/ros2_ws/install/turtlesim/include/turtlesim/turtlesim/srv/detail/teleport_absolute__type_support.h
[78.100s] -- Installing: /home/robousr/Documents/Practicas_ROS2/ros2_ws/install/turtlesim/include/turtlesim/turtlesim/srv/detail/set_pen__type_support.h
[78.102s] -- Installing: /home/robousr/Documents/Practicas_ROS2/ros2_ws/install/turtlesim/include/turtlesim/turtlesim/srv/detail/set_pen__functions.h
[78.102s] -- Installing: /home/robousr/Documents/Practicas_ROS2/ros2_ws/install/turtlesim/include/turtlesim/turtlesim/srv/detail/spawn__functions.c
[78.102s] -- Installing: /home/robousr/Documents/Practicas_ROS2/ros2_ws/install/turtlesim/include/turtlesim/turtlesim/srv/detail/spawn__type_support.h
[78.102s] -- Installing: /home/robousr/Documents/Practicas_ROS2/ros2_ws/install/turtlesim/include/turtlesim/turtlesim/srv/detail/set_pen__struct.h
[78.102s] -- Installing: /home/robousr/Documents/Practicas_ROS2/ros2_ws/install/turtlesim/include/turtlesim/turtlesim/srv/detail/spawn__struct.h
[78.102s] -- Installing: /home/robousr/Documents/Practicas_ROS2/ros2_ws/install/turtlesim/include/turtlesim/turtlesim/srv/detail/kill__struct.h
[78.102s] -- Installing: /home/robousr/Documents/Practicas_ROS2/ros2_ws/install/turtlesim/include/turtlesim/turtlesim/srv/detail/teleport_relative__type_support.h
[78.102s] -- Installing: /home/robousr/Documents/Practicas_ROS2/ros2_ws/install/turtlesim/include/turtlesim/turtlesim/srv/detail/spawn__functions.h
[78.102s] -- Installing: /home/robousr/Documents/Practicas_ROS2/ros2_ws/install/turtlesim/include/turtlesim/turtlesim/srv/detail/teleport_relative__functions.c
[78.102s] -- Installing: /home/robousr/Documents/Practicas_ROS2/ros2_ws/install/turtlesim/include/turtlesim/turtlesim/srv/detail/kill__functions.h
[78.102s] -- Installing: /home/robousr/Documents/Practicas_ROS2/ros2_ws/install/turtlesim/include/turtlesim/turtlesim/srv/detail/kill__functions.c
[78.102s] -- Installing: /home/robousr/Documents/Practicas_ROS2/ros2_ws/install/turtlesim/include/turtlesim/turtlesim/srv/detail/teleport_absolute__struct.h
[78.103s] -- Installing: /home/robousr/Documents/Practicas_ROS2/ros2_ws/install/turtlesim/include/turtlesim/turtlesim/srv/detail/teleport_absolute__functions.c
[78.103s] -- Installing: /home/robousr/Documents/Practicas_ROS2/ros2_ws/install/turtlesim/include/turtlesim/turtlesim/srv/detail/teleport_absolute__functions.h
[78.103s] -- Installing: /home/robousr/Documents/Practicas_ROS2/ros2_ws/install/turtlesim/include/turtlesim/turtlesim/srv/detail/teleport_relative__struct.h
[78.103s] -- Installing: /home/robousr/Documents/Practicas_ROS2/ros2_ws/install/turtlesim/include/turtlesim/turtlesim/msg
[78.103s] -- Installing: /home/robousr/Documents/Practicas_ROS2/ros2_ws/install/turtlesim/include/turtlesim/turtlesim/msg/rosidl_generator_c__visibility_control.h
[78.105s] -- Installing: /home/robousr/Documents/Practicas_ROS2/ros2_ws/install/turtlesim/include/turtlesim/turtlesim/msg/detail
[78.105s] -- Installing: /home/robousr/Documents/Practicas_ROS2/ros2_ws/install/turtlesim/include/turtlesim/turtlesim/msg/detail/color__struct.h
[78.105s] -- Installing: /home/robousr/Documents/Practicas_ROS2/ros2_ws/install/turtlesim/include/turtlesim/turtlesim/msg/detail/pose__functions.h
[78.106s] -- Installing: /home/robousr/Documents/Practicas_ROS2/ros2_ws/install/turtlesim/include/turtlesim/turtlesim/msg/detail/color__functions.c
[78.106s] -- Installing: /home/robousr/Documents/Practicas_ROS2/ros2_ws/install/turtlesim/include/turtlesim/turtlesim/msg/detail/color__functions.h
[78.106s] -- Installing: /home/robousr/Documents/Practicas_ROS2/ros2_ws/install/turtlesim/include/turtlesim/turtlesim/msg/detail/pose__struct.h
[78.106s] -- Installing: /home/robousr/Documents/Practicas_ROS2/ros2_ws/install/turtlesim/include/turtlesim/turtlesim/msg/detail/pose__type_support.h
[78.106s] -- Installing: /home/robousr/Documents/Practicas_ROS2/ros2_ws/install/turtlesim/include/turtlesim/turtlesim/msg/detail/pose__functions.c
[78.107s] -- Installing: /home/robousr/Documents/Practicas_ROS2/ros2_ws/install/turtlesim/include/turtlesim/turtlesim/msg/detail/color__type_support.h
[78.107s] -- Installing: /home/robousr/Documents/Practicas_ROS2/ros2_ws/install/turtlesim/include/turtlesim/turtlesim/msg/pose.h
[78.107s] -- Installing: /home/robousr/Documents/Practicas_ROS2/ros2_ws/install/turtlesim/include/turtlesim/turtlesim/msg/color.h
[78.107s] -- Installing: /home/robousr/Documents/Practicas_ROS2/ros2_ws/install/turtlesim/include/turtlesim/turtlesim/action
[78.107s] -- Installing: /home/robousr/Documents/Practicas_ROS2/ros2_ws/install/turtlesim/include/turtlesim/turtlesim/action/rotate_absolute.h
[78.107s] -- Installing: /home/robousr/Documents/Practicas_ROS2/ros2_ws/install/turtlesim/include/turtlesim/turtlesim/action/detail
[78.107s] -- Installing: /home/robousr/Documents/Practicas_ROS2/ros2_ws/install/turtlesim/include/turtlesim/turtlesim/action/detail/rotate_absolute__functions.c
[78.107s] -- Installing: /home/robousr/Documents/Practicas_ROS2/ros2_ws/install/turtlesim/include/turtlesim/turtlesim/action/detail/rotate_absolute__struct.h
[78.108s] -- Installing: /home/robousr/Documents/Practicas_ROS2/ros2_ws/install/turtlesim/include/turtlesim/turtlesim/action/detail/rotate_absolute__functions.h
[78.109s] -- Installing: /home/robousr/Documents/Practicas_ROS2/ros2_ws/install/turtlesim/include/turtlesim/turtlesim/action/detail/rotate_absolute__type_support.h
[78.109s] -- Installing: /home/robousr/Documents/Practicas_ROS2/ros2_ws/install/turtlesim/share/turtlesim/environment/library_path.sh
[78.109s] -- Installing: /home/robousr/Documents/Practicas_ROS2/ros2_ws/install/turtlesim/share/turtlesim/environment/library_path.dsv
[78.109s] -- Installing: /home/robousr/Documents/Practicas_ROS2/ros2_ws/install/turtlesim/lib/libturtlesim__rosidl_generator_c.so
[78.109s] -- Set runtime path of "/home/robousr/Documents/Practicas_ROS2/ros2_ws/install/turtlesim/lib/libturtlesim__rosidl_generator_c.so" to ""
[78.109s] -- Up-to-date: /home/robousr/Documents/Practicas_ROS2/ros2_ws/install/turtlesim/include/turtlesim/turtlesim
[78.109s] -- Up-to-date: /home/robousr/Documents/Practicas_ROS2/ros2_ws/install/turtlesim/include/turtlesim/turtlesim/srv
[78.109s] -- Up-to-date: /home/robousr/Documents/Practicas_ROS2/ros2_ws/install/turtlesim/include/turtlesim/turtlesim/srv/detail
[78.109s] -- Installing: /home/robousr/Documents/Practicas_ROS2/ros2_ws/install/turtlesim/include/turtlesim/turtlesim/srv/detail/teleport_absolute__rosidl_typesupport_fastrtps_c.h
[78.109s] -- Installing: /home/robousr/Documents/Practicas_ROS2/ros2_ws/install/turtlesim/include/turtlesim/turtlesim/srv/detail/spawn__rosidl_typesupport_fastrtps_c.h
[78.109s] -- Installing: /home/robousr/Documents/Practicas_ROS2/ros2_ws/install/turtlesim/include/turtlesim/turtlesim/srv/detail/kill__rosidl_typesupport_fastrtps_c.h
[78.109s] -- Installing: /home/robousr/Documents/Practicas_ROS2/ros2_ws/install/turtlesim/include/turtlesim/turtlesim/srv/detail/teleport_relative__rosidl_typesupport_fastrtps_c.h
[78.111s] -- Installing: /home/robousr/Documents/Practicas_ROS2/ros2_ws/install/turtlesim/include/turtlesim/turtlesim/srv/detail/set_pen__rosidl_typesupport_fastrtps_c.h
[78.112s] -- Up-to-date: /home/robousr/Documents/Practicas_ROS2/ros2_ws/install/turtlesim/include/turtlesim/turtlesim/msg
[78.112s] -- Installing: /home/robousr/Documents/Practicas_ROS2/ros2_ws/install/turtlesim/include/turtlesim/turtlesim/msg/rosidl_typesupport_fastrtps_c__visibility_control.h
[78.112s] -- Up-to-date: /home/robousr/Documents/Practicas_ROS2/ros2_ws/install/turtlesim/include/turtlesim/turtlesim/msg/detail
[78.112s] -- Installing: /home/robousr/Documents/Practicas_ROS2/ros2_ws/install/turtlesim/include/turtlesim/turtlesim/msg/detail/color__rosidl_typesupport_fastrtps_c.h
[78.112s] -- Installing: /home/robousr/Documents/Practicas_ROS2/ros2_ws/install/turtlesim/include/turtlesim/turtlesim/msg/detail/pose__rosidl_typesupport_fastrtps_c.h
[78.112s] -- Up-to-date: /home/robousr/Documents/Practicas_ROS2/ros2_ws/install/turtlesim/include/turtlesim/turtlesim/action
[78.112s] -- Up-to-date: /home/robousr/Documents/Practicas_ROS2/ros2_ws/install/turtlesim/include/turtlesim/turtlesim/action/detail
[78.112s] -- Installing: /home/robousr/Documents/Practicas_ROS2/ros2_ws/install/turtlesim/include/turtlesim/turtlesim/action/detail/rotate_absolute__rosidl_typesupport_fastrtps_c.h
[78.114s] -- Installing: /home/robousr/Documents/Practicas_ROS2/ros2_ws/install/turtlesim/lib/libturtlesim__rosidl_typesupport_fastrtps_c.so
[78.114s] -- Set runtime path of "/home/robousr/Documents/Practicas_ROS2/ros2_ws/install/turtlesim/lib/libturtlesim__rosidl_typesupport_fastrtps_c.so" to ""
[78.114s] -- Up-to-date: /home/robousr/Documents/Practicas_ROS2/ros2_ws/install/turtlesim/include/turtlesim/turtlesim
[78.114s] -- Up-to-date: /home/robousr/Documents/Practicas_ROS2/ros2_ws/install/turtlesim/include/turtlesim/turtlesim/srv
[78.115s] -- Installing: /home/robousr/Documents/Practicas_ROS2/ros2_ws/install/turtlesim/include/turtlesim/turtlesim/srv/kill.hpp
[78.115s] -- Installing: /home/robousr/Documents/Practicas_ROS2/ros2_ws/install/turtlesim/include/turtlesim/turtlesim/srv/spawn.hpp
[78.115s] -- Installing: /home/robousr/Documents/Practicas_ROS2/ros2_ws/install/turtlesim/include/turtlesim/turtlesim/srv/teleport_absolute.hpp
[78.115s] -- Installing: /home/robousr/Documents/Practicas_ROS2/ros2_ws/install/turtlesim/include/turtlesim/turtlesim/srv/set_pen.hpp
[78.115s] -- Up-to-date: /home/robousr/Documents/Practicas_ROS2/ros2_ws/install/turtlesim/include/turtlesim/turtlesim/srv/detail
[78.115s] -- Installing: /home/robousr/Documents/Practicas_ROS2/ros2_ws/install/turtlesim/include/turtlesim/turtlesim/srv/detail/teleport_absolute__type_support.hpp
[78.115s] -- Installing: /home/robousr/Documents/Practicas_ROS2/ros2_ws/install/turtlesim/include/turtlesim/turtlesim/srv/detail/set_pen__traits.hpp
[78.115s] -- Installing: /home/robousr/Documents/Practicas_ROS2/ros2_ws/install/turtlesim/include/turtlesim/turtlesim/srv/detail/teleport_relative__builder.hpp
[78.115s] -- Installing: /home/robousr/Documents/Practicas_ROS2/ros2_ws/install/turtlesim/include/turtlesim/turtlesim/srv/detail/kill__builder.hpp
[78.115s] -- Installing: /home/robousr/Documents/Practicas_ROS2/ros2_ws/install/turtlesim/include/turtlesim/turtlesim/srv/detail/kill__traits.hpp
[78.115s] -- Installing: /home/robousr/Documents/Practicas_ROS2/ros2_ws/install/turtlesim/include/turtlesim/turtlesim/srv/detail/spawn__struct.hpp
[78.115s] -- Installing: /home/robousr/Documents/Practicas_ROS2/ros2_ws/install/turtlesim/include/turtlesim/turtlesim/srv/detail/teleport_relative__struct.hpp
[78.115s] -- Installing: /home/robousr/Documents/Practicas_ROS2/ros2_ws/install/turtlesim/include/turtlesim/turtlesim/srv/detail/spawn__traits.hpp
[78.115s] -- Installing: /home/robousr/Documents/Practicas_ROS2/ros2_ws/install/turtlesim/include/turtlesim/turtlesim/srv/detail/teleport_absolute__traits.hpp
[78.115s] -- Installing: /home/robousr/Documents/Practicas_ROS2/ros2_ws/install/turtlesim/include/turtlesim/turtlesim/srv/detail/kill__type_support.hpp
[78.115s] -- Installing: /home/robousr/Documents/Practicas_ROS2/ros2_ws/install/turtlesim/include/turtlesim/turtlesim/srv/detail/spawn__type_support.hpp
[78.115s] -- Installing: /home/robousr/Documents/Practicas_ROS2/ros2_ws/install/turtlesim/include/turtlesim/turtlesim/srv/detail/kill__struct.hpp
[78.118s] -- Installing: /home/robousr/Documents/Practicas_ROS2/ros2_ws/install/turtlesim/include/turtlesim/turtlesim/srv/detail/spawn__builder.hpp
[78.118s] -- Installing: /home/robousr/Documents/Practicas_ROS2/ros2_ws/install/turtlesim/include/turtlesim/turtlesim/srv/detail/teleport_relative__traits.hpp
[78.118s] -- Installing: /home/robousr/Documents/Practicas_ROS2/ros2_ws/install/turtlesim/include/turtlesim/turtlesim/srv/detail/teleport_absolute__struct.hpp
[78.118s] -- Installing: /home/robousr/Documents/Practicas_ROS2/ros2_ws/install/turtlesim/include/turtlesim/turtlesim/srv/detail/set_pen__type_support.hpp
[78.118s] -- Installing: /home/robousr/Documents/Practicas_ROS2/ros2_ws/install/turtlesim/include/turtlesim/turtlesim/srv/detail/set_pen__struct.hpp
[78.118s] -- Installing: /home/robousr/Documents/Practicas_ROS2/ros2_ws/install/turtlesim/include/turtlesim/turtlesim/srv/detail/teleport_relative__type_support.hpp
[78.118s] -- Installing: /home/robousr/Documents/Practicas_ROS2/ros2_ws/install/turtlesim/include/turtlesim/turtlesim/srv/detail/teleport_absolute__builder.hpp
[78.118s] -- Installing: /home/robousr/Documents/Practicas_ROS2/ros2_ws/install/turtlesim/include/turtlesim/turtlesim/srv/detail/set_pen__builder.hpp
[78.118s] -- Installing: /home/robousr/Documents/Practicas_ROS2/ros2_ws/install/turtlesim/include/turtlesim/turtlesim/srv/teleport_relative.hpp
[78.118s] -- Up-to-date: /home/robousr/Documents/Practicas_ROS2/ros2_ws/install/turtlesim/include/turtlesim/turtlesim/msg
[78.118s] -- Installing: /home/robousr/Documents/Practicas_ROS2/ros2_ws/install/turtlesim/include/turtlesim/turtlesim/msg/rosidl_generator_cpp__visibility_control.hpp
[78.118s] -- Installing: /home/robousr/Documents/Practicas_ROS2/ros2_ws/install/turtlesim/include/turtlesim/turtlesim/msg/pose.hpp
[78.121s] -- Up-to-date: /home/robousr/Documents/Practicas_ROS2/ros2_ws/install/turtlesim/include/turtlesim/turtlesim/msg/detail
[78.121s] -- Installing: /home/robousr/Documents/Practicas_ROS2/ros2_ws/install/turtlesim/include/turtlesim/turtlesim/msg/detail/pose__struct.hpp
[78.121s] -- Installing: /home/robousr/Documents/Practicas_ROS2/ros2_ws/install/turtlesim/include/turtlesim/turtlesim/msg/detail/color__type_support.hpp
[78.121s] -- Installing: /home/robousr/Documents/Practicas_ROS2/ros2_ws/install/turtlesim/include/turtlesim/turtlesim/msg/detail/color__traits.hpp
[78.121s] -- Installing: /home/robousr/Documents/Practicas_ROS2/ros2_ws/install/turtlesim/include/turtlesim/turtlesim/msg/detail/color__struct.hpp
[78.121s] -- Installing: /home/robousr/Documents/Practicas_ROS2/ros2_ws/install/turtlesim/include/turtlesim/turtlesim/msg/detail/color__builder.hpp
[78.121s] -- Installing: /home/robousr/Documents/Practicas_ROS2/ros2_ws/install/turtlesim/include/turtlesim/turtlesim/msg/detail/pose__builder.hpp
[78.121s] -- Installing: /home/robousr/Documents/Practicas_ROS2/ros2_ws/install/turtlesim/include/turtlesim/turtlesim/msg/detail/pose__type_support.hpp
[78.121s] -- Installing: /home/robousr/Documents/Practicas_ROS2/ros2_ws/install/turtlesim/include/turtlesim/turtlesim/msg/detail/pose__traits.hpp
[78.121s] -- Installing: /home/robousr/Documents/Practicas_ROS2/ros2_ws/install/turtlesim/include/turtlesim/turtlesim/msg/color.hpp
[78.121s] -- Up-to-date: /home/robousr/Documents/Practicas_ROS2/ros2_ws/install/turtlesim/include/turtlesim/turtlesim/action
[78.122s] -- Installing: /home/robousr/Documents/Practicas_ROS2/ros2_ws/install/turtlesim/include/turtlesim/turtlesim/action/rotate_absolute.hpp
[78.122s] -- Up-to-date: /home/robousr/Documents/Practicas_ROS2/ros2_ws/install/turtlesim/include/turtlesim/turtlesim/action/detail
[78.122s] -- Installing: /home/robousr/Documents/Practicas_ROS2/ros2_ws/install/turtlesim/include/turtlesim/turtlesim/action/detail/rotate_absolute__type_support.hpp
[78.122s] -- Installing: /home/robousr/Documents/Practicas_ROS2/ros2_ws/install/turtlesim/include/turtlesim/turtlesim/action/detail/rotate_absolute__builder.hpp
[78.122s] -- Installing: /home/robousr/Documents/Practicas_ROS2/ros2_ws/install/turtlesim/include/turtlesim/turtlesim/action/detail/rotate_absolute__traits.hpp
[78.122s] -- Installing: /home/robousr/Documents/Practicas_ROS2/ros2_ws/install/turtlesim/include/turtlesim/turtlesim/action/detail/rotate_absolute__struct.hpp
[78.124s] -- Up-to-date: /home/robousr/Documents/Practicas_ROS2/ros2_ws/install/turtlesim/include/turtlesim/turtlesim
[78.124s] -- Up-to-date: /home/robousr/Documents/Practicas_ROS2/ros2_ws/install/turtlesim/include/turtlesim/turtlesim/srv
[78.124s] -- Up-to-date: /home/robousr/Documents/Practicas_ROS2/ros2_ws/install/turtlesim/include/turtlesim/turtlesim/srv/detail
[78.124s] -- Installing: /home/robousr/Documents/Practicas_ROS2/ros2_ws/install/turtlesim/include/turtlesim/turtlesim/srv/detail/spawn__rosidl_typesupport_fastrtps_cpp.hpp
[78.124s] -- Installing: /home/robousr/Documents/Practicas_ROS2/ros2_ws/install/turtlesim/include/turtlesim/turtlesim/srv/detail/teleport_absolute__rosidl_typesupport_fastrtps_cpp.hpp
[78.124s] -- Installing: /home/robousr/Documents/Practicas_ROS2/ros2_ws/install/turtlesim/include/turtlesim/turtlesim/srv/detail/dds_fastrtps
[78.124s] -- Installing: /home/robousr/Documents/Practicas_ROS2/ros2_ws/install/turtlesim/include/turtlesim/turtlesim/srv/detail/teleport_relative__rosidl_typesupport_fastrtps_cpp.hpp
[78.124s] -- Installing: /home/robousr/Documents/Practicas_ROS2/ros2_ws/install/turtlesim/include/turtlesim/turtlesim/srv/detail/set_pen__rosidl_typesupport_fastrtps_cpp.hpp
[78.124s] -- Installing: /home/robousr/Documents/Practicas_ROS2/ros2_ws/install/turtlesim/include/turtlesim/turtlesim/srv/detail/kill__rosidl_typesupport_fastrtps_cpp.hpp
[78.124s] -- Up-to-date: /home/robousr/Documents/Practicas_ROS2/ros2_ws/install/turtlesim/include/turtlesim/turtlesim/msg
[78.124s] -- Installing: /home/robousr/Documents/Practicas_ROS2/ros2_ws/install/turtlesim/include/turtlesim/turtlesim/msg/rosidl_typesupport_fastrtps_cpp__visibility_control.h
[78.124s] -- Up-to-date: /home/robousr/Documents/Practicas_ROS2/ros2_ws/install/turtlesim/include/turtlesim/turtlesim/msg/detail
[78.125s] -- Installing: /home/robousr/Documents/Practicas_ROS2/ros2_ws/install/turtlesim/include/turtlesim/turtlesim/msg/detail/dds_fastrtps
[78.125s] -- Installing: /home/robousr/Documents/Practicas_ROS2/ros2_ws/install/turtlesim/include/turtlesim/turtlesim/msg/detail/pose__rosidl_typesupport_fastrtps_cpp.hpp
[78.125s] -- Installing: /home/robousr/Documents/Practicas_ROS2/ros2_ws/install/turtlesim/include/turtlesim/turtlesim/msg/detail/color__rosidl_typesupport_fastrtps_cpp.hpp
[78.125s] -- Up-to-date: /home/robousr/Documents/Practicas_ROS2/ros2_ws/install/turtlesim/include/turtlesim/turtlesim/action
[78.125s] -- Up-to-date: /home/robousr/Documents/Practicas_ROS2/ros2_ws/install/turtlesim/include/turtlesim/turtlesim/action/detail
[78.125s] -- Installing: /home/robousr/Documents/Practicas_ROS2/ros2_ws/install/turtlesim/include/turtlesim/turtlesim/action/detail/rotate_absolute__rosidl_typesupport_fastrtps_cpp.hpp
[78.125s] -- Installing: /home/robousr/Documents/Practicas_ROS2/ros2_ws/install/turtlesim/include/turtlesim/turtlesim/action/detail/dds_fastrtps
[78.125s] -- Installing: /home/robousr/Documents/Practicas_ROS2/ros2_ws/install/turtlesim/lib/libturtlesim__rosidl_typesupport_fastrtps_cpp.so
[78.125s] -- Set runtime path of "/home/robousr/Documents/Practicas_ROS2/ros2_ws/install/turtlesim/lib/libturtlesim__rosidl_typesupport_fastrtps_cpp.so" to ""
[78.125s] -- Up-to-date: /home/robousr/Documents/Practicas_ROS2/ros2_ws/install/turtlesim/include/turtlesim/turtlesim
[78.125s] -- Up-to-date: /home/robousr/Documents/Practicas_ROS2/ros2_ws/install/turtlesim/include/turtlesim/turtlesim/srv
[78.125s] -- Up-to-date: /home/robousr/Documents/Practicas_ROS2/ros2_ws/install/turtlesim/include/turtlesim/turtlesim/srv/detail
[78.127s] -- Installing: /home/robousr/Documents/Practicas_ROS2/ros2_ws/install/turtlesim/include/turtlesim/turtlesim/srv/detail/kill__type_support.c
[78.128s] -- Installing: /home/robousr/Documents/Practicas_ROS2/ros2_ws/install/turtlesim/include/turtlesim/turtlesim/srv/detail/spawn__rosidl_typesupport_introspection_c.h
[78.128s] -- Installing: /home/robousr/Documents/Practicas_ROS2/ros2_ws/install/turtlesim/include/turtlesim/turtlesim/srv/detail/teleport_relative__type_support.c
[78.128s] -- Installing: /home/robousr/Documents/Practicas_ROS2/ros2_ws/install/turtlesim/include/turtlesim/turtlesim/srv/detail/teleport_absolute__type_support.c
[78.128s] -- Installing: /home/robousr/Documents/Practicas_ROS2/ros2_ws/install/turtlesim/include/turtlesim/turtlesim/srv/detail/teleport_absolute__rosidl_typesupport_introspection_c.h
[78.128s] -- Installing: /home/robousr/Documents/Practicas_ROS2/ros2_ws/install/turtlesim/include/turtlesim/turtlesim/srv/detail/kill__rosidl_typesupport_introspection_c.h
[78.128s] -- Installing: /home/robousr/Documents/Practicas_ROS2/ros2_ws/install/turtlesim/include/turtlesim/turtlesim/srv/detail/teleport_relative__rosidl_typesupport_introspection_c.h
[78.128s] -- Installing: /home/robousr/Documents/Practicas_ROS2/ros2_ws/install/turtlesim/include/turtlesim/turtlesim/srv/detail/set_pen__rosidl_typesupport_introspection_c.h
[78.128s] -- Installing: /home/robousr/Documents/Practicas_ROS2/ros2_ws/install/turtlesim/include/turtlesim/turtlesim/srv/detail/set_pen__type_support.c
[78.128s] -- Installing: /home/robousr/Documents/Practicas_ROS2/ros2_ws/install/turtlesim/include/turtlesim/turtlesim/srv/detail/spawn__type_support.c
[78.128s] -- Up-to-date: /home/robousr/Documents/Practicas_ROS2/ros2_ws/install/turtlesim/include/turtlesim/turtlesim/msg
[78.128s] -- Installing: /home/robousr/Documents/Practicas_ROS2/ros2_ws/install/turtlesim/include/turtlesim/turtlesim/msg/rosidl_typesupport_introspection_c__visibility_control.h
[78.131s] -- Up-to-date: /home/robousr/Documents/Practicas_ROS2/ros2_ws/install/turtlesim/include/turtlesim/turtlesim/msg/detail
[78.131s] -- Installing: /home/robousr/Documents/Practicas_ROS2/ros2_ws/install/turtlesim/include/turtlesim/turtlesim/msg/detail/pose__type_support.c
[78.131s] -- Installing: /home/robousr/Documents/Practicas_ROS2/ros2_ws/install/turtlesim/include/turtlesim/turtlesim/msg/detail/color__type_support.c
[78.131s] -- Installing: /home/robousr/Documents/Practicas_ROS2/ros2_ws/install/turtlesim/include/turtlesim/turtlesim/msg/detail/pose__rosidl_typesupport_introspection_c.h
[78.131s] -- Installing: /home/robousr/Documents/Practicas_ROS2/ros2_ws/install/turtlesim/include/turtlesim/turtlesim/msg/detail/color__rosidl_typesupport_introspection_c.h
[78.131s] -- Up-to-date: /home/robousr/Documents/Practicas_ROS2/ros2_ws/install/turtlesim/include/turtlesim/turtlesim/action
[78.131s] -- Up-to-date: /home/robousr/Documents/Practicas_ROS2/ros2_ws/install/turtlesim/include/turtlesim/turtlesim/action/detail
[78.131s] -- Installing: /home/robousr/Documents/Practicas_ROS2/ros2_ws/install/turtlesim/include/turtlesim/turtlesim/action/detail/rotate_absolute__rosidl_typesupport_introspection_c.h
[78.132s] -- Installing: /home/robousr/Documents/Practicas_ROS2/ros2_ws/install/turtlesim/include/turtlesim/turtlesim/action/detail/rotate_absolute__type_support.c
[78.132s] -- Installing: /home/robousr/Documents/Practicas_ROS2/ros2_ws/install/turtlesim/lib/libturtlesim__rosidl_typesupport_introspection_c.so
[78.134s] -- Set runtime path of "/home/robousr/Documents/Practicas_ROS2/ros2_ws/install/turtlesim/lib/libturtlesim__rosidl_typesupport_introspection_c.so" to ""
[78.134s] -- Installing: /home/robousr/Documents/Practicas_ROS2/ros2_ws/install/turtlesim/lib/libturtlesim__rosidl_typesupport_c.so
[78.134s] -- Set runtime path of "/home/robousr/Documents/Practicas_ROS2/ros2_ws/install/turtlesim/lib/libturtlesim__rosidl_typesupport_c.so" to ""
[78.134s] -- Up-to-date: /home/robousr/Documents/Practicas_ROS2/ros2_ws/install/turtlesim/include/turtlesim/turtlesim
[78.134s] -- Up-to-date: /home/robousr/Documents/Practicas_ROS2/ros2_ws/install/turtlesim/include/turtlesim/turtlesim/srv
[78.134s] -- Up-to-date: /home/robousr/Documents/Practicas_ROS2/ros2_ws/install/turtlesim/include/turtlesim/turtlesim/srv/detail
[78.134s] -- Installing: /home/robousr/Documents/Practicas_ROS2/ros2_ws/install/turtlesim/include/turtlesim/turtlesim/srv/detail/kill__rosidl_typesupport_introspection_cpp.hpp
[78.134s] -- Installing: /home/robousr/Documents/Practicas_ROS2/ros2_ws/install/turtlesim/include/turtlesim/turtlesim/srv/detail/teleport_absolute__rosidl_typesupport_introspection_cpp.hpp
[78.134s] -- Installing: /home/robousr/Documents/Practicas_ROS2/ros2_ws/install/turtlesim/include/turtlesim/turtlesim/srv/detail/spawn__rosidl_typesupport_introspection_cpp.hpp
[78.134s] -- Installing: /home/robousr/Documents/Practicas_ROS2/ros2_ws/install/turtlesim/include/turtlesim/turtlesim/srv/detail/set_pen__type_support.cpp
[78.134s] -- Installing: /home/robousr/Documents/Practicas_ROS2/ros2_ws/install/turtlesim/include/turtlesim/turtlesim/srv/detail/teleport_absolute__type_support.cpp
[78.134s] -- Installing: /home/robousr/Documents/Practicas_ROS2/ros2_ws/install/turtlesim/include/turtlesim/turtlesim/srv/detail/teleport_relative__rosidl_typesupport_introspection_cpp.hpp
[78.134s] -- Installing: /home/robousr/Documents/Practicas_ROS2/ros2_ws/install/turtlesim/include/turtlesim/turtlesim/srv/detail/spawn__type_support.cpp
[78.135s] -- Installing: /home/robousr/Documents/Practicas_ROS2/ros2_ws/install/turtlesim/include/turtlesim/turtlesim/srv/detail/teleport_relative__type_support.cpp
[78.137s] -- Installing: /home/robousr/Documents/Practicas_ROS2/ros2_ws/install/turtlesim/include/turtlesim/turtlesim/srv/detail/kill__type_support.cpp
[78.137s] -- Installing: /home/robousr/Documents/Practicas_ROS2/ros2_ws/install/turtlesim/include/turtlesim/turtlesim/srv/detail/set_pen__rosidl_typesupport_introspection_cpp.hpp
[78.137s] -- Up-to-date: /home/robousr/Documents/Practicas_ROS2/ros2_ws/install/turtlesim/include/turtlesim/turtlesim/msg
[78.137s] -- Up-to-date: /home/robousr/Documents/Practicas_ROS2/ros2_ws/install/turtlesim/include/turtlesim/turtlesim/msg/detail
[78.137s] -- Installing: /home/robousr/Documents/Practicas_ROS2/ros2_ws/install/turtlesim/include/turtlesim/turtlesim/msg/detail/color__rosidl_typesupport_introspection_cpp.hpp
[78.137s] -- Installing: /home/robousr/Documents/Practicas_ROS2/ros2_ws/install/turtlesim/include/turtlesim/turtlesim/msg/detail/color__type_support.cpp
[78.137s] -- Installing: /home/robousr/Documents/Practicas_ROS2/ros2_ws/install/turtlesim/include/turtlesim/turtlesim/msg/detail/pose__rosidl_typesupport_introspection_cpp.hpp
[78.137s] -- Installing: /home/robousr/Documents/Practicas_ROS2/ros2_ws/install/turtlesim/include/turtlesim/turtlesim/msg/detail/pose__type_support.cpp
[78.138s] -- Up-to-date: /home/robousr/Documents/Practicas_ROS2/ros2_ws/install/turtlesim/include/turtlesim/turtlesim/action
[78.138s] -- Up-to-date: /home/robousr/Documents/Practicas_ROS2/ros2_ws/install/turtlesim/include/turtlesim/turtlesim/action/detail
[78.140s] -- Installing: /home/robousr/Documents/Practicas_ROS2/ros2_ws/install/turtlesim/include/turtlesim/turtlesim/action/detail/rotate_absolute__rosidl_typesupport_introspection_cpp.hpp
[78.140s] -- Installing: /home/robousr/Documents/Practicas_ROS2/ros2_ws/install/turtlesim/include/turtlesim/turtlesim/action/detail/rotate_absolute__type_support.cpp
[78.140s] -- Installing: /home/robousr/Documents/Practicas_ROS2/ros2_ws/install/turtlesim/lib/libturtlesim__rosidl_typesupport_introspection_cpp.so
[78.140s] -- Set runtime path of "/home/robousr/Documents/Practicas_ROS2/ros2_ws/install/turtlesim/lib/libturtlesim__rosidl_typesupport_introspection_cpp.so" to ""
[78.140s] -- Installing: /home/robousr/Documents/Practicas_ROS2/ros2_ws/install/turtlesim/lib/libturtlesim__rosidl_typesupport_cpp.so
[78.140s] -- Set runtime path of "/home/robousr/Documents/Practicas_ROS2/ros2_ws/install/turtlesim/lib/libturtlesim__rosidl_typesupport_cpp.so" to ""
[78.140s] -- Installing: /home/robousr/Documents/Practicas_ROS2/ros2_ws/install/turtlesim/share/turtlesim/environment/pythonpath.sh
[78.140s] -- Installing: /home/robousr/Documents/Practicas_ROS2/ros2_ws/install/turtlesim/share/turtlesim/environment/pythonpath.dsv
[78.140s] -- Installing: /home/robousr/Documents/Practicas_ROS2/ros2_ws/install/turtlesim/local/lib/python3.10/dist-packages/turtlesim-1.4.2-py3.10.egg-info
[78.140s] -- Installing: /home/robousr/Documents/Practicas_ROS2/ros2_ws/install/turtlesim/local/lib/python3.10/dist-packages/turtlesim-1.4.2-py3.10.egg-info/dependency_links.txt
[78.140s] -- Installing: /home/robousr/Documents/Practicas_ROS2/ros2_ws/install/turtlesim/local/lib/python3.10/dist-packages/turtlesim-1.4.2-py3.10.egg-info/PKG-INFO
[78.141s] -- Installing: /home/robousr/Documents/Practicas_ROS2/ros2_ws/install/turtlesim/local/lib/python3.10/dist-packages/turtlesim-1.4.2-py3.10.egg-info/top_level.txt
[78.141s] -- Installing: /home/robousr/Documents/Practicas_ROS2/ros2_ws/install/turtlesim/local/lib/python3.10/dist-packages/turtlesim-1.4.2-py3.10.egg-info/SOURCES.txt
[78.143s] -- Installing: /home/robousr/Documents/Practicas_ROS2/ros2_ws/install/turtlesim/local/lib/python3.10/dist-packages/turtlesim
[78.143s] -- Installing: /home/robousr/Documents/Practicas_ROS2/ros2_ws/install/turtlesim/local/lib/python3.10/dist-packages/turtlesim/__init__.py
[78.143s] -- Installing: /home/robousr/Documents/Practicas_ROS2/ros2_ws/install/turtlesim/local/lib/python3.10/dist-packages/turtlesim/srv
[78.143s] -- Installing: /home/robousr/Documents/Practicas_ROS2/ros2_ws/install/turtlesim/local/lib/python3.10/dist-packages/turtlesim/srv/_teleport_absolute_s.c
[78.143s] -- Installing: /home/robousr/Documents/Practicas_ROS2/ros2_ws/install/turtlesim/local/lib/python3.10/dist-packages/turtlesim/srv/_spawn.py
[78.143s] -- Installing: /home/robousr/Documents/Practicas_ROS2/ros2_ws/install/turtlesim/local/lib/python3.10/dist-packages/turtlesim/srv/__init__.py
[78.143s] -- Installing: /home/robousr/Documents/Practicas_ROS2/ros2_ws/install/turtlesim/local/lib/python3.10/dist-packages/turtlesim/srv/_set_pen_s.c
[78.143s] -- Installing: /home/robousr/Documents/Practicas_ROS2/ros2_ws/install/turtlesim/local/lib/python3.10/dist-packages/turtlesim/srv/_teleport_relative.py
[78.143s] -- Installing: /home/robousr/Documents/Practicas_ROS2/ros2_ws/install/turtlesim/local/lib/python3.10/dist-packages/turtlesim/srv/_kill.py
[78.143s] -- Installing: /home/robousr/Documents/Practicas_ROS2/ros2_ws/install/turtlesim/local/lib/python3.10/dist-packages/turtlesim/srv/_set_pen.py
[78.143s] -- Installing: /home/robousr/Documents/Practicas_ROS2/ros2_ws/install/turtlesim/local/lib/python3.10/dist-packages/turtlesim/srv/_teleport_relative_s.c
[78.143s] -- Installing: /home/robousr/Documents/Practicas_ROS2/ros2_ws/install/turtlesim/local/lib/python3.10/dist-packages/turtlesim/srv/_kill_s.c
[78.143s] -- Installing: /home/robousr/Documents/Practicas_ROS2/ros2_ws/install/turtlesim/local/lib/python3.10/dist-packages/turtlesim/srv/_spawn_s.c
[78.143s] -- Installing: /home/robousr/Documents/Practicas_ROS2/ros2_ws/install/turtlesim/local/lib/python3.10/dist-packages/turtlesim/srv/_teleport_absolute.py
[78.143s] -- Installing: /home/robousr/Documents/Practicas_ROS2/ros2_ws/install/turtlesim/local/lib/python3.10/dist-packages/turtlesim/turtlesim_s__rosidl_typesupport_c.cpython-310-x86_64-linux-gnu.so
[78.143s] -- Installing: /home/robousr/Documents/Practicas_ROS2/ros2_ws/install/turtlesim/local/lib/python3.10/dist-packages/turtlesim/_turtlesim_s.ep.rosidl_typesupport_c.c
[78.144s] -- Installing: /home/robousr/Documents/Practicas_ROS2/ros2_ws/install/turtlesim/local/lib/python3.10/dist-packages/turtlesim/_turtlesim_s.ep.rosidl_typesupport_introspection_c.c
[78.144s] -- Installing: /home/robousr/Documents/Practicas_ROS2/ros2_ws/install/turtlesim/local/lib/python3.10/dist-packages/turtlesim/libturtlesim__rosidl_generator_py.so
[78.144s] -- Installing: /home/robousr/Documents/Practicas_ROS2/ros2_ws/install/turtlesim/local/lib/python3.10/dist-packages/turtlesim/turtlesim_s__rosidl_typesupport_fastrtps_c.cpython-310-x86_64-linux-gnu.so
[78.144s] -- Installing: /home/robousr/Documents/Practicas_ROS2/ros2_ws/install/turtlesim/local/lib/python3.10/dist-packages/turtlesim/turtlesim_s__rosidl_typesupport_introspection_c.cpython-310-x86_64-linux-gnu.so
[78.144s] -- Installing: /home/robousr/Documents/Practicas_ROS2/ros2_ws/install/turtlesim/local/lib/python3.10/dist-packages/turtlesim/msg
[78.144s] -- Installing: /home/robousr/Documents/Practicas_ROS2/ros2_ws/install/turtlesim/local/lib/python3.10/dist-packages/turtlesim/msg/_pose_s.c
[78.144s] -- Installing: /home/robousr/Documents/Practicas_ROS2/ros2_ws/install/turtlesim/local/lib/python3.10/dist-packages/turtlesim/msg/__init__.py
[78.144s] -- Installing: /home/robousr/Documents/Practicas_ROS2/ros2_ws/install/turtlesim/local/lib/python3.10/dist-packages/turtlesim/msg/_color_s.c
[78.144s] -- Installing: /home/robousr/Documents/Practicas_ROS2/ros2_ws/install/turtlesim/local/lib/python3.10/dist-packages/turtlesim/msg/_color.py
[78.144s] -- Installing: /home/robousr/Documents/Practicas_ROS2/ros2_ws/install/turtlesim/local/lib/python3.10/dist-packages/turtlesim/msg/_pose.py
[78.144s] -- Installing: /home/robousr/Documents/Practicas_ROS2/ros2_ws/install/turtlesim/local/lib/python3.10/dist-packages/turtlesim/action
[78.144s] -- Installing: /home/robousr/Documents/Practicas_ROS2/ros2_ws/install/turtlesim/local/lib/python3.10/dist-packages/turtlesim/action/_rotate_absolute.py
[78.144s] -- Installing: /home/robousr/Documents/Practicas_ROS2/ros2_ws/install/turtlesim/local/lib/python3.10/dist-packages/turtlesim/action/__init__.py
[78.144s] -- Installing: /home/robousr/Documents/Practicas_ROS2/ros2_ws/install/turtlesim/local/lib/python3.10/dist-packages/turtlesim/action/_rotate_absolute_s.c
[78.149s] -- Installing: /home/robousr/Documents/Practicas_ROS2/ros2_ws/install/turtlesim/local/lib/python3.10/dist-packages/turtlesim/_turtlesim_s.ep.rosidl_typesupport_fastrtps_c.c
[78.262s] Listing '/home/robousr/Documents/Practicas_ROS2/ros2_ws/install/turtlesim/local/lib/python3.10/dist-packages/turtlesim'...
[78.263s] Compiling '/home/robousr/Documents/Practicas_ROS2/ros2_ws/install/turtlesim/local/lib/python3.10/dist-packages/turtlesim/__init__.py'...
[78.263s] Listing '/home/robousr/Documents/Practicas_ROS2/ros2_ws/install/turtlesim/local/lib/python3.10/dist-packages/turtlesim/action'...
[78.263s] Compiling '/home/robousr/Documents/Practicas_ROS2/ros2_ws/install/turtlesim/local/lib/python3.10/dist-packages/turtlesim/action/__init__.py'...
[78.263s] Compiling '/home/robousr/Documents/Practicas_ROS2/ros2_ws/install/turtlesim/local/lib/python3.10/dist-packages/turtlesim/action/_rotate_absolute.py'...
[78.263s] Listing '/home/robousr/Documents/Practicas_ROS2/ros2_ws/install/turtlesim/local/lib/python3.10/dist-packages/turtlesim/msg'...
[78.263s] Compiling '/home/robousr/Documents/Practicas_ROS2/ros2_ws/install/turtlesim/local/lib/python3.10/dist-packages/turtlesim/msg/__init__.py'...
[78.263s] Compiling '/home/robousr/Documents/Practicas_ROS2/ros2_ws/install/turtlesim/local/lib/python3.10/dist-packages/turtlesim/msg/_color.py'...
[78.263s] Compiling '/home/robousr/Documents/Practicas_ROS2/ros2_ws/install/turtlesim/local/lib/python3.10/dist-packages/turtlesim/msg/_pose.py'...
[78.263s] Listing '/home/robousr/Documents/Practicas_ROS2/ros2_ws/install/turtlesim/local/lib/python3.10/dist-packages/turtlesim/srv'...
[78.263s] Compiling '/home/robousr/Documents/Practicas_ROS2/ros2_ws/install/turtlesim/local/lib/python3.10/dist-packages/turtlesim/srv/__init__.py'...
[78.263s] Compiling '/home/robousr/Documents/Practicas_ROS2/ros2_ws/install/turtlesim/local/lib/python3.10/dist-packages/turtlesim/srv/_kill.py'...
[78.263s] Compiling '/home/robousr/Documents/Practicas_ROS2/ros2_ws/install/turtlesim/local/lib/python3.10/dist-packages/turtlesim/srv/_set_pen.py'...
[78.263s] Compiling '/home/robousr/Documents/Practicas_ROS2/ros2_ws/install/turtlesim/local/lib/python3.10/dist-packages/turtlesim/srv/_spawn.py'...
[78.263s] Compiling '/home/robousr/Documents/Practicas_ROS2/ros2_ws/install/turtlesim/local/lib/python3.10/dist-packages/turtlesim/srv/_teleport_absolute.py'...
[78.263s] Compiling '/home/robousr/Documents/Practicas_ROS2/ros2_ws/install/turtlesim/local/lib/python3.10/dist-packages/turtlesim/srv/_teleport_relative.py'...
[78.268s] -- Installing: /home/robousr/Documents/Practicas_ROS2/ros2_ws/install/turtlesim/local/lib/python3.10/dist-packages/turtlesim/turtlesim_s__rosidl_typesupport_fastrtps_c.cpython-310-x86_64-linux-gnu.so
[78.269s] -- Set runtime path of "/home/robousr/Documents/Practicas_ROS2/ros2_ws/install/turtlesim/local/lib/python3.10/dist-packages/turtlesim/turtlesim_s__rosidl_typesupport_fastrtps_c.cpython-310-x86_64-linux-gnu.so" to ""
[78.269s] -- Installing: /home/robousr/Documents/Practicas_ROS2/ros2_ws/install/turtlesim/local/lib/python3.10/dist-packages/turtlesim/turtlesim_s__rosidl_typesupport_introspection_c.cpython-310-x86_64-linux-gnu.so
[78.271s] -- Set runtime path of "/home/robousr/Documents/Practicas_ROS2/ros2_ws/install/turtlesim/local/lib/python3.10/dist-packages/turtlesim/turtlesim_s__rosidl_typesupport_introspection_c.cpython-310-x86_64-linux-gnu.so" to ""
[78.271s] -- Installing: /home/robousr/Documents/Practicas_ROS2/ros2_ws/install/turtlesim/local/lib/python3.10/dist-packages/turtlesim/turtlesim_s__rosidl_typesupport_c.cpython-310-x86_64-linux-gnu.so
[78.272s] -- Set runtime path of "/home/robousr/Documents/Practicas_ROS2/ros2_ws/install/turtlesim/local/lib/python3.10/dist-packages/turtlesim/turtlesim_s__rosidl_typesupport_c.cpython-310-x86_64-linux-gnu.so" to ""
[78.272s] -- Installing: /home/robousr/Documents/Practicas_ROS2/ros2_ws/install/turtlesim/lib/libturtlesim__rosidl_generator_py.so
[78.273s] -- Set runtime path of "/home/robousr/Documents/Practicas_ROS2/ros2_ws/install/turtlesim/lib/libturtlesim__rosidl_generator_py.so" to ""
[78.273s] -- Installing: /home/robousr/Documents/Practicas_ROS2/ros2_ws/install/turtlesim/share/turtlesim/action/RotateAbsolute.idl
[78.274s] -- Installing: /home/robousr/Documents/Practicas_ROS2/ros2_ws/install/turtlesim/share/turtlesim/msg/Color.idl
[78.275s] -- Installing: /home/robousr/Documents/Practicas_ROS2/ros2_ws/install/turtlesim/share/turtlesim/msg/Pose.idl
[78.275s] -- Installing: /home/robousr/Documents/Practicas_ROS2/ros2_ws/install/turtlesim/share/turtlesim/srv/Kill.idl
[78.275s] -- Installing: /home/robousr/Documents/Practicas_ROS2/ros2_ws/install/turtlesim/share/turtlesim/srv/SetPen.idl
[78.275s] -- Installing: /home/robousr/Documents/Practicas_ROS2/ros2_ws/install/turtlesim/share/turtlesim/srv/Spawn.idl
[78.276s] -- Installing: /home/robousr/Documents/Practicas_ROS2/ros2_ws/install/turtlesim/share/turtlesim/srv/TeleportAbsolute.idl
[78.276s] -- Installing: /home/robousr/Documents/Practicas_ROS2/ros2_ws/install/turtlesim/share/turtlesim/srv/TeleportRelative.idl
[78.276s] -- Installing: /home/robousr/Documents/Practicas_ROS2/ros2_ws/install/turtlesim/share/turtlesim/action/RotateAbsolute.action
[78.277s] -- Installing: /home/robousr/Documents/Practicas_ROS2/ros2_ws/install/turtlesim/share/turtlesim/msg/Color.msg
[78.277s] -- Installing: /home/robousr/Documents/Practicas_ROS2/ros2_ws/install/turtlesim/share/turtlesim/msg/Pose.msg
[78.277s] -- Installing: /home/robousr/Documents/Practicas_ROS2/ros2_ws/install/turtlesim/share/turtlesim/srv/Kill.srv
[78.278s] -- Installing: /home/robousr/Documents/Practicas_ROS2/ros2_ws/install/turtlesim/share/turtlesim/srv/Kill_Request.msg
[78.278s] -- Installing: /home/robousr/Documents/Practicas_ROS2/ros2_ws/install/turtlesim/share/turtlesim/srv/Kill_Response.msg
[78.278s] -- Installing: /home/robousr/Documents/Practicas_ROS2/ros2_ws/install/turtlesim/share/turtlesim/srv/SetPen.srv
[78.279s] -- Installing: /home/robousr/Documents/Practicas_ROS2/ros2_ws/install/turtlesim/share/turtlesim/srv/SetPen_Request.msg
[78.279s] -- Installing: /home/robousr/Documents/Practicas_ROS2/ros2_ws/install/turtlesim/share/turtlesim/srv/SetPen_Response.msg
[78.279s] -- Installing: /home/robousr/Documents/Practicas_ROS2/ros2_ws/install/turtlesim/share/turtlesim/srv/Spawn.srv
[78.279s] -- Installing: /home/robousr/Documents/Practicas_ROS2/ros2_ws/install/turtlesim/share/turtlesim/srv/Spawn_Request.msg
[78.280s] -- Installing: /home/robousr/Documents/Practicas_ROS2/ros2_ws/install/turtlesim/share/turtlesim/srv/Spawn_Response.msg
[78.280s] -- Installing: /home/robousr/Documents/Practicas_ROS2/ros2_ws/install/turtlesim/share/turtlesim/srv/TeleportAbsolute.srv
[78.281s] -- Installing: /home/robousr/Documents/Practicas_ROS2/ros2_ws/install/turtlesim/share/turtlesim/srv/TeleportAbsolute_Request.msg
[78.281s] -- Installing: /home/robousr/Documents/Practicas_ROS2/ros2_ws/install/turtlesim/share/turtlesim/srv/TeleportAbsolute_Response.msg
[78.282s] -- Installing: /home/robousr/Documents/Practicas_ROS2/ros2_ws/install/turtlesim/share/turtlesim/srv/TeleportRelative.srv
[78.282s] -- Installing: /home/robousr/Documents/Practicas_ROS2/ros2_ws/install/turtlesim/share/turtlesim/srv/TeleportRelative_Request.msg
[78.282s] -- Installing: /home/robousr/Documents/Practicas_ROS2/ros2_ws/install/turtlesim/share/turtlesim/srv/TeleportRelative_Response.msg
[78.282s] -- Installing: /home/robousr/Documents/Practicas_ROS2/ros2_ws/install/turtlesim/lib/turtlesim/turtlesim_node
[78.300s] -- Set runtime path of "/home/robousr/Documents/Practicas_ROS2/ros2_ws/install/turtlesim/lib/turtlesim/turtlesim_node" to ""
[78.301s] -- Installing: /home/robousr/Documents/Practicas_ROS2/ros2_ws/install/turtlesim/lib/turtlesim/turtle_teleop_key
[78.303s] -- Set runtime path of "/home/robousr/Documents/Practicas_ROS2/ros2_ws/install/turtlesim/lib/turtlesim/turtle_teleop_key" to ""
[78.304s] -- Installing: /home/robousr/Documents/Practicas_ROS2/ros2_ws/install/turtlesim/lib/turtlesim/draw_square
[78.313s] -- Set runtime path of "/home/robousr/Documents/Practicas_ROS2/ros2_ws/install/turtlesim/lib/turtlesim/draw_square" to ""
[78.313s] -- Installing: /home/robousr/Documents/Practicas_ROS2/ros2_ws/install/turtlesim/lib/turtlesim/mimic
[78.318s] -- Set runtime path of "/home/robousr/Documents/Practicas_ROS2/ros2_ws/install/turtlesim/lib/turtlesim/mimic" to ""
[78.319s] -- Installing: /home/robousr/Documents/Practicas_ROS2/ros2_ws/install/turtlesim/share/turtlesim/images
[78.320s] -- Installing: /home/robousr/Documents/Practicas_ROS2/ros2_ws/install/turtlesim/share/turtlesim/images/rolling.png
[78.320s] -- Installing: /home/robousr/Documents/Practicas_ROS2/ros2_ws/install/turtlesim/share/turtlesim/images/eloquent.png
[78.320s] -- Installing: /home/robousr/Documents/Practicas_ROS2/ros2_ws/install/turtlesim/share/turtlesim/images/bouncy.png
[78.321s] -- Installing: /home/robousr/Documents/Practicas_ROS2/ros2_ws/install/turtlesim/share/turtlesim/images/dashing.png
[78.321s] -- Installing: /home/robousr/Documents/Practicas_ROS2/ros2_ws/install/turtlesim/share/turtlesim/images/humble.png
[78.321s] -- Installing: /home/robousr/Documents/Practicas_ROS2/ros2_ws/install/turtlesim/share/turtlesim/images/ardent.png
[78.322s] -- Installing: /home/robousr/Documents/Practicas_ROS2/ros2_ws/install/turtlesim/share/turtlesim/images/galactic.png
[78.322s] -- Installing: /home/robousr/Documents/Practicas_ROS2/ros2_ws/install/turtlesim/share/turtlesim/images/crystal.png
[78.323s] -- Installing: /home/robousr/Documents/Practicas_ROS2/ros2_ws/install/turtlesim/share/turtlesim/images/foxy.png
[78.323s] -- Installing: /home/robousr/Documents/Practicas_ROS2/ros2_ws/install/turtlesim/share/turtlesim/launch
[78.323s] -- Installing: /home/robousr/Documents/Practicas_ROS2/ros2_ws/install/turtlesim/share/turtlesim/launch/multisim.launch.py
[78.323s] -- Installing: /home/robousr/Documents/Practicas_ROS2/ros2_ws/install/turtlesim/share/ament_index/resource_index/package_run_dependencies/turtlesim
[78.324s] -- Installing: /home/robousr/Documents/Practicas_ROS2/ros2_ws/install/turtlesim/share/ament_index/resource_index/parent_prefix_path/turtlesim
[78.324s] -- Installing: /home/robousr/Documents/Practicas_ROS2/ros2_ws/install/turtlesim/share/turtlesim/environment/ament_prefix_path.sh
[78.324s] -- Installing: /home/robousr/Documents/Practicas_ROS2/ros2_ws/install/turtlesim/share/turtlesim/environment/ament_prefix_path.dsv
[78.325s] -- Installing: /home/robousr/Documents/Practicas_ROS2/ros2_ws/install/turtlesim/share/turtlesim/environment/path.sh
[78.325s] -- Installing: /home/robousr/Documents/Practicas_ROS2/ros2_ws/install/turtlesim/share/turtlesim/environment/path.dsv
[78.325s] -- Installing: /home/robousr/Documents/Practicas_ROS2/ros2_ws/install/turtlesim/share/turtlesim/local_setup.bash
[78.325s] -- Installing: /home/robousr/Documents/Practicas_ROS2/ros2_ws/install/turtlesim/share/turtlesim/local_setup.sh
[78.327s] -- Installing: /home/robousr/Documents/Practicas_ROS2/ros2_ws/install/turtlesim/share/turtlesim/local_setup.zsh
[78.327s] -- Installing: /home/robousr/Documents/Practicas_ROS2/ros2_ws/install/turtlesim/share/turtlesim/local_setup.dsv
[78.327s] -- Installing: /home/robousr/Documents/Practicas_ROS2/ros2_ws/install/turtlesim/share/turtlesim/package.dsv
[78.327s] -- Installing: /home/robousr/Documents/Practicas_ROS2/ros2_ws/install/turtlesim/share/ament_index/resource_index/packages/turtlesim
[78.327s] -- Installing: /home/robousr/Documents/Practicas_ROS2/ros2_ws/install/turtlesim/share/turtlesim/cmake/export_turtlesim__rosidl_generator_cExport.cmake
[78.327s] -- Installing: /home/robousr/Documents/Practicas_ROS2/ros2_ws/install/turtlesim/share/turtlesim/cmake/export_turtlesim__rosidl_generator_cExport-noconfig.cmake
[78.328s] -- Installing: /home/robousr/Documents/Practicas_ROS2/ros2_ws/install/turtlesim/share/turtlesim/cmake/export_turtlesim__rosidl_typesupport_fastrtps_cExport.cmake
[78.328s] -- Installing: /home/robousr/Documents/Practicas_ROS2/ros2_ws/install/turtlesim/share/turtlesim/cmake/export_turtlesim__rosidl_typesupport_fastrtps_cExport-noconfig.cmake
[78.329s] -- Installing: /home/robousr/Documents/Practicas_ROS2/ros2_ws/install/turtlesim/share/turtlesim/cmake/export_turtlesim__rosidl_generator_cppExport.cmake
[78.330s] -- Installing: /home/robousr/Documents/Practicas_ROS2/ros2_ws/install/turtlesim/share/turtlesim/cmake/export_turtlesim__rosidl_typesupport_fastrtps_cppExport.cmake
[78.330s] -- Installing: /home/robousr/Documents/Practicas_ROS2/ros2_ws/install/turtlesim/share/turtlesim/cmake/export_turtlesim__rosidl_typesupport_fastrtps_cppExport-noconfig.cmake
[78.331s] -- Installing: /home/robousr/Documents/Practicas_ROS2/ros2_ws/install/turtlesim/share/turtlesim/cmake/turtlesim__rosidl_typesupport_introspection_cExport.cmake
[78.331s] -- Installing: /home/robousr/Documents/Practicas_ROS2/ros2_ws/install/turtlesim/share/turtlesim/cmake/turtlesim__rosidl_typesupport_introspection_cExport-noconfig.cmake
[78.331s] -- Installing: /home/robousr/Documents/Practicas_ROS2/ros2_ws/install/turtlesim/share/turtlesim/cmake/turtlesim__rosidl_typesupport_cExport.cmake
[78.331s] -- Installing: /home/robousr/Documents/Practicas_ROS2/ros2_ws/install/turtlesim/share/turtlesim/cmake/turtlesim__rosidl_typesupport_cExport-noconfig.cmake
[78.332s] -- Installing: /home/robousr/Documents/Practicas_ROS2/ros2_ws/install/turtlesim/share/turtlesim/cmake/turtlesim__rosidl_typesupport_introspection_cppExport.cmake
[78.332s] -- Installing: /home/robousr/Documents/Practicas_ROS2/ros2_ws/install/turtlesim/share/turtlesim/cmake/turtlesim__rosidl_typesupport_introspection_cppExport-noconfig.cmake
[78.333s] -- Installing: /home/robousr/Documents/Practicas_ROS2/ros2_ws/install/turtlesim/share/turtlesim/cmake/turtlesim__rosidl_typesupport_cppExport.cmake
[78.333s] -- Installing: /home/robousr/Documents/Practicas_ROS2/ros2_ws/install/turtlesim/share/turtlesim/cmake/turtlesim__rosidl_typesupport_cppExport-noconfig.cmake
[78.334s] -- Installing: /home/robousr/Documents/Practicas_ROS2/ros2_ws/install/turtlesim/share/turtlesim/cmake/export_turtlesim__rosidl_generator_pyExport.cmake
[78.334s] -- Installing: /home/robousr/Documents/Practicas_ROS2/ros2_ws/install/turtlesim/share/turtlesim/cmake/export_turtlesim__rosidl_generator_pyExport-noconfig.cmake
[78.334s] -- Installing: /home/robousr/Documents/Practicas_ROS2/ros2_ws/install/turtlesim/share/turtlesim/cmake/rosidl_cmake-extras.cmake
[78.334s] -- Installing: /home/robousr/Documents/Practicas_ROS2/ros2_ws/install/turtlesim/share/turtlesim/cmake/ament_cmake_export_dependencies-extras.cmake
[78.334s] -- Installing: /home/robousr/Documents/Practicas_ROS2/ros2_ws/install/turtlesim/share/turtlesim/cmake/ament_cmake_export_include_directories-extras.cmake
[78.335s] -- Installing: /home/robousr/Documents/Practicas_ROS2/ros2_ws/install/turtlesim/share/turtlesim/cmake/ament_cmake_export_libraries-extras.cmake
[78.336s] -- Installing: /home/robousr/Documents/Practicas_ROS2/ros2_ws/install/turtlesim/share/turtlesim/cmake/ament_cmake_export_targets-extras.cmake
[78.336s] -- Installing: /home/robousr/Documents/Practicas_ROS2/ros2_ws/install/turtlesim/share/turtlesim/cmake/rosidl_cmake_export_typesupport_targets-extras.cmake
[78.336s] -- Installing: /home/robousr/Documents/Practicas_ROS2/ros2_ws/install/turtlesim/share/turtlesim/cmake/rosidl_cmake_export_typesupport_libraries-extras.cmake
[78.336s] -- Installing: /home/robousr/Documents/Practicas_ROS2/ros2_ws/install/turtlesim/share/turtlesim/cmake/turtlesimConfig.cmake
[78.336s] -- Installing: /home/robousr/Documents/Practicas_ROS2/ros2_ws/install/turtlesim/share/turtlesim/cmake/turtlesimConfig-version.cmake
[78.336s] -- Installing: /home/robousr/Documents/Practicas_ROS2/ros2_ws/install/turtlesim/share/turtlesim/package.xml
[78.342s] Invoked command in '/home/robousr/Documents/Practicas_ROS2/ros2_ws/build/turtlesim' returned '0': CMAKE_PREFIX_PATH=${CMAKE_PREFIX_PATH}:/opt/ros/humble /usr/bin/cmake --install /home/robousr/Documents/Practicas_ROS2/ros2_ws/build/turtlesim
