[1.024s] Invoking command in '/home/robousr/Documents/Practicas_ROS2/ros2_ws/build/examples_rclpy_minimal_action_client': PYTHONPATH=/home/robousr/Documents/Practicas_ROS2/ros2_ws/build/examples_rclpy_minimal_action_client/prefix_override:/usr/lib/python3/dist-packages/colcon_core/task/python/colcon_distutils_commands:/home/robousr/Documents/Practicas_ROS2/ros2_ws/install/examples_rclpy_minimal_action_client/lib/python3.10/site-packages:${PYTHONPATH} /usr/bin/python3 -W ignore:setup.py install is deprecated -W ignore:easy_install command is deprecated setup.py develop --uninstall --editable --build-directory /home/robousr/Documents/Practicas_ROS2/ros2_ws/build/examples_rclpy_minimal_action_client/build
[1.341s] running develop
[1.558s] Removing /home/robousr/Documents/Practicas_ROS2/ros2_ws/install/examples_rclpy_minimal_action_client/lib/python3.10/site-packages/examples-rclpy-minimal-action-client.egg-link (link to .)
[1.604s] Invoked command in '/home/robousr/Documents/Practicas_ROS2/ros2_ws/build/examples_rclpy_minimal_action_client' returned '0': PYTHONPATH=/home/robousr/Documents/Practicas_ROS2/ros2_ws/build/examples_rclpy_minimal_action_client/prefix_override:/usr/lib/python3/dist-packages/colcon_core/task/python/colcon_distutils_commands:/home/robousr/Documents/Practicas_ROS2/ros2_ws/install/examples_rclpy_minimal_action_client/lib/python3.10/site-packages:${PYTHONPATH} /usr/bin/python3 -W ignore:setup.py install is deprecated -W ignore:easy_install command is deprecated setup.py develop --uninstall --editable --build-directory /home/robousr/Documents/Practicas_ROS2/ros2_ws/build/examples_rclpy_minimal_action_client/build
[1.605s] Invoking command in '/home/robousr/Documents/Practicas_ROS2/ros2_ws/src/examples/rclpy/actions/minimal_action_client': PYTHONPATH=/home/robousr/Documents/Practicas_ROS2/ros2_ws/build/examples_rclpy_minimal_action_client/prefix_override:/usr/lib/python3/dist-packages/colcon_core/task/python/colcon_distutils_commands:/home/robousr/Documents/Practicas_ROS2/ros2_ws/install/examples_rclpy_minimal_action_client/lib/python3.10/site-packages:${PYTHONPATH} /usr/bin/python3 -W ignore:setup.py install is deprecated -W ignore:easy_install command is deprecated setup.py egg_info --egg-base ../../../../../build/examples_rclpy_minimal_action_client build --build-base /home/robousr/Documents/Practicas_ROS2/ros2_ws/build/examples_rclpy_minimal_action_client/build install --record /home/robousr/Documents/Practicas_ROS2/ros2_ws/build/examples_rclpy_minimal_action_client/install.log --single-version-externally-managed install_data --force
[1.904s] running egg_info
[1.906s] writing ../../../../../build/examples_rclpy_minimal_action_client/examples_rclpy_minimal_action_client.egg-info/PKG-INFO
[1.906s] writing dependency_links to ../../../../../build/examples_rclpy_minimal_action_client/examples_rclpy_minimal_action_client.egg-info/dependency_links.txt
[1.907s] writing entry points to ../../../../../build/examples_rclpy_minimal_action_client/examples_rclpy_minimal_action_client.egg-info/entry_points.txt
[1.907s] writing requirements to ../../../../../build/examples_rclpy_minimal_action_client/examples_rclpy_minimal_action_client.egg-info/requires.txt
[1.907s] writing top-level names to ../../../../../build/examples_rclpy_minimal_action_client/examples_rclpy_minimal_action_client.egg-info/top_level.txt
[1.909s] reading manifest file '../../../../../build/examples_rclpy_minimal_action_client/examples_rclpy_minimal_action_client.egg-info/SOURCES.txt'
[1.911s] writing manifest file '../../../../../build/examples_rclpy_minimal_action_client/examples_rclpy_minimal_action_client.egg-info/SOURCES.txt'
[1.912s] running build
[1.912s] running build_py
[1.912s] creating /home/robousr/Documents/Practicas_ROS2/ros2_ws/build/examples_rclpy_minimal_action_client/build
[1.913s] creating /home/robousr/Documents/Practicas_ROS2/ros2_ws/build/examples_rclpy_minimal_action_client/build/lib
[1.913s] creating /home/robousr/Documents/Practicas_ROS2/ros2_ws/build/examples_rclpy_minimal_action_client/build/lib/examples_rclpy_minimal_action_client
[1.913s] copying examples_rclpy_minimal_action_client/__init__.py -> /home/robousr/Documents/Practicas_ROS2/ros2_ws/build/examples_rclpy_minimal_action_client/build/lib/examples_rclpy_minimal_action_client
[1.914s] copying examples_rclpy_minimal_action_client/client_asyncio.py -> /home/robousr/Documents/Practicas_ROS2/ros2_ws/build/examples_rclpy_minimal_action_client/build/lib/examples_rclpy_minimal_action_client
[1.914s] copying examples_rclpy_minimal_action_client/client_cancel.py -> /home/robousr/Documents/Practicas_ROS2/ros2_ws/build/examples_rclpy_minimal_action_client/build/lib/examples_rclpy_minimal_action_client
[1.914s] copying examples_rclpy_minimal_action_client/client_not_composable.py -> /home/robousr/Documents/Practicas_ROS2/ros2_ws/build/examples_rclpy_minimal_action_client/build/lib/examples_rclpy_minimal_action_client
[1.914s] copying examples_rclpy_minimal_action_client/client.py -> /home/robousr/Documents/Practicas_ROS2/ros2_ws/build/examples_rclpy_minimal_action_client/build/lib/examples_rclpy_minimal_action_client
[1.917s] running install
[1.917s] running install_lib
[1.917s] creating /home/robousr/Documents/Practicas_ROS2/ros2_ws/install/examples_rclpy_minimal_action_client/lib/python3.10/site-packages/examples_rclpy_minimal_action_client
[1.917s] copying /home/robousr/Documents/Practicas_ROS2/ros2_ws/build/examples_rclpy_minimal_action_client/build/lib/examples_rclpy_minimal_action_client/__init__.py -> /home/robousr/Documents/Practicas_ROS2/ros2_ws/install/examples_rclpy_minimal_action_client/lib/python3.10/site-packages/examples_rclpy_minimal_action_client
[1.917s] copying /home/robousr/Documents/Practicas_ROS2/ros2_ws/build/examples_rclpy_minimal_action_client/build/lib/examples_rclpy_minimal_action_client/client_asyncio.py -> /home/robousr/Documents/Practicas_ROS2/ros2_ws/install/examples_rclpy_minimal_action_client/lib/python3.10/site-packages/examples_rclpy_minimal_action_client
[1.918s] copying /home/robousr/Documents/Practicas_ROS2/ros2_ws/build/examples_rclpy_minimal_action_client/build/lib/examples_rclpy_minimal_action_client/client_cancel.py -> /home/robousr/Documents/Practicas_ROS2/ros2_ws/install/examples_rclpy_minimal_action_client/lib/python3.10/site-packages/examples_rclpy_minimal_action_client
[1.918s] copying /home/robousr/Documents/Practicas_ROS2/ros2_ws/build/examples_rclpy_minimal_action_client/build/lib/examples_rclpy_minimal_action_client/client_not_composable.py -> /home/robousr/Documents/Practicas_ROS2/ros2_ws/install/examples_rclpy_minimal_action_client/lib/python3.10/site-packages/examples_rclpy_minimal_action_client
[1.918s] copying /home/robousr/Documents/Practicas_ROS2/ros2_ws/build/examples_rclpy_minimal_action_client/build/lib/examples_rclpy_minimal_action_client/client.py -> /home/robousr/Documents/Practicas_ROS2/ros2_ws/install/examples_rclpy_minimal_action_client/lib/python3.10/site-packages/examples_rclpy_minimal_action_client
[1.919s] byte-compiling /home/robousr/Documents/Practicas_ROS2/ros2_ws/install/examples_rclpy_minimal_action_client/lib/python3.10/site-packages/examples_rclpy_minimal_action_client/__init__.py to __init__.cpython-310.pyc
[1.920s] byte-compiling /home/robousr/Documents/Practicas_ROS2/ros2_ws/install/examples_rclpy_minimal_action_client/lib/python3.10/site-packages/examples_rclpy_minimal_action_client/client_asyncio.py to client_asyncio.cpython-310.pyc
[1.921s] byte-compiling /home/robousr/Documents/Practicas_ROS2/ros2_ws/install/examples_rclpy_minimal_action_client/lib/python3.10/site-packages/examples_rclpy_minimal_action_client/client_cancel.py to client_cancel.cpython-310.pyc
[1.922s] byte-compiling /home/robousr/Documents/Practicas_ROS2/ros2_ws/install/examples_rclpy_minimal_action_client/lib/python3.10/site-packages/examples_rclpy_minimal_action_client/client_not_composable.py to client_not_composable.cpython-310.pyc
[1.922s] byte-compiling /home/robousr/Documents/Practicas_ROS2/ros2_ws/install/examples_rclpy_minimal_action_client/lib/python3.10/site-packages/examples_rclpy_minimal_action_client/client.py to client.cpython-310.pyc
[1.923s] running install_data
[1.923s] copying resource/examples_rclpy_minimal_action_client -> /home/robousr/Documents/Practicas_ROS2/ros2_ws/install/examples_rclpy_minimal_action_client/share/ament_index/resource_index/packages
[1.924s] copying package.xml -> /home/robousr/Documents/Practicas_ROS2/ros2_ws/install/examples_rclpy_minimal_action_client/share/examples_rclpy_minimal_action_client
[1.924s] running install_egg_info
[1.927s] Copying ../../../../../build/examples_rclpy_minimal_action_client/examples_rclpy_minimal_action_client.egg-info to /home/robousr/Documents/Practicas_ROS2/ros2_ws/install/examples_rclpy_minimal_action_client/lib/python3.10/site-packages/examples_rclpy_minimal_action_client-0.15.3-py3.10.egg-info
[1.927s] running install_scripts
[1.950s] Installing client script to /home/robousr/Documents/Practicas_ROS2/ros2_ws/install/examples_rclpy_minimal_action_client/lib/examples_rclpy_minimal_action_client
[1.951s] Installing client_asyncio script to /home/robousr/Documents/Practicas_ROS2/ros2_ws/install/examples_rclpy_minimal_action_client/lib/examples_rclpy_minimal_action_client
[1.952s] Installing client_cancel script to /home/robousr/Documents/Practicas_ROS2/ros2_ws/install/examples_rclpy_minimal_action_client/lib/examples_rclpy_minimal_action_client
[1.953s] Installing client_not_composable script to /home/robousr/Documents/Practicas_ROS2/ros2_ws/install/examples_rclpy_minimal_action_client/lib/examples_rclpy_minimal_action_client
[1.953s] writing list of installed files to '/home/robousr/Documents/Practicas_ROS2/ros2_ws/build/examples_rclpy_minimal_action_client/install.log'
[1.999s] Invoked command in '/home/robousr/Documents/Practicas_ROS2/ros2_ws/src/examples/rclpy/actions/minimal_action_client' returned '0': PYTHONPATH=/home/robousr/Documents/Practicas_ROS2/ros2_ws/build/examples_rclpy_minimal_action_client/prefix_override:/usr/lib/python3/dist-packages/colcon_core/task/python/colcon_distutils_commands:/home/robousr/Documents/Practicas_ROS2/ros2_ws/install/examples_rclpy_minimal_action_client/lib/python3.10/site-packages:${PYTHONPATH} /usr/bin/python3 -W ignore:setup.py install is deprecated -W ignore:easy_install command is deprecated setup.py egg_info --egg-base ../../../../../build/examples_rclpy_minimal_action_client build --build-base /home/robousr/Documents/Practicas_ROS2/ros2_ws/build/examples_rclpy_minimal_action_client/build install --record /home/robousr/Documents/Practicas_ROS2/ros2_ws/build/examples_rclpy_minimal_action_client/install.log --single-version-externally-managed install_data --force
