[0.062s] Invoking command in '/home/robousr/Documents/Practicas_ROS2/ros2_ws/build/examples_rclcpp_async_client': CMAKE_PREFIX_PATH=/opt/ros/humble /usr/bin/cmake /home/robousr/Documents/Practicas_ROS2/ros2_ws/src/examples/rclcpp/services/async_client -DAMENT_CMAKE_SYMLINK_INSTALL=1 -DCMAKE_INSTALL_PREFIX=/home/robousr/Documents/Practicas_ROS2/ros2_ws/install/examples_rclcpp_async_client
[0.562s] -- The C compiler identification is GNU 11.4.0
[0.923s] -- The CXX compiler identification is GNU 11.4.0
[0.966s] -- Detecting C compiler ABI info
[1.194s] -- Detecting C compiler ABI info - done
[1.208s] -- Check for working C compiler: /usr/bin/cc - skipped
[1.217s] -- Detecting C compile features
[1.221s] -- Detecting C compile features - done
[1.229s] -- Detecting CXX compiler ABI info
[1.459s] -- Detecting CXX compiler ABI info - done
[1.478s] -- Check for working CXX compiler: /usr/bin/c++ - skipped
[1.479s] -- Detecting CXX compile features
[1.481s] -- Detecting CXX compile features - done
[1.514s] -- Found ament_cmake: 1.3.11 (/opt/ros/humble/share/ament_cmake/cmake)
[2.860s] -- Found Python3: /home/robousr/.pyenv/shims/python3 (found version "3.10.12") found components: Interpreter 
[3.183s] -- Override CMake install command with custom implementation using symlinks instead of copying resources
[3.298s] -- Found example_interfaces: 0.9.3 (/opt/ros/humble/share/example_interfaces/cmake)
[3.473s] -- Found rosidl_generator_c: 3.1.6 (/opt/ros/humble/share/rosidl_generator_c/cmake)
[3.497s] -- Found rosidl_adapter: 3.1.6 (/opt/ros/humble/share/rosidl_adapter/cmake)
[3.533s] -- Found rosidl_generator_cpp: 3.1.6 (/opt/ros/humble/share/rosidl_generator_cpp/cmake)
[3.586s] -- Using all available rosidl_typesupport_c: rosidl_typesupport_fastrtps_c;rosidl_typesupport_introspection_c
[3.650s] -- Using all available rosidl_typesupport_cpp: rosidl_typesupport_fastrtps_cpp;rosidl_typesupport_introspection_cpp
[3.887s] -- Found rclcpp: 16.0.12 (/opt/ros/humble/share/rclcpp/cmake)
[3.984s] -- Found rmw_implementation_cmake: 6.1.2 (/opt/ros/humble/share/rmw_implementation_cmake/cmake)
[3.991s] -- Found rmw_fastrtps_cpp: 6.2.7 (/opt/ros/humble/share/rmw_fastrtps_cpp/cmake)
[4.300s] -- Found OpenSSL: /usr/lib/x86_64-linux-gnu/libcrypto.so (found version "3.0.2")  
[4.368s] -- Found FastRTPS: /opt/ros/humble/include  
[4.487s] -- Using RMW implementation 'rmw_fastrtps_cpp' as default
[4.513s] -- Looking for pthread.h
[4.803s] -- Looking for pthread.h - found
[4.806s] -- Performing Test CMAKE_HAVE_LIBC_PTHREAD
[5.038s] -- Performing Test CMAKE_HAVE_LIBC_PTHREAD - Success
[5.042s] -- Found Threads: TRUE  
[5.253s] -- Found ament_lint_auto: 0.12.12 (/opt/ros/humble/share/ament_lint_auto/cmake)
[5.643s] -- Added test 'copyright' to check source files copyright and LICENSE
[5.645s] -- Added test 'cppcheck' to perform static code analysis on C / C++ code
[5.647s] -- Configured cppcheck include dirs: 
[5.647s] -- Configured cppcheck exclude dirs and/or files: 
[5.649s] -- Added test 'cpplint' to check C / C++ code against the Google style
[5.649s] -- Configured cpplint exclude dirs and/or files: 
[5.652s] -- Added test 'lint_cmake' to check CMake code style
[5.657s] -- Added test 'uncrustify' to check C / C++ code style
[5.658s] -- Configured uncrustify additional arguments: 
[5.661s] -- Added test 'xmllint' to check XML markup files
[5.668s] -- Configuring done
[5.699s] -- Generating done
[5.709s] -- Build files have been written to: /home/robousr/Documents/Practicas_ROS2/ros2_ws/build/examples_rclcpp_async_client
[5.740s] Invoked command in '/home/robousr/Documents/Practicas_ROS2/ros2_ws/build/examples_rclcpp_async_client' returned '0': CMAKE_PREFIX_PATH=/opt/ros/humble /usr/bin/cmake /home/robousr/Documents/Practicas_ROS2/ros2_ws/src/examples/rclcpp/services/async_client -DAMENT_CMAKE_SYMLINK_INSTALL=1 -DCMAKE_INSTALL_PREFIX=/home/robousr/Documents/Practicas_ROS2/ros2_ws/install/examples_rclcpp_async_client
[5.743s] Invoking command in '/home/robousr/Documents/Practicas_ROS2/ros2_ws/build/examples_rclcpp_async_client': CMAKE_PREFIX_PATH=/opt/ros/humble /usr/bin/cmake --build /home/robousr/Documents/Practicas_ROS2/ros2_ws/build/examples_rclcpp_async_client -- -j2 -l2
[5.929s] [ 50%] [32mBuilding CXX object CMakeFiles/client_main.dir/main.cpp.o[0m
[7.803s] gmake[2]: *** [CMakeFiles/client_main.dir/build.make:76: CMakeFiles/client_main.dir/main.cpp.o] Interrupt
[7.803s] gmake[1]: *** [CMakeFiles/Makefile2:137: CMakeFiles/client_main.dir/all] Interrupt
[7.809s] gmake: *** [Makefile:146: all] Interrupt
[7.831s] Invoked command in '/home/robousr/Documents/Practicas_ROS2/ros2_ws/build/examples_rclcpp_async_client' returned '-2': CMAKE_PREFIX_PATH=/opt/ros/humble /usr/bin/cmake --build /home/robousr/Documents/Practicas_ROS2/ros2_ws/build/examples_rclcpp_async_client -- -j2 -l2
