[0.015s] Invoking command in '/home/robousr/Documents/Practicas_ROS2/ros2_ws/build/examples_rclcpp_minimal_action_client': CMAKE_PREFIX_PATH=${CMAKE_PREFIX_PATH}:/opt/ros/humble /usr/bin/cmake --build /home/robousr/Documents/Practicas_ROS2/ros2_ws/build/examples_rclcpp_minimal_action_client -- -j2 -l2
[0.099s] [35m[1mConsolidate compiler generated dependencies of target action_client_member_functions[0m
[0.115s] [35m[1mConsolidate compiler generated dependencies of target action_client_not_composable[0m
[0.147s] [ 25%] Built target action_client_not_composable
[0.152s] [ 50%] Built target action_client_member_functions
[0.174s] [35m[1mConsolidate compiler generated dependencies of target action_client_not_composable_with_cancel[0m
[0.183s] [35m[1mConsolidate compiler generated dependencies of target action_client_not_composable_with_feedback[0m
[0.220s] [ 75%] Built target action_client_not_composable_with_cancel
[0.230s] [100%] Built target action_client_not_composable_with_feedback
[0.255s] Invoked command in '/home/robousr/Documents/Practicas_ROS2/ros2_ws/build/examples_rclcpp_minimal_action_client' returned '0': CMAKE_PREFIX_PATH=${CMAKE_PREFIX_PATH}:/opt/ros/humble /usr/bin/cmake --build /home/robousr/Documents/Practicas_ROS2/ros2_ws/build/examples_rclcpp_minimal_action_client -- -j2 -l2
[0.263s] Invoking command in '/home/robousr/Documents/Practicas_ROS2/ros2_ws/build/examples_rclcpp_minimal_action_client': CMAKE_PREFIX_PATH=${CMAKE_PREFIX_PATH}:/opt/ros/humble /usr/bin/cmake --install /home/robousr/Documents/Practicas_ROS2/ros2_ws/build/examples_rclcpp_minimal_action_client
[0.276s] -- Install configuration: ""
[0.279s] -- Execute custom install script
[0.283s] -- Up-to-date symlink: /home/robousr/Documents/Practicas_ROS2/ros2_ws/install/examples_rclcpp_minimal_action_client/lib/examples_rclcpp_minimal_action_client/action_client_member_functions
[0.283s] -- Up-to-date symlink: /home/robousr/Documents/Practicas_ROS2/ros2_ws/install/examples_rclcpp_minimal_action_client/lib/examples_rclcpp_minimal_action_client/action_client_not_composable
[0.283s] -- Up-to-date symlink: /home/robousr/Documents/Practicas_ROS2/ros2_ws/install/examples_rclcpp_minimal_action_client/lib/examples_rclcpp_minimal_action_client/action_client_not_composable_with_cancel
[0.285s] -- Up-to-date symlink: /home/robousr/Documents/Practicas_ROS2/ros2_ws/install/examples_rclcpp_minimal_action_client/lib/examples_rclcpp_minimal_action_client/action_client_not_composable_with_feedback
[0.290s] -- Up-to-date symlink: /home/robousr/Documents/Practicas_ROS2/ros2_ws/install/examples_rclcpp_minimal_action_client/share/ament_index/resource_index/package_run_dependencies/examples_rclcpp_minimal_action_client
[0.290s] -- Up-to-date symlink: /home/robousr/Documents/Practicas_ROS2/ros2_ws/install/examples_rclcpp_minimal_action_client/share/ament_index/resource_index/parent_prefix_path/examples_rclcpp_minimal_action_client
[0.292s] -- Up-to-date symlink: /home/robousr/Documents/Practicas_ROS2/ros2_ws/install/examples_rclcpp_minimal_action_client/share/examples_rclcpp_minimal_action_client/environment/ament_prefix_path.sh
[0.296s] -- Up-to-date symlink: /home/robousr/Documents/Practicas_ROS2/ros2_ws/install/examples_rclcpp_minimal_action_client/share/examples_rclcpp_minimal_action_client/environment/ament_prefix_path.dsv
[0.296s] -- Up-to-date symlink: /home/robousr/Documents/Practicas_ROS2/ros2_ws/install/examples_rclcpp_minimal_action_client/share/examples_rclcpp_minimal_action_client/environment/path.sh
[0.296s] -- Up-to-date symlink: /home/robousr/Documents/Practicas_ROS2/ros2_ws/install/examples_rclcpp_minimal_action_client/share/examples_rclcpp_minimal_action_client/environment/path.dsv
[0.297s] -- Up-to-date symlink: /home/robousr/Documents/Practicas_ROS2/ros2_ws/install/examples_rclcpp_minimal_action_client/share/examples_rclcpp_minimal_action_client/local_setup.bash
[0.297s] -- Up-to-date symlink: /home/robousr/Documents/Practicas_ROS2/ros2_ws/install/examples_rclcpp_minimal_action_client/share/examples_rclcpp_minimal_action_client/local_setup.sh
[0.297s] -- Up-to-date symlink: /home/robousr/Documents/Practicas_ROS2/ros2_ws/install/examples_rclcpp_minimal_action_client/share/examples_rclcpp_minimal_action_client/local_setup.zsh
[0.298s] -- Up-to-date symlink: /home/robousr/Documents/Practicas_ROS2/ros2_ws/install/examples_rclcpp_minimal_action_client/share/examples_rclcpp_minimal_action_client/local_setup.dsv
[0.298s] -- Symlinking: /home/robousr/Documents/Practicas_ROS2/ros2_ws/install/examples_rclcpp_minimal_action_client/share/examples_rclcpp_minimal_action_client/package.dsv
[0.314s] -- Up-to-date symlink: /home/robousr/Documents/Practicas_ROS2/ros2_ws/install/examples_rclcpp_minimal_action_client/share/ament_index/resource_index/packages/examples_rclcpp_minimal_action_client
[0.315s] -- Up-to-date symlink: /home/robousr/Documents/Practicas_ROS2/ros2_ws/install/examples_rclcpp_minimal_action_client/share/examples_rclcpp_minimal_action_client/cmake/examples_rclcpp_minimal_action_clientConfig.cmake
[0.316s] -- Up-to-date symlink: /home/robousr/Documents/Practicas_ROS2/ros2_ws/install/examples_rclcpp_minimal_action_client/share/examples_rclcpp_minimal_action_client/cmake/examples_rclcpp_minimal_action_clientConfig-version.cmake
[0.319s] -- Up-to-date symlink: /home/robousr/Documents/Practicas_ROS2/ros2_ws/install/examples_rclcpp_minimal_action_client/share/examples_rclcpp_minimal_action_client/package.xml
[0.323s] Invoked command in '/home/robousr/Documents/Practicas_ROS2/ros2_ws/build/examples_rclcpp_minimal_action_client' returned '0': CMAKE_PREFIX_PATH=${CMAKE_PREFIX_PATH}:/opt/ros/humble /usr/bin/cmake --install /home/robousr/Documents/Practicas_ROS2/ros2_ws/build/examples_rclcpp_minimal_action_client
