[1.828s] Invoking command in '/home/robousr/Documents/Practicas_ROS2/ros2_ws/build/examples_rclpy_executors': PYTHONPATH=/home/robousr/Documents/Practicas_ROS2/ros2_ws/build/examples_rclpy_executors/prefix_override:/usr/lib/python3/dist-packages/colcon_core/task/python/colcon_distutils_commands:/home/robousr/Documents/Practicas_ROS2/ros2_ws/install/examples_rclpy_executors/lib/python3.10/site-packages:${PYTHONPATH} /usr/bin/python3 -W ignore:setup.py install is deprecated -W ignore:easy_install command is deprecated setup.py develop --uninstall --editable --build-directory /home/robousr/Documents/Practicas_ROS2/ros2_ws/build/examples_rclpy_executors/build
[2.157s] running develop
[2.377s] Removing /home/robousr/Documents/Practicas_ROS2/ros2_ws/install/examples_rclpy_executors/lib/python3.10/site-packages/examples-rclpy-executors.egg-link (link to .)
[2.469s] Invoked command in '/home/robousr/Documents/Practicas_ROS2/ros2_ws/build/examples_rclpy_executors' returned '0': PYTHONPATH=/home/robousr/Documents/Practicas_ROS2/ros2_ws/build/examples_rclpy_executors/prefix_override:/usr/lib/python3/dist-packages/colcon_core/task/python/colcon_distutils_commands:/home/robousr/Documents/Practicas_ROS2/ros2_ws/install/examples_rclpy_executors/lib/python3.10/site-packages:${PYTHONPATH} /usr/bin/python3 -W ignore:setup.py install is deprecated -W ignore:easy_install command is deprecated setup.py develop --uninstall --editable --build-directory /home/robousr/Documents/Practicas_ROS2/ros2_ws/build/examples_rclpy_executors/build
[2.474s] Invoking command in '/home/robousr/Documents/Practicas_ROS2/ros2_ws/src/examples/rclpy/executors': PYTHONPATH=/home/robousr/Documents/Practicas_ROS2/ros2_ws/build/examples_rclpy_executors/prefix_override:/usr/lib/python3/dist-packages/colcon_core/task/python/colcon_distutils_commands:/home/robousr/Documents/Practicas_ROS2/ros2_ws/install/examples_rclpy_executors/lib/python3.10/site-packages:${PYTHONPATH} /usr/bin/python3 -W ignore:setup.py install is deprecated -W ignore:easy_install command is deprecated setup.py egg_info --egg-base ../../../../build/examples_rclpy_executors build --build-base /home/robousr/Documents/Practicas_ROS2/ros2_ws/build/examples_rclpy_executors/build install --record /home/robousr/Documents/Practicas_ROS2/ros2_ws/build/examples_rclpy_executors/install.log --single-version-externally-managed install_data --force
[2.878s] running egg_info
[2.879s] writing ../../../../build/examples_rclpy_executors/examples_rclpy_executors.egg-info/PKG-INFO
[2.880s] writing dependency_links to ../../../../build/examples_rclpy_executors/examples_rclpy_executors.egg-info/dependency_links.txt
[2.880s] writing entry points to ../../../../build/examples_rclpy_executors/examples_rclpy_executors.egg-info/entry_points.txt
[2.881s] writing requirements to ../../../../build/examples_rclpy_executors/examples_rclpy_executors.egg-info/requires.txt
[2.882s] writing top-level names to ../../../../build/examples_rclpy_executors/examples_rclpy_executors.egg-info/top_level.txt
[2.886s] reading manifest file '../../../../build/examples_rclpy_executors/examples_rclpy_executors.egg-info/SOURCES.txt'
[2.887s] writing manifest file '../../../../build/examples_rclpy_executors/examples_rclpy_executors.egg-info/SOURCES.txt'
[2.888s] running build
[2.890s] running build_py
[2.890s] creating /home/robousr/Documents/Practicas_ROS2/ros2_ws/build/examples_rclpy_executors/build
[2.890s] creating /home/robousr/Documents/Practicas_ROS2/ros2_ws/build/examples_rclpy_executors/build/lib
[2.890s] creating /home/robousr/Documents/Practicas_ROS2/ros2_ws/build/examples_rclpy_executors/build/lib/examples_rclpy_executors
[2.891s] copying examples_rclpy_executors/callback_group.py -> /home/robousr/Documents/Practicas_ROS2/ros2_ws/build/examples_rclpy_executors/build/lib/examples_rclpy_executors
[2.891s] copying examples_rclpy_executors/custom_callback_group.py -> /home/robousr/Documents/Practicas_ROS2/ros2_ws/build/examples_rclpy_executors/build/lib/examples_rclpy_executors
[2.891s] copying examples_rclpy_executors/__init__.py -> /home/robousr/Documents/Practicas_ROS2/ros2_ws/build/examples_rclpy_executors/build/lib/examples_rclpy_executors
[2.892s] copying examples_rclpy_executors/custom_executor.py -> /home/robousr/Documents/Practicas_ROS2/ros2_ws/build/examples_rclpy_executors/build/lib/examples_rclpy_executors
[2.892s] copying examples_rclpy_executors/composed.py -> /home/robousr/Documents/Practicas_ROS2/ros2_ws/build/examples_rclpy_executors/build/lib/examples_rclpy_executors
[2.892s] copying examples_rclpy_executors/talker.py -> /home/robousr/Documents/Practicas_ROS2/ros2_ws/build/examples_rclpy_executors/build/lib/examples_rclpy_executors
[2.893s] copying examples_rclpy_executors/listener.py -> /home/robousr/Documents/Practicas_ROS2/ros2_ws/build/examples_rclpy_executors/build/lib/examples_rclpy_executors
[2.894s] running install
[2.894s] running install_lib
[2.895s] creating /home/robousr/Documents/Practicas_ROS2/ros2_ws/install/examples_rclpy_executors/lib/python3.10/site-packages/examples_rclpy_executors
[2.895s] copying /home/robousr/Documents/Practicas_ROS2/ros2_ws/build/examples_rclpy_executors/build/lib/examples_rclpy_executors/callback_group.py -> /home/robousr/Documents/Practicas_ROS2/ros2_ws/install/examples_rclpy_executors/lib/python3.10/site-packages/examples_rclpy_executors
[2.896s] copying /home/robousr/Documents/Practicas_ROS2/ros2_ws/build/examples_rclpy_executors/build/lib/examples_rclpy_executors/custom_callback_group.py -> /home/robousr/Documents/Practicas_ROS2/ros2_ws/install/examples_rclpy_executors/lib/python3.10/site-packages/examples_rclpy_executors
[2.896s] copying /home/robousr/Documents/Practicas_ROS2/ros2_ws/build/examples_rclpy_executors/build/lib/examples_rclpy_executors/__init__.py -> /home/robousr/Documents/Practicas_ROS2/ros2_ws/install/examples_rclpy_executors/lib/python3.10/site-packages/examples_rclpy_executors
[2.896s] copying /home/robousr/Documents/Practicas_ROS2/ros2_ws/build/examples_rclpy_executors/build/lib/examples_rclpy_executors/custom_executor.py -> /home/robousr/Documents/Practicas_ROS2/ros2_ws/install/examples_rclpy_executors/lib/python3.10/site-packages/examples_rclpy_executors
[2.896s] copying /home/robousr/Documents/Practicas_ROS2/ros2_ws/build/examples_rclpy_executors/build/lib/examples_rclpy_executors/composed.py -> /home/robousr/Documents/Practicas_ROS2/ros2_ws/install/examples_rclpy_executors/lib/python3.10/site-packages/examples_rclpy_executors
[2.897s] copying /home/robousr/Documents/Practicas_ROS2/ros2_ws/build/examples_rclpy_executors/build/lib/examples_rclpy_executors/talker.py -> /home/robousr/Documents/Practicas_ROS2/ros2_ws/install/examples_rclpy_executors/lib/python3.10/site-packages/examples_rclpy_executors
[2.897s] copying /home/robousr/Documents/Practicas_ROS2/ros2_ws/build/examples_rclpy_executors/build/lib/examples_rclpy_executors/listener.py -> /home/robousr/Documents/Practicas_ROS2/ros2_ws/install/examples_rclpy_executors/lib/python3.10/site-packages/examples_rclpy_executors
[2.898s] byte-compiling /home/robousr/Documents/Practicas_ROS2/ros2_ws/install/examples_rclpy_executors/lib/python3.10/site-packages/examples_rclpy_executors/callback_group.py to callback_group.cpython-310.pyc
[2.899s] byte-compiling /home/robousr/Documents/Practicas_ROS2/ros2_ws/install/examples_rclpy_executors/lib/python3.10/site-packages/examples_rclpy_executors/custom_callback_group.py to custom_callback_group.cpython-310.pyc
[2.900s] byte-compiling /home/robousr/Documents/Practicas_ROS2/ros2_ws/install/examples_rclpy_executors/lib/python3.10/site-packages/examples_rclpy_executors/__init__.py to __init__.cpython-310.pyc
[2.900s] byte-compiling /home/robousr/Documents/Practicas_ROS2/ros2_ws/install/examples_rclpy_executors/lib/python3.10/site-packages/examples_rclpy_executors/custom_executor.py to custom_executor.cpython-310.pyc
[2.901s] byte-compiling /home/robousr/Documents/Practicas_ROS2/ros2_ws/install/examples_rclpy_executors/lib/python3.10/site-packages/examples_rclpy_executors/composed.py to composed.cpython-310.pyc
[2.902s] byte-compiling /home/robousr/Documents/Practicas_ROS2/ros2_ws/install/examples_rclpy_executors/lib/python3.10/site-packages/examples_rclpy_executors/talker.py to talker.cpython-310.pyc
[2.902s] byte-compiling /home/robousr/Documents/Practicas_ROS2/ros2_ws/install/examples_rclpy_executors/lib/python3.10/site-packages/examples_rclpy_executors/listener.py to listener.cpython-310.pyc
[2.903s] running install_data
[2.903s] copying resource/examples_rclpy_executors -> /home/robousr/Documents/Practicas_ROS2/ros2_ws/install/examples_rclpy_executors/share/ament_index/resource_index/packages
[2.903s] copying package.xml -> /home/robousr/Documents/Practicas_ROS2/ros2_ws/install/examples_rclpy_executors/share/examples_rclpy_executors
[2.904s] running install_egg_info
[2.908s] Copying ../../../../build/examples_rclpy_executors/examples_rclpy_executors.egg-info to /home/robousr/Documents/Practicas_ROS2/ros2_ws/install/examples_rclpy_executors/lib/python3.10/site-packages/examples_rclpy_executors-0.15.3-py3.10.egg-info
[2.908s] running install_scripts
[2.933s] Installing callback_group script to /home/robousr/Documents/Practicas_ROS2/ros2_ws/install/examples_rclpy_executors/lib/examples_rclpy_executors
[2.934s] Installing composed script to /home/robousr/Documents/Practicas_ROS2/ros2_ws/install/examples_rclpy_executors/lib/examples_rclpy_executors
[2.935s] Installing custom_callback_group script to /home/robousr/Documents/Practicas_ROS2/ros2_ws/install/examples_rclpy_executors/lib/examples_rclpy_executors
[2.935s] Installing custom_executor script to /home/robousr/Documents/Practicas_ROS2/ros2_ws/install/examples_rclpy_executors/lib/examples_rclpy_executors
[2.936s] Installing listener script to /home/robousr/Documents/Practicas_ROS2/ros2_ws/install/examples_rclpy_executors/lib/examples_rclpy_executors
[2.937s] Installing talker script to /home/robousr/Documents/Practicas_ROS2/ros2_ws/install/examples_rclpy_executors/lib/examples_rclpy_executors
[2.938s] writing list of installed files to '/home/robousr/Documents/Practicas_ROS2/ros2_ws/build/examples_rclpy_executors/install.log'
[2.980s] Invoked command in '/home/robousr/Documents/Practicas_ROS2/ros2_ws/src/examples/rclpy/executors' returned '0': PYTHONPATH=/home/robousr/Documents/Practicas_ROS2/ros2_ws/build/examples_rclpy_executors/prefix_override:/usr/lib/python3/dist-packages/colcon_core/task/python/colcon_distutils_commands:/home/robousr/Documents/Practicas_ROS2/ros2_ws/install/examples_rclpy_executors/lib/python3.10/site-packages:${PYTHONPATH} /usr/bin/python3 -W ignore:setup.py install is deprecated -W ignore:easy_install command is deprecated setup.py egg_info --egg-base ../../../../build/examples_rclpy_executors build --build-base /home/robousr/Documents/Practicas_ROS2/ros2_ws/build/examples_rclpy_executors/build install --record /home/robousr/Documents/Practicas_ROS2/ros2_ws/build/examples_rclpy_executors/install.log --single-version-externally-managed install_data --force
