[0.027s] Invoking command in '/home/robousr/Documents/Practicas_ROS2/ros2_ws/build/examples_rclcpp_minimal_composition': CMAKE_PREFIX_PATH=${CMAKE_PREFIX_PATH}:/opt/ros/humble /usr/bin/cmake /home/robousr/Documents/Practicas_ROS2/ros2_ws/src/examples/rclcpp/composition/minimal_composition -DCMAKE_INSTALL_PREFIX=/home/robousr/Documents/Practicas_ROS2/ros2_ws/install/examples_rclcpp_minimal_composition
[0.057s] -- Found ament_cmake: 1.3.11 (/opt/ros/humble/share/ament_cmake/cmake)
[0.539s] -- Override CMake install command with custom implementation using symlinks instead of copying resources
[0.548s] -- Found rclcpp: 16.0.12 (/opt/ros/humble/share/rclcpp/cmake)
[0.590s] -- Found rosidl_generator_c: 3.1.6 (/opt/ros/humble/share/rosidl_generator_c/cmake)
[0.592s] -- Found rosidl_adapter: 3.1.6 (/opt/ros/humble/share/rosidl_adapter/cmake)
[0.599s] -- Found rosidl_generator_cpp: 3.1.6 (/opt/ros/humble/share/rosidl_generator_cpp/cmake)
[0.608s] -- Using all available rosidl_typesupport_c: rosidl_typesupport_fastrtps_c;rosidl_typesupport_introspection_c
[0.621s] -- Using all available rosidl_typesupport_cpp: rosidl_typesupport_fastrtps_cpp;rosidl_typesupport_introspection_cpp
[0.659s] -- Found rmw_implementation_cmake: 6.1.2 (/opt/ros/humble/share/rmw_implementation_cmake/cmake)
[0.659s] -- Found rmw_fastrtps_cpp: 6.2.7 (/opt/ros/humble/share/rmw_fastrtps_cpp/cmake)
[0.795s] -- Using RMW implementation 'rmw_fastrtps_cpp' as default
[0.857s] -- Found rclcpp_components: 16.0.12 (/opt/ros/humble/share/rclcpp_components/cmake)
[0.901s] -- Found ament_lint_auto: 0.12.12 (/opt/ros/humble/share/ament_lint_auto/cmake)
[1.096s] -- Added test 'copyright' to check source files copyright and LICENSE
[1.098s] -- Added test 'cppcheck' to perform static code analysis on C / C++ code
[1.098s] -- Configured cppcheck include dirs: /home/robousr/Documents/Practicas_ROS2/ros2_ws/src/examples/rclcpp/composition/minimal_composition/include
[1.098s] -- Configured cppcheck exclude dirs and/or files: 
[1.099s] -- Added test 'cpplint' to check C / C++ code against the Google style
[1.099s] -- Configured cpplint exclude dirs and/or files: 
[1.100s] -- Added test 'lint_cmake' to check CMake code style
[1.101s] -- Added test 'uncrustify' to check C / C++ code style
[1.101s] -- Configured uncrustify additional arguments: 
[1.102s] -- Added test 'xmllint' to check XML markup files
[1.105s] -- Configuring done
[1.141s] -- Generating done
[1.156s] -- Build files have been written to: /home/robousr/Documents/Practicas_ROS2/ros2_ws/build/examples_rclcpp_minimal_composition
[1.174s] Invoked command in '/home/robousr/Documents/Practicas_ROS2/ros2_ws/build/examples_rclcpp_minimal_composition' returned '0': CMAKE_PREFIX_PATH=${CMAKE_PREFIX_PATH}:/opt/ros/humble /usr/bin/cmake /home/robousr/Documents/Practicas_ROS2/ros2_ws/src/examples/rclcpp/composition/minimal_composition -DCMAKE_INSTALL_PREFIX=/home/robousr/Documents/Practicas_ROS2/ros2_ws/install/examples_rclcpp_minimal_composition
[1.175s] Invoking command in '/home/robousr/Documents/Practicas_ROS2/ros2_ws/build/examples_rclcpp_minimal_composition': CMAKE_PREFIX_PATH=${CMAKE_PREFIX_PATH}:/opt/ros/humble /usr/bin/cmake --build /home/robousr/Documents/Practicas_ROS2/ros2_ws/build/examples_rclcpp_minimal_composition -- -j2 -l2
[1.262s] [35m[1mConsolidate compiler generated dependencies of target composition_nodes[0m
[1.297s] [ 33%] Built target composition_nodes
[1.319s] [35m[1mConsolidate compiler generated dependencies of target composition_publisher[0m
[1.329s] [35m[1mConsolidate compiler generated dependencies of target composition_subscriber[0m
[1.375s] [ 55%] Built target composition_publisher
[1.382s] [ 77%] Built target composition_subscriber
[1.394s] [35m[1mConsolidate compiler generated dependencies of target composition_composed[0m
[1.423s] [100%] Built target composition_composed
[1.463s] Invoked command in '/home/robousr/Documents/Practicas_ROS2/ros2_ws/build/examples_rclcpp_minimal_composition' returned '0': CMAKE_PREFIX_PATH=${CMAKE_PREFIX_PATH}:/opt/ros/humble /usr/bin/cmake --build /home/robousr/Documents/Practicas_ROS2/ros2_ws/build/examples_rclcpp_minimal_composition -- -j2 -l2
[1.470s] Invoking command in '/home/robousr/Documents/Practicas_ROS2/ros2_ws/build/examples_rclcpp_minimal_composition': CMAKE_PREFIX_PATH=${CMAKE_PREFIX_PATH}:/opt/ros/humble /usr/bin/cmake --install /home/robousr/Documents/Practicas_ROS2/ros2_ws/build/examples_rclcpp_minimal_composition
[1.488s] -- Install configuration: ""
[1.489s] -- Execute custom install script
[1.489s] -- Up-to-date symlink: /home/robousr/Documents/Practicas_ROS2/ros2_ws/install/examples_rclcpp_minimal_composition/share/examples_rclcpp_minimal_composition/environment/library_path.sh
[1.491s] -- Up-to-date symlink: /home/robousr/Documents/Practicas_ROS2/ros2_ws/install/examples_rclcpp_minimal_composition/share/examples_rclcpp_minimal_composition/environment/library_path.dsv
[1.491s] -- Up-to-date symlink: /home/robousr/Documents/Practicas_ROS2/ros2_ws/install/examples_rclcpp_minimal_composition/lib/libcomposition_nodes.so
[1.492s] -- Up-to-date symlink: /home/robousr/Documents/Practicas_ROS2/ros2_ws/install/examples_rclcpp_minimal_composition/lib/examples_rclcpp_minimal_composition/composition_publisher
[1.493s] -- Up-to-date symlink: /home/robousr/Documents/Practicas_ROS2/ros2_ws/install/examples_rclcpp_minimal_composition/lib/examples_rclcpp_minimal_composition/composition_subscriber
[1.494s] -- Up-to-date symlink: /home/robousr/Documents/Practicas_ROS2/ros2_ws/install/examples_rclcpp_minimal_composition/lib/examples_rclcpp_minimal_composition/composition_composed
[1.495s] -- Up-to-date symlink: /home/robousr/Documents/Practicas_ROS2/ros2_ws/install/examples_rclcpp_minimal_composition/share/ament_index/resource_index/package_run_dependencies/examples_rclcpp_minimal_composition
[1.496s] -- Up-to-date symlink: /home/robousr/Documents/Practicas_ROS2/ros2_ws/install/examples_rclcpp_minimal_composition/share/ament_index/resource_index/parent_prefix_path/examples_rclcpp_minimal_composition
[1.497s] -- Up-to-date symlink: /home/robousr/Documents/Practicas_ROS2/ros2_ws/install/examples_rclcpp_minimal_composition/share/examples_rclcpp_minimal_composition/environment/ament_prefix_path.sh
[1.498s] -- Up-to-date symlink: /home/robousr/Documents/Practicas_ROS2/ros2_ws/install/examples_rclcpp_minimal_composition/share/examples_rclcpp_minimal_composition/environment/ament_prefix_path.dsv
[1.498s] -- Up-to-date symlink: /home/robousr/Documents/Practicas_ROS2/ros2_ws/install/examples_rclcpp_minimal_composition/share/examples_rclcpp_minimal_composition/environment/path.sh
[1.499s] -- Up-to-date symlink: /home/robousr/Documents/Practicas_ROS2/ros2_ws/install/examples_rclcpp_minimal_composition/share/examples_rclcpp_minimal_composition/environment/path.dsv
[1.500s] -- Up-to-date symlink: /home/robousr/Documents/Practicas_ROS2/ros2_ws/install/examples_rclcpp_minimal_composition/share/examples_rclcpp_minimal_composition/local_setup.bash
[1.501s] -- Up-to-date symlink: /home/robousr/Documents/Practicas_ROS2/ros2_ws/install/examples_rclcpp_minimal_composition/share/examples_rclcpp_minimal_composition/local_setup.sh
[1.502s] -- Up-to-date symlink: /home/robousr/Documents/Practicas_ROS2/ros2_ws/install/examples_rclcpp_minimal_composition/share/examples_rclcpp_minimal_composition/local_setup.zsh
[1.503s] -- Up-to-date symlink: /home/robousr/Documents/Practicas_ROS2/ros2_ws/install/examples_rclcpp_minimal_composition/share/examples_rclcpp_minimal_composition/local_setup.dsv
[1.504s] -- Symlinking: /home/robousr/Documents/Practicas_ROS2/ros2_ws/install/examples_rclcpp_minimal_composition/share/examples_rclcpp_minimal_composition/package.dsv
[1.520s] -- Up-to-date symlink: /home/robousr/Documents/Practicas_ROS2/ros2_ws/install/examples_rclcpp_minimal_composition/share/ament_index/resource_index/packages/examples_rclcpp_minimal_composition
[1.521s] -- Up-to-date symlink: /home/robousr/Documents/Practicas_ROS2/ros2_ws/install/examples_rclcpp_minimal_composition/share/examples_rclcpp_minimal_composition/cmake/examples_rclcpp_minimal_compositionConfig.cmake
[1.521s] -- Up-to-date symlink: /home/robousr/Documents/Practicas_ROS2/ros2_ws/install/examples_rclcpp_minimal_composition/share/examples_rclcpp_minimal_composition/cmake/examples_rclcpp_minimal_compositionConfig-version.cmake
[1.521s] -- Up-to-date symlink: /home/robousr/Documents/Practicas_ROS2/ros2_ws/install/examples_rclcpp_minimal_composition/share/examples_rclcpp_minimal_composition/package.xml
[1.523s] Invoked command in '/home/robousr/Documents/Practicas_ROS2/ros2_ws/build/examples_rclcpp_minimal_composition' returned '0': CMAKE_PREFIX_PATH=${CMAKE_PREFIX_PATH}:/opt/ros/humble /usr/bin/cmake --install /home/robousr/Documents/Practicas_ROS2/ros2_ws/build/examples_rclcpp_minimal_composition
