[0.784s] Invoking command in '/home/robousr/Documents/Practicas_ROS2/ros2_ws/build/examples_rclpy_guard_conditions': PYTHONPATH=/home/robousr/Documents/Practicas_ROS2/ros2_ws/build/examples_rclpy_guard_conditions/prefix_override:/usr/lib/python3/dist-packages/colcon_core/task/python/colcon_distutils_commands:/home/robousr/Documents/Practicas_ROS2/ros2_ws/install/examples_rclpy_guard_conditions/lib/python3.10/site-packages:${PYTHONPATH} /usr/bin/python3 -W ignore:setup.py install is deprecated -W ignore:easy_install command is deprecated setup.py develop --uninstall --editable --build-directory /home/robousr/Documents/Practicas_ROS2/ros2_ws/build/examples_rclpy_guard_conditions/build
[1.278s] running develop
[1.532s] Removing /home/robousr/Documents/Practicas_ROS2/ros2_ws/install/examples_rclpy_guard_conditions/lib/python3.10/site-packages/examples-rclpy-guard-conditions.egg-link (link to .)
[1.795s] Invoked command in '/home/robousr/Documents/Practicas_ROS2/ros2_ws/build/examples_rclpy_guard_conditions' returned '0': PYTHONPATH=/home/robousr/Documents/Practicas_ROS2/ros2_ws/build/examples_rclpy_guard_conditions/prefix_override:/usr/lib/python3/dist-packages/colcon_core/task/python/colcon_distutils_commands:/home/robousr/Documents/Practicas_ROS2/ros2_ws/install/examples_rclpy_guard_conditions/lib/python3.10/site-packages:${PYTHONPATH} /usr/bin/python3 -W ignore:setup.py install is deprecated -W ignore:easy_install command is deprecated setup.py develop --uninstall --editable --build-directory /home/robousr/Documents/Practicas_ROS2/ros2_ws/build/examples_rclpy_guard_conditions/build
[1.797s] Invoking command in '/home/robousr/Documents/Practicas_ROS2/ros2_ws/src/examples/rclpy/guard_conditions': PYTHONPATH=/home/robousr/Documents/Practicas_ROS2/ros2_ws/build/examples_rclpy_guard_conditions/prefix_override:/usr/lib/python3/dist-packages/colcon_core/task/python/colcon_distutils_commands:/home/robousr/Documents/Practicas_ROS2/ros2_ws/install/examples_rclpy_guard_conditions/lib/python3.10/site-packages:${PYTHONPATH} /usr/bin/python3 -W ignore:setup.py install is deprecated -W ignore:easy_install command is deprecated setup.py egg_info --egg-base ../../../../build/examples_rclpy_guard_conditions build --build-base /home/robousr/Documents/Practicas_ROS2/ros2_ws/build/examples_rclpy_guard_conditions/build install --record /home/robousr/Documents/Practicas_ROS2/ros2_ws/build/examples_rclpy_guard_conditions/install.log --single-version-externally-managed install_data --force
[2.105s] running egg_info
[2.105s] writing ../../../../build/examples_rclpy_guard_conditions/examples_rclpy_guard_conditions.egg-info/PKG-INFO
[2.105s] writing dependency_links to ../../../../build/examples_rclpy_guard_conditions/examples_rclpy_guard_conditions.egg-info/dependency_links.txt
[2.107s] writing entry points to ../../../../build/examples_rclpy_guard_conditions/examples_rclpy_guard_conditions.egg-info/entry_points.txt
[2.107s] writing requirements to ../../../../build/examples_rclpy_guard_conditions/examples_rclpy_guard_conditions.egg-info/requires.txt
[2.107s] writing top-level names to ../../../../build/examples_rclpy_guard_conditions/examples_rclpy_guard_conditions.egg-info/top_level.txt
[2.110s] reading manifest file '../../../../build/examples_rclpy_guard_conditions/examples_rclpy_guard_conditions.egg-info/SOURCES.txt'
[2.110s] writing manifest file '../../../../build/examples_rclpy_guard_conditions/examples_rclpy_guard_conditions.egg-info/SOURCES.txt'
[2.110s] running build
[2.110s] running build_py
[2.112s] creating /home/robousr/Documents/Practicas_ROS2/ros2_ws/build/examples_rclpy_guard_conditions/build
[2.112s] creating /home/robousr/Documents/Practicas_ROS2/ros2_ws/build/examples_rclpy_guard_conditions/build/lib
[2.112s] creating /home/robousr/Documents/Practicas_ROS2/ros2_ws/build/examples_rclpy_guard_conditions/build/lib/examples_rclpy_guard_conditions
[2.112s] copying examples_rclpy_guard_conditions/__init__.py -> /home/robousr/Documents/Practicas_ROS2/ros2_ws/build/examples_rclpy_guard_conditions/build/lib/examples_rclpy_guard_conditions
[2.112s] copying examples_rclpy_guard_conditions/trigger_guard_condition.py -> /home/robousr/Documents/Practicas_ROS2/ros2_ws/build/examples_rclpy_guard_conditions/build/lib/examples_rclpy_guard_conditions
[2.113s] running install
[2.113s] running install_lib
[2.114s] creating /home/robousr/Documents/Practicas_ROS2/ros2_ws/install/examples_rclpy_guard_conditions/lib/python3.10/site-packages/examples_rclpy_guard_conditions
[2.114s] copying /home/robousr/Documents/Practicas_ROS2/ros2_ws/build/examples_rclpy_guard_conditions/build/lib/examples_rclpy_guard_conditions/__init__.py -> /home/robousr/Documents/Practicas_ROS2/ros2_ws/install/examples_rclpy_guard_conditions/lib/python3.10/site-packages/examples_rclpy_guard_conditions
[2.115s] copying /home/robousr/Documents/Practicas_ROS2/ros2_ws/build/examples_rclpy_guard_conditions/build/lib/examples_rclpy_guard_conditions/trigger_guard_condition.py -> /home/robousr/Documents/Practicas_ROS2/ros2_ws/install/examples_rclpy_guard_conditions/lib/python3.10/site-packages/examples_rclpy_guard_conditions
[2.115s] byte-compiling /home/robousr/Documents/Practicas_ROS2/ros2_ws/install/examples_rclpy_guard_conditions/lib/python3.10/site-packages/examples_rclpy_guard_conditions/__init__.py to __init__.cpython-310.pyc
[2.115s] byte-compiling /home/robousr/Documents/Practicas_ROS2/ros2_ws/install/examples_rclpy_guard_conditions/lib/python3.10/site-packages/examples_rclpy_guard_conditions/trigger_guard_condition.py to trigger_guard_condition.cpython-310.pyc
[2.118s] running install_data
[2.118s] copying resource/examples_rclpy_guard_conditions -> /home/robousr/Documents/Practicas_ROS2/ros2_ws/install/examples_rclpy_guard_conditions/share/ament_index/resource_index/packages
[2.118s] copying package.xml -> /home/robousr/Documents/Practicas_ROS2/ros2_ws/install/examples_rclpy_guard_conditions/share/examples_rclpy_guard_conditions
[2.118s] running install_egg_info
[2.119s] Copying ../../../../build/examples_rclpy_guard_conditions/examples_rclpy_guard_conditions.egg-info to /home/robousr/Documents/Practicas_ROS2/ros2_ws/install/examples_rclpy_guard_conditions/lib/python3.10/site-packages/examples_rclpy_guard_conditions-0.15.3-py3.10.egg-info
[2.120s] running install_scripts
[2.149s] Installing trigger_guard_condition script to /home/robousr/Documents/Practicas_ROS2/ros2_ws/install/examples_rclpy_guard_conditions/lib/examples_rclpy_guard_conditions
[2.150s] writing list of installed files to '/home/robousr/Documents/Practicas_ROS2/ros2_ws/build/examples_rclpy_guard_conditions/install.log'
[2.185s] Invoked command in '/home/robousr/Documents/Practicas_ROS2/ros2_ws/src/examples/rclpy/guard_conditions' returned '0': PYTHONPATH=/home/robousr/Documents/Practicas_ROS2/ros2_ws/build/examples_rclpy_guard_conditions/prefix_override:/usr/lib/python3/dist-packages/colcon_core/task/python/colcon_distutils_commands:/home/robousr/Documents/Practicas_ROS2/ros2_ws/install/examples_rclpy_guard_conditions/lib/python3.10/site-packages:${PYTHONPATH} /usr/bin/python3 -W ignore:setup.py install is deprecated -W ignore:easy_install command is deprecated setup.py egg_info --egg-base ../../../../build/examples_rclpy_guard_conditions build --build-base /home/robousr/Documents/Practicas_ROS2/ros2_ws/build/examples_rclpy_guard_conditions/build install --record /home/robousr/Documents/Practicas_ROS2/ros2_ws/build/examples_rclpy_guard_conditions/install.log --single-version-externally-managed install_data --force
