[1.202s] Invoking command in '/home/robousr/Documents/Practicas_ROS2/ros2_ws/build/examples_rclpy_guard_conditions': PYTHONPATH=/home/robousr/Documents/Practicas_ROS2/ros2_ws/build/examples_rclpy_guard_conditions/prefix_override:/usr/lib/python3/dist-packages/colcon_core/task/python/colcon_distutils_commands:/home/robousr/Documents/Practicas_ROS2/ros2_ws/install/examples_rclpy_guard_conditions/lib/python3.10/site-packages:${PYTHONPATH} /usr/bin/python3 -W ignore:setup.py install is deprecated -W ignore:easy_install command is deprecated setup.py develop --editable --build-directory /home/robousr/Documents/Practicas_ROS2/ros2_ws/build/examples_rclpy_guard_conditions/build --no-deps symlink_data
[1.652s] running develop
[1.897s] running egg_info
[1.897s] creating examples_rclpy_guard_conditions.egg-info
[1.897s] writing examples_rclpy_guard_conditions.egg-info/PKG-INFO
[1.897s] writing dependency_links to examples_rclpy_guard_conditions.egg-info/dependency_links.txt
[1.897s] writing entry points to examples_rclpy_guard_conditions.egg-info/entry_points.txt
[1.897s] writing requirements to examples_rclpy_guard_conditions.egg-info/requires.txt
[1.897s] writing top-level names to examples_rclpy_guard_conditions.egg-info/top_level.txt
[1.900s] writing manifest file 'examples_rclpy_guard_conditions.egg-info/SOURCES.txt'
[1.903s] reading manifest file 'examples_rclpy_guard_conditions.egg-info/SOURCES.txt'
[1.904s] writing manifest file 'examples_rclpy_guard_conditions.egg-info/SOURCES.txt'
[1.907s] running build_ext
[1.907s] Creating /home/robousr/Documents/Practicas_ROS2/ros2_ws/install/examples_rclpy_guard_conditions/lib/python3.10/site-packages/examples-rclpy-guard-conditions.egg-link (link to .)
[1.910s] Installing trigger_guard_condition script to /home/robousr/Documents/Practicas_ROS2/ros2_ws/install/examples_rclpy_guard_conditions/lib/examples_rclpy_guard_conditions
[1.911s] 
[1.911s] Installed /home/robousr/Documents/Practicas_ROS2/ros2_ws/build/examples_rclpy_guard_conditions
[1.912s] running symlink_data
[1.912s] creating /home/robousr/Documents/Practicas_ROS2/ros2_ws/install/examples_rclpy_guard_conditions/share/ament_index
[1.913s] creating /home/robousr/Documents/Practicas_ROS2/ros2_ws/install/examples_rclpy_guard_conditions/share/ament_index/resource_index
[1.913s] creating /home/robousr/Documents/Practicas_ROS2/ros2_ws/install/examples_rclpy_guard_conditions/share/ament_index/resource_index/packages
[1.913s] symbolically linking /home/robousr/Documents/Practicas_ROS2/ros2_ws/build/examples_rclpy_guard_conditions/resource/examples_rclpy_guard_conditions -> /home/robousr/Documents/Practicas_ROS2/ros2_ws/install/examples_rclpy_guard_conditions/share/ament_index/resource_index/packages
[1.914s] symbolically linking /home/robousr/Documents/Practicas_ROS2/ros2_ws/build/examples_rclpy_guard_conditions/package.xml -> /home/robousr/Documents/Practicas_ROS2/ros2_ws/install/examples_rclpy_guard_conditions/share/examples_rclpy_guard_conditions
[1.978s] Invoked command in '/home/robousr/Documents/Practicas_ROS2/ros2_ws/build/examples_rclpy_guard_conditions' returned '0': PYTHONPATH=/home/robousr/Documents/Practicas_ROS2/ros2_ws/build/examples_rclpy_guard_conditions/prefix_override:/usr/lib/python3/dist-packages/colcon_core/task/python/colcon_distutils_commands:/home/robousr/Documents/Practicas_ROS2/ros2_ws/install/examples_rclpy_guard_conditions/lib/python3.10/site-packages:${PYTHONPATH} /usr/bin/python3 -W ignore:setup.py install is deprecated -W ignore:easy_install command is deprecated setup.py develop --editable --build-directory /home/robousr/Documents/Practicas_ROS2/ros2_ws/build/examples_rclpy_guard_conditions/build --no-deps symlink_data
