[1.712s] Invoking command in '/home/robousr/Documents/Practicas_ROS2/ros2_ws/build/examples_rclpy_minimal_action_server': PYTHONPATH=/home/robousr/Documents/Practicas_ROS2/ros2_ws/build/examples_rclpy_minimal_action_server/prefix_override:/usr/lib/python3/dist-packages/colcon_core/task/python/colcon_distutils_commands:/home/robousr/Documents/Practicas_ROS2/ros2_ws/install/examples_rclpy_minimal_action_server/lib/python3.10/site-packages:${PYTHONPATH} /usr/bin/python3 -W ignore:setup.py install is deprecated -W ignore:easy_install command is deprecated setup.py develop --editable --build-directory /home/robousr/Documents/Practicas_ROS2/ros2_ws/build/examples_rclpy_minimal_action_server/build --no-deps symlink_data
[2.250s] running develop
[2.505s] running egg_info
[2.505s] creating examples_rclpy_minimal_action_server.egg-info
[2.506s] writing examples_rclpy_minimal_action_server.egg-info/PKG-INFO
[2.508s] writing dependency_links to examples_rclpy_minimal_action_server.egg-info/dependency_links.txt
[2.508s] writing entry points to examples_rclpy_minimal_action_server.egg-info/entry_points.txt
[2.508s] writing requirements to examples_rclpy_minimal_action_server.egg-info/requires.txt
[2.508s] writing top-level names to examples_rclpy_minimal_action_server.egg-info/top_level.txt
[2.509s] writing manifest file 'examples_rclpy_minimal_action_server.egg-info/SOURCES.txt'
[2.514s] reading manifest file 'examples_rclpy_minimal_action_server.egg-info/SOURCES.txt'
[2.515s] writing manifest file 'examples_rclpy_minimal_action_server.egg-info/SOURCES.txt'
[2.518s] running build_ext
[2.518s] Creating /home/robousr/Documents/Practicas_ROS2/ros2_ws/install/examples_rclpy_minimal_action_server/lib/python3.10/site-packages/examples-rclpy-minimal-action-server.egg-link (link to .)
[2.518s] Installing server script to /home/robousr/Documents/Practicas_ROS2/ros2_ws/install/examples_rclpy_minimal_action_server/lib/examples_rclpy_minimal_action_server
[2.518s] Installing server_defer script to /home/robousr/Documents/Practicas_ROS2/ros2_ws/install/examples_rclpy_minimal_action_server/lib/examples_rclpy_minimal_action_server
[2.518s] Installing server_not_composable script to /home/robousr/Documents/Practicas_ROS2/ros2_ws/install/examples_rclpy_minimal_action_server/lib/examples_rclpy_minimal_action_server
[2.518s] Installing server_queue_goals script to /home/robousr/Documents/Practicas_ROS2/ros2_ws/install/examples_rclpy_minimal_action_server/lib/examples_rclpy_minimal_action_server
[2.518s] Installing server_single_goal script to /home/robousr/Documents/Practicas_ROS2/ros2_ws/install/examples_rclpy_minimal_action_server/lib/examples_rclpy_minimal_action_server
[2.518s] 
[2.518s] Installed /home/robousr/Documents/Practicas_ROS2/ros2_ws/build/examples_rclpy_minimal_action_server
[2.518s] running symlink_data
[2.518s] creating /home/robousr/Documents/Practicas_ROS2/ros2_ws/install/examples_rclpy_minimal_action_server/share/ament_index
[2.518s] creating /home/robousr/Documents/Practicas_ROS2/ros2_ws/install/examples_rclpy_minimal_action_server/share/ament_index/resource_index
[2.519s] creating /home/robousr/Documents/Practicas_ROS2/ros2_ws/install/examples_rclpy_minimal_action_server/share/ament_index/resource_index/packages
[2.519s] symbolically linking /home/robousr/Documents/Practicas_ROS2/ros2_ws/build/examples_rclpy_minimal_action_server/resource/examples_rclpy_minimal_action_server -> /home/robousr/Documents/Practicas_ROS2/ros2_ws/install/examples_rclpy_minimal_action_server/share/ament_index/resource_index/packages
[2.519s] symbolically linking /home/robousr/Documents/Practicas_ROS2/ros2_ws/build/examples_rclpy_minimal_action_server/package.xml -> /home/robousr/Documents/Practicas_ROS2/ros2_ws/install/examples_rclpy_minimal_action_server/share/examples_rclpy_minimal_action_server
[2.584s] Invoked command in '/home/robousr/Documents/Practicas_ROS2/ros2_ws/build/examples_rclpy_minimal_action_server' returned '0': PYTHONPATH=/home/robousr/Documents/Practicas_ROS2/ros2_ws/build/examples_rclpy_minimal_action_server/prefix_override:/usr/lib/python3/dist-packages/colcon_core/task/python/colcon_distutils_commands:/home/robousr/Documents/Practicas_ROS2/ros2_ws/install/examples_rclpy_minimal_action_server/lib/python3.10/site-packages:${PYTHONPATH} /usr/bin/python3 -W ignore:setup.py install is deprecated -W ignore:easy_install command is deprecated setup.py develop --editable --build-directory /home/robousr/Documents/Practicas_ROS2/ros2_ws/build/examples_rclpy_minimal_action_server/build --no-deps symlink_data
