[0.022s] Invoking command in '/home/robousr/Documents/Practicas_ROS2/ros2_ws/build/examples_rclcpp_minimal_action_server': CMAKE_PREFIX_PATH=/opt/ros/humble /usr/bin/cmake /home/robousr/Documents/Practicas_ROS2/ros2_ws/src/examples/rclcpp/actions/minimal_action_server -DAMENT_CMAKE_SYMLINK_INSTALL=1 -DCMAKE_INSTALL_PREFIX=/home/robousr/Documents/Practicas_ROS2/ros2_ws/install/examples_rclcpp_minimal_action_server
[0.214s] -- The C compiler identification is GNU 11.4.0
[0.379s] -- The CXX compiler identification is GNU 11.4.0
[0.406s] -- Detecting C compiler ABI info
[0.611s] -- Detecting C compiler ABI info - done
[0.632s] -- Check for working C compiler: /usr/bin/cc - skipped
[0.634s] -- Detecting C compile features
[0.636s] -- Detecting C compile features - done
[0.642s] -- Detecting CXX compiler ABI info
[0.905s] -- Detecting CXX compiler ABI info - done
[0.927s] -- Check for working CXX compiler: /usr/bin/c++ - skipped
[0.928s] -- Detecting CXX compile features
[0.930s] -- Detecting CXX compile features - done
[0.935s] -- Found ament_cmake: 1.3.11 (/opt/ros/humble/share/ament_cmake/cmake)
[2.294s] -- Found Python3: /home/robousr/.pyenv/shims/python3 (found version "3.10.12") found components: Interpreter 
[2.577s] -- Override CMake install command with custom implementation using symlinks instead of copying resources
[2.637s] -- Found example_interfaces: 0.9.3 (/opt/ros/humble/share/example_interfaces/cmake)
[2.723s] -- Found rosidl_generator_c: 3.1.6 (/opt/ros/humble/share/rosidl_generator_c/cmake)
[2.737s] -- Found rosidl_adapter: 3.1.6 (/opt/ros/humble/share/rosidl_adapter/cmake)
[2.754s] -- Found rosidl_generator_cpp: 3.1.6 (/opt/ros/humble/share/rosidl_generator_cpp/cmake)
[2.781s] -- Using all available rosidl_typesupport_c: rosidl_typesupport_fastrtps_c;rosidl_typesupport_introspection_c
[2.822s] -- Using all available rosidl_typesupport_cpp: rosidl_typesupport_fastrtps_cpp;rosidl_typesupport_introspection_cpp
[2.937s] -- Found rclcpp: 16.0.12 (/opt/ros/humble/share/rclcpp/cmake)
[3.021s] -- Found rmw_implementation_cmake: 6.1.2 (/opt/ros/humble/share/rmw_implementation_cmake/cmake)
[3.025s] -- Found rmw_fastrtps_cpp: 6.2.7 (/opt/ros/humble/share/rmw_fastrtps_cpp/cmake)
[3.307s] -- Found OpenSSL: /usr/lib/x86_64-linux-gnu/libcrypto.so (found version "3.0.2")  
[3.387s] -- Found FastRTPS: /opt/ros/humble/include  
[3.537s] -- Using RMW implementation 'rmw_fastrtps_cpp' as default
[3.562s] -- Looking for pthread.h
[3.799s] -- Looking for pthread.h - found
[3.801s] -- Performing Test CMAKE_HAVE_LIBC_PTHREAD
[4.058s] -- Performing Test CMAKE_HAVE_LIBC_PTHREAD - Success
[4.064s] -- Found Threads: TRUE  
[4.201s] -- Found rclcpp_action: 16.0.12 (/opt/ros/humble/share/rclcpp_action/cmake)
[4.255s] -- Found ament_lint_auto: 0.12.12 (/opt/ros/humble/share/ament_lint_auto/cmake)
[4.606s] -- Added test 'copyright' to check source files copyright and LICENSE
[4.608s] -- Added test 'cppcheck' to perform static code analysis on C / C++ code
[4.609s] -- Configured cppcheck include dirs: 
[4.609s] -- Configured cppcheck exclude dirs and/or files: 
[4.613s] -- Added test 'cpplint' to check C / C++ code against the Google style
[4.613s] -- Configured cpplint exclude dirs and/or files: 
[4.613s] -- Added test 'lint_cmake' to check CMake code style
[4.616s] -- Added test 'uncrustify' to check C / C++ code style
[4.617s] -- Configured uncrustify additional arguments: 
[4.620s] -- Added test 'xmllint' to check XML markup files
[4.622s] -- Configuring done
[4.679s] -- Generating done
[4.696s] -- Build files have been written to: /home/robousr/Documents/Practicas_ROS2/ros2_ws/build/examples_rclcpp_minimal_action_server
[4.718s] Invoked command in '/home/robousr/Documents/Practicas_ROS2/ros2_ws/build/examples_rclcpp_minimal_action_server' returned '0': CMAKE_PREFIX_PATH=/opt/ros/humble /usr/bin/cmake /home/robousr/Documents/Practicas_ROS2/ros2_ws/src/examples/rclcpp/actions/minimal_action_server -DAMENT_CMAKE_SYMLINK_INSTALL=1 -DCMAKE_INSTALL_PREFIX=/home/robousr/Documents/Practicas_ROS2/ros2_ws/install/examples_rclcpp_minimal_action_server
[4.726s] Invoking command in '/home/robousr/Documents/Practicas_ROS2/ros2_ws/build/examples_rclcpp_minimal_action_server': CMAKE_PREFIX_PATH=/opt/ros/humble /usr/bin/cmake --build /home/robousr/Documents/Practicas_ROS2/ros2_ws/build/examples_rclcpp_minimal_action_server -- -j2 -l2
[4.900s] [ 25%] [32mBuilding CXX object CMakeFiles/action_server_member_functions.dir/member_functions.cpp.o[0m
[15.622s] [ 50%] [32m[1mLinking CXX executable action_server_member_functions[0m
[16.146s] [ 50%] Built target action_server_member_functions
[16.294s] [ 75%] [32mBuilding CXX object CMakeFiles/action_server_not_composable.dir/not_composable.cpp.o[0m
[26.561s] [100%] [32m[1mLinking CXX executable action_server_not_composable[0m
[26.959s] [100%] Built target action_server_not_composable
[26.993s] Invoked command in '/home/robousr/Documents/Practicas_ROS2/ros2_ws/build/examples_rclcpp_minimal_action_server' returned '0': CMAKE_PREFIX_PATH=/opt/ros/humble /usr/bin/cmake --build /home/robousr/Documents/Practicas_ROS2/ros2_ws/build/examples_rclcpp_minimal_action_server -- -j2 -l2
[26.997s] Invoking command in '/home/robousr/Documents/Practicas_ROS2/ros2_ws/build/examples_rclcpp_minimal_action_server': CMAKE_PREFIX_PATH=/opt/ros/humble /usr/bin/cmake --install /home/robousr/Documents/Practicas_ROS2/ros2_ws/build/examples_rclcpp_minimal_action_server
[27.026s] -- Install configuration: ""
[27.028s] -- Execute custom install script
[27.030s] -- Symlinking: /home/robousr/Documents/Practicas_ROS2/ros2_ws/install/examples_rclcpp_minimal_action_server/lib/examples_rclcpp_minimal_action_server/action_server_not_composable
[27.062s] -- Symlinking: /home/robousr/Documents/Practicas_ROS2/ros2_ws/install/examples_rclcpp_minimal_action_server/lib/examples_rclcpp_minimal_action_server/action_server_member_functions
[27.090s] -- Symlinking: /home/robousr/Documents/Practicas_ROS2/ros2_ws/install/examples_rclcpp_minimal_action_server/share/ament_index/resource_index/package_run_dependencies/examples_rclcpp_minimal_action_server
[27.128s] -- Symlinking: /home/robousr/Documents/Practicas_ROS2/ros2_ws/install/examples_rclcpp_minimal_action_server/share/ament_index/resource_index/parent_prefix_path/examples_rclcpp_minimal_action_server
[27.166s] -- Symlinking: /home/robousr/Documents/Practicas_ROS2/ros2_ws/install/examples_rclcpp_minimal_action_server/share/examples_rclcpp_minimal_action_server/environment/ament_prefix_path.sh
[27.190s] -- Symlinking: /home/robousr/Documents/Practicas_ROS2/ros2_ws/install/examples_rclcpp_minimal_action_server/share/examples_rclcpp_minimal_action_server/environment/ament_prefix_path.dsv
[27.217s] -- Symlinking: /home/robousr/Documents/Practicas_ROS2/ros2_ws/install/examples_rclcpp_minimal_action_server/share/examples_rclcpp_minimal_action_server/environment/path.sh
[27.251s] -- Symlinking: /home/robousr/Documents/Practicas_ROS2/ros2_ws/install/examples_rclcpp_minimal_action_server/share/examples_rclcpp_minimal_action_server/environment/path.dsv
[27.276s] -- Symlinking: /home/robousr/Documents/Practicas_ROS2/ros2_ws/install/examples_rclcpp_minimal_action_server/share/examples_rclcpp_minimal_action_server/local_setup.bash
[27.302s] -- Symlinking: /home/robousr/Documents/Practicas_ROS2/ros2_ws/install/examples_rclcpp_minimal_action_server/share/examples_rclcpp_minimal_action_server/local_setup.sh
[27.334s] -- Symlinking: /home/robousr/Documents/Practicas_ROS2/ros2_ws/install/examples_rclcpp_minimal_action_server/share/examples_rclcpp_minimal_action_server/local_setup.zsh
[27.370s] -- Symlinking: /home/robousr/Documents/Practicas_ROS2/ros2_ws/install/examples_rclcpp_minimal_action_server/share/examples_rclcpp_minimal_action_server/local_setup.dsv
[27.398s] -- Symlinking: /home/robousr/Documents/Practicas_ROS2/ros2_ws/install/examples_rclcpp_minimal_action_server/share/examples_rclcpp_minimal_action_server/package.dsv
[27.439s] -- Symlinking: /home/robousr/Documents/Practicas_ROS2/ros2_ws/install/examples_rclcpp_minimal_action_server/share/ament_index/resource_index/packages/examples_rclcpp_minimal_action_server
[27.466s] -- Symlinking: /home/robousr/Documents/Practicas_ROS2/ros2_ws/install/examples_rclcpp_minimal_action_server/share/examples_rclcpp_minimal_action_server/cmake/examples_rclcpp_minimal_action_serverConfig.cmake
[27.489s] -- Symlinking: /home/robousr/Documents/Practicas_ROS2/ros2_ws/install/examples_rclcpp_minimal_action_server/share/examples_rclcpp_minimal_action_server/cmake/examples_rclcpp_minimal_action_serverConfig-version.cmake
[27.520s] -- Symlinking: /home/robousr/Documents/Practicas_ROS2/ros2_ws/install/examples_rclcpp_minimal_action_server/share/examples_rclcpp_minimal_action_server/package.xml
[27.562s] Invoked command in '/home/robousr/Documents/Practicas_ROS2/ros2_ws/build/examples_rclcpp_minimal_action_server' returned '0': CMAKE_PREFIX_PATH=/opt/ros/humble /usr/bin/cmake --install /home/robousr/Documents/Practicas_ROS2/ros2_ws/build/examples_rclcpp_minimal_action_server
